Simulator report for expand_task
Sun Jan 08 11:10:55 2023
Quartus II 64-Bit Version 13.0.1 Build 232 06/12/2013 Service Pack 1 SJ Web Edition


---------------------
; Table of Contents ;
---------------------
  1. Legal Notice
  2. Simulator Summary
  3. Simulator Settings
  4. Simulation Waveforms
  5. Coverage Summary
  6. Complete 1/0-Value Coverage
  7. Missing 1-Value Coverage
  8. Missing 0-Value Coverage
  9. Simulator INI Usage
 10. Simulator Messages



----------------
; Legal Notice ;
----------------
Copyright (C) 1991-2013 Altera Corporation
Your use of Altera Corporation's design tools, logic functions 
and other software and tools, and its AMPP partner logic 
functions, and any output files from any of the foregoing 
(including device programming or simulation files), and any 
associated documentation or information are expressly subject 
to the terms and conditions of the Altera Program License 
Subscription Agreement, Altera MegaCore Function License 
Agreement, or other applicable license agreement, including, 
without limitation, that your use is for the sole purpose of 
programming logic devices manufactured by Altera and sold by 
Altera or its authorized distributors.  Please refer to the 
applicable agreement for further details.



+--------------------------------------------+
; Simulator Summary                          ;
+-----------------------------+--------------+
; Type                        ; Value        ;
+-----------------------------+--------------+
; Simulation Start Time       ; 0 ps         ;
; Simulation End Time         ; 1.0 us       ;
; Simulation Netlist Size     ; 345 nodes    ;
; Simulation Coverage         ;      68.99 % ;
; Total Number of Transitions ; 5153         ;
; Simulation Breakpoints      ; 0            ;
; Family                      ; Cyclone III  ;
+-----------------------------+--------------+


+-------------------------------------------------------------------------------------------------------------------------------------------------------------+
; Simulator Settings                                                                                                                                          ;
+--------------------------------------------------------------------------------------------+------------------------------------------------+---------------+
; Option                                                                                     ; Setting                                        ; Default Value ;
+--------------------------------------------------------------------------------------------+------------------------------------------------+---------------+
; Simulation mode                                                                            ; Functional                                     ; Timing        ;
; Start time                                                                                 ; 0 ns                                           ; 0 ns          ;
; Simulation results format                                                                  ; VWF                                            ;               ;
; Vector input source                                                                        ; C:/altera/Experiment4/expand_task/Waveform.vwf ;               ;
; Add pins automatically to simulation output waveforms                                      ; On                                             ; On            ;
; Check outputs                                                                              ; Off                                            ; Off           ;
; Report simulation coverage                                                                 ; On                                             ; On            ;
; Display complete 1/0 value coverage report                                                 ; On                                             ; On            ;
; Display missing 1-value coverage report                                                    ; On                                             ; On            ;
; Display missing 0-value coverage report                                                    ; On                                             ; On            ;
; Detect setup and hold time violations                                                      ; Off                                            ; Off           ;
; Detect glitches                                                                            ; Off                                            ; Off           ;
; Disable timing delays in Timing Simulation                                                 ; Off                                            ; Off           ;
; Generate Signal Activity File                                                              ; Off                                            ; Off           ;
; Generate VCD File for PowerPlay Power Analyzer                                             ; Off                                            ; Off           ;
; Group bus channels in simulation results                                                   ; Off                                            ; Off           ;
; Preserve fewer signal transitions to reduce memory requirements                            ; On                                             ; On            ;
; Trigger vector comparison with the specified mode                                          ; INPUT_EDGE                                     ; INPUT_EDGE    ;
; Disable setup and hold time violations detection in input registers of bi-directional pins ; Off                                            ; Off           ;
; Overwrite Waveform Inputs With Simulation Outputs                                          ; Off                                            ;               ;
; Perform Glitch Filtering in Timing Simulation                                              ; Auto                                           ; Auto          ;
; Interconnect Delay Model Type                                                              ; Transport                                      ; Transport     ;
; Cell Delay Model Type                                                                      ; Transport                                      ; Transport     ;
+--------------------------------------------------------------------------------------------+------------------------------------------------+---------------+


+----------------------+
; Simulation Waveforms ;
+----------------------+
Waveform report data cannot be output to ASCII.
Please use Quartus II 64-Bit to view the waveform report data.


+--------------------------------------------------------------------+
; Coverage Summary                                                   ;
+-----------------------------------------------------+--------------+
; Type                                                ; Value        ;
+-----------------------------------------------------+--------------+
; Total coverage as a percentage                      ;      68.99 % ;
; Total nodes checked                                 ; 345          ;
; Total output ports checked                          ; 345          ;
; Total output ports with complete 1/0-value coverage ; 238          ;
; Total output ports with no 1/0-value coverage       ; 98           ;
; Total output ports with no 1-value coverage         ; 98           ;
; Total output ports with no 0-value coverage         ; 107          ;
+-----------------------------------------------------+--------------+


The following table displays output ports that toggle between 1 and 0 during simulation.
+--------------------------------------------------------------------------------------------------------------------------------------------------------------------------------------+
; Complete 1/0-Value Coverage                                                                                                                                                          ;
+---------------------------------------------------------------------------------+---------------------------------------------------------------------------------+------------------+
; Node Name                                                                       ; Output Port Name                                                                ; Output Port Type ;
+---------------------------------------------------------------------------------+---------------------------------------------------------------------------------+------------------+
; |expand_task|clk                                                                ; |expand_task|clk                                                                ; out              ;
; |expand_task|z                                                                  ; |expand_task|z                                                                  ; pin_out          ;
; |expand_task|c_state[0]                                                         ; |expand_task|c_state[0]                                                         ; pin_out          ;
; |expand_task|c_state[1]                                                         ; |expand_task|c_state[1]                                                         ; pin_out          ;
; |expand_task|c_state[2]                                                         ; |expand_task|c_state[2]                                                         ; pin_out          ;
; |expand_task|n_state[0]                                                         ; |expand_task|n_state[0]                                                         ; pin_out          ;
; |expand_task|n_state[1]                                                         ; |expand_task|n_state[1]                                                         ; pin_out          ;
; |expand_task|n_state[2]                                                         ; |expand_task|n_state[2]                                                         ; pin_out          ;
; |expand_task|seqdet:comb_5|c_state[2]                                           ; |expand_task|seqdet:comb_5|c_state[2]                                           ; regout           ;
; |expand_task|seqdet:comb_5|c_state[1]                                           ; |expand_task|seqdet:comb_5|c_state[1]                                           ; regout           ;
; |expand_task|seqdet:comb_5|c_state[0]                                           ; |expand_task|seqdet:comb_5|c_state[0]                                           ; regout           ;
; |expand_task|seqdet:comb_5|n_state[2]                                           ; |expand_task|seqdet:comb_5|n_state[2]                                           ; out              ;
; |expand_task|seqdet:comb_5|c_state~0                                            ; |expand_task|seqdet:comb_5|c_state~0                                            ; out              ;
; |expand_task|seqdet:comb_5|c_state~1                                            ; |expand_task|seqdet:comb_5|c_state~1                                            ; out              ;
; |expand_task|seqdet:comb_5|c_state~2                                            ; |expand_task|seqdet:comb_5|c_state~2                                            ; out              ;
; |expand_task|seqdet:comb_5|z                                                    ; |expand_task|seqdet:comb_5|z                                                    ; regout           ;
; |expand_task|data_generate:comb_4|dout~0                                        ; |expand_task|data_generate:comb_4|dout~0                                        ; out              ;
; |expand_task|data_generate:comb_4|data~0                                        ; |expand_task|data_generate:comb_4|data~0                                        ; out              ;
; |expand_task|data_generate:comb_4|data~1                                        ; |expand_task|data_generate:comb_4|data~1                                        ; out              ;
; |expand_task|data_generate:comb_4|data~2                                        ; |expand_task|data_generate:comb_4|data~2                                        ; out              ;
; |expand_task|data_generate:comb_4|data~3                                        ; |expand_task|data_generate:comb_4|data~3                                        ; out              ;
; |expand_task|data_generate:comb_4|data~4                                        ; |expand_task|data_generate:comb_4|data~4                                        ; out              ;
; |expand_task|data_generate:comb_4|data~5                                        ; |expand_task|data_generate:comb_4|data~5                                        ; out              ;
; |expand_task|data_generate:comb_4|data~6                                        ; |expand_task|data_generate:comb_4|data~6                                        ; out              ;
; |expand_task|data_generate:comb_4|data~7                                        ; |expand_task|data_generate:comb_4|data~7                                        ; out              ;
; |expand_task|data_generate:comb_4|data[0]                                       ; |expand_task|data_generate:comb_4|data[0]                                       ; regout           ;
; |expand_task|data_generate:comb_4|data[1]                                       ; |expand_task|data_generate:comb_4|data[1]                                       ; regout           ;
; |expand_task|data_generate:comb_4|data[2]                                       ; |expand_task|data_generate:comb_4|data[2]                                       ; regout           ;
; |expand_task|data_generate:comb_4|data[3]                                       ; |expand_task|data_generate:comb_4|data[3]                                       ; regout           ;
; |expand_task|data_generate:comb_4|data[4]                                       ; |expand_task|data_generate:comb_4|data[4]                                       ; regout           ;
; |expand_task|data_generate:comb_4|data[5]                                       ; |expand_task|data_generate:comb_4|data[5]                                       ; regout           ;
; |expand_task|data_generate:comb_4|data[6]                                       ; |expand_task|data_generate:comb_4|data[6]                                       ; regout           ;
; |expand_task|data_generate:comb_4|data[7]                                       ; |expand_task|data_generate:comb_4|data[7]                                       ; regout           ;
; |expand_task|data_generate:comb_4|dout                                          ; |expand_task|data_generate:comb_4|dout                                          ; regout           ;
; |expand_task|frequency_divider:comb_3|clk_1hz~1                                 ; |expand_task|frequency_divider:comb_3|clk_1hz~1                                 ; out              ;
; |expand_task|frequency_divider:comb_3|clk_1hz                                   ; |expand_task|frequency_divider:comb_3|clk_1hz                                   ; regout           ;
; |expand_task|seqdet:comb_5|Decoder0~0                                           ; |expand_task|seqdet:comb_5|Decoder0~0                                           ; out0             ;
; |expand_task|seqdet:comb_5|Equal0~0                                             ; |expand_task|seqdet:comb_5|Equal0~0                                             ; out0             ;
; |expand_task|seqdet:comb_5|lpm_mux:Mux1|mux_src:auto_generated|_~1              ; |expand_task|seqdet:comb_5|lpm_mux:Mux1|mux_src:auto_generated|_~1              ; out0             ;
; |expand_task|seqdet:comb_5|lpm_mux:Mux1|mux_src:auto_generated|_~3              ; |expand_task|seqdet:comb_5|lpm_mux:Mux1|mux_src:auto_generated|_~3              ; out0             ;
; |expand_task|seqdet:comb_5|lpm_mux:Mux1|mux_src:auto_generated|_~5              ; |expand_task|seqdet:comb_5|lpm_mux:Mux1|mux_src:auto_generated|_~5              ; out0             ;
; |expand_task|seqdet:comb_5|lpm_mux:Mux1|mux_src:auto_generated|_~6              ; |expand_task|seqdet:comb_5|lpm_mux:Mux1|mux_src:auto_generated|_~6              ; out0             ;
; |expand_task|seqdet:comb_5|lpm_mux:Mux1|mux_src:auto_generated|_~7              ; |expand_task|seqdet:comb_5|lpm_mux:Mux1|mux_src:auto_generated|_~7              ; out0             ;
; |expand_task|seqdet:comb_5|lpm_mux:Mux1|mux_src:auto_generated|_~8              ; |expand_task|seqdet:comb_5|lpm_mux:Mux1|mux_src:auto_generated|_~8              ; out0             ;
; |expand_task|seqdet:comb_5|lpm_mux:Mux1|mux_src:auto_generated|_~10             ; |expand_task|seqdet:comb_5|lpm_mux:Mux1|mux_src:auto_generated|_~10             ; out0             ;
; |expand_task|seqdet:comb_5|lpm_mux:Mux1|mux_src:auto_generated|_~12             ; |expand_task|seqdet:comb_5|lpm_mux:Mux1|mux_src:auto_generated|_~12             ; out0             ;
; |expand_task|seqdet:comb_5|lpm_mux:Mux1|mux_src:auto_generated|_~14             ; |expand_task|seqdet:comb_5|lpm_mux:Mux1|mux_src:auto_generated|_~14             ; out0             ;
; |expand_task|seqdet:comb_5|lpm_mux:Mux1|mux_src:auto_generated|_~15             ; |expand_task|seqdet:comb_5|lpm_mux:Mux1|mux_src:auto_generated|_~15             ; out0             ;
; |expand_task|seqdet:comb_5|lpm_mux:Mux1|mux_src:auto_generated|_~16             ; |expand_task|seqdet:comb_5|lpm_mux:Mux1|mux_src:auto_generated|_~16             ; out0             ;
; |expand_task|seqdet:comb_5|lpm_mux:Mux1|mux_src:auto_generated|_~17             ; |expand_task|seqdet:comb_5|lpm_mux:Mux1|mux_src:auto_generated|_~17             ; out0             ;
; |expand_task|seqdet:comb_5|lpm_mux:Mux1|mux_src:auto_generated|_~18             ; |expand_task|seqdet:comb_5|lpm_mux:Mux1|mux_src:auto_generated|_~18             ; out0             ;
; |expand_task|seqdet:comb_5|lpm_mux:Mux1|mux_src:auto_generated|_~23             ; |expand_task|seqdet:comb_5|lpm_mux:Mux1|mux_src:auto_generated|_~23             ; out0             ;
; |expand_task|seqdet:comb_5|lpm_mux:Mux1|mux_src:auto_generated|_~25             ; |expand_task|seqdet:comb_5|lpm_mux:Mux1|mux_src:auto_generated|_~25             ; out0             ;
; |expand_task|seqdet:comb_5|lpm_mux:Mux1|mux_src:auto_generated|_~27             ; |expand_task|seqdet:comb_5|lpm_mux:Mux1|mux_src:auto_generated|_~27             ; out0             ;
; |expand_task|seqdet:comb_5|lpm_mux:Mux1|mux_src:auto_generated|_~28             ; |expand_task|seqdet:comb_5|lpm_mux:Mux1|mux_src:auto_generated|_~28             ; out0             ;
; |expand_task|seqdet:comb_5|lpm_mux:Mux1|mux_src:auto_generated|_~29             ; |expand_task|seqdet:comb_5|lpm_mux:Mux1|mux_src:auto_generated|_~29             ; out0             ;
; |expand_task|seqdet:comb_5|lpm_mux:Mux1|mux_src:auto_generated|_~30             ; |expand_task|seqdet:comb_5|lpm_mux:Mux1|mux_src:auto_generated|_~30             ; out0             ;
; |expand_task|seqdet:comb_5|lpm_mux:Mux1|mux_src:auto_generated|_~32             ; |expand_task|seqdet:comb_5|lpm_mux:Mux1|mux_src:auto_generated|_~32             ; out0             ;
; |expand_task|seqdet:comb_5|lpm_mux:Mux1|mux_src:auto_generated|_~34             ; |expand_task|seqdet:comb_5|lpm_mux:Mux1|mux_src:auto_generated|_~34             ; out0             ;
; |expand_task|seqdet:comb_5|lpm_mux:Mux1|mux_src:auto_generated|_~36             ; |expand_task|seqdet:comb_5|lpm_mux:Mux1|mux_src:auto_generated|_~36             ; out0             ;
; |expand_task|seqdet:comb_5|lpm_mux:Mux1|mux_src:auto_generated|_~37             ; |expand_task|seqdet:comb_5|lpm_mux:Mux1|mux_src:auto_generated|_~37             ; out0             ;
; |expand_task|seqdet:comb_5|lpm_mux:Mux1|mux_src:auto_generated|_~38             ; |expand_task|seqdet:comb_5|lpm_mux:Mux1|mux_src:auto_generated|_~38             ; out0             ;
; |expand_task|seqdet:comb_5|lpm_mux:Mux1|mux_src:auto_generated|_~39             ; |expand_task|seqdet:comb_5|lpm_mux:Mux1|mux_src:auto_generated|_~39             ; out0             ;
; |expand_task|seqdet:comb_5|lpm_mux:Mux1|mux_src:auto_generated|_~40             ; |expand_task|seqdet:comb_5|lpm_mux:Mux1|mux_src:auto_generated|_~40             ; out0             ;
; |expand_task|seqdet:comb_5|lpm_mux:Mux1|mux_src:auto_generated|_~45             ; |expand_task|seqdet:comb_5|lpm_mux:Mux1|mux_src:auto_generated|_~45             ; out0             ;
; |expand_task|seqdet:comb_5|lpm_mux:Mux1|mux_src:auto_generated|_~48             ; |expand_task|seqdet:comb_5|lpm_mux:Mux1|mux_src:auto_generated|_~48             ; out0             ;
; |expand_task|seqdet:comb_5|lpm_mux:Mux1|mux_src:auto_generated|_~49             ; |expand_task|seqdet:comb_5|lpm_mux:Mux1|mux_src:auto_generated|_~49             ; out0             ;
; |expand_task|seqdet:comb_5|lpm_mux:Mux1|mux_src:auto_generated|_~50             ; |expand_task|seqdet:comb_5|lpm_mux:Mux1|mux_src:auto_generated|_~50             ; out0             ;
; |expand_task|seqdet:comb_5|lpm_mux:Mux1|mux_src:auto_generated|_~51             ; |expand_task|seqdet:comb_5|lpm_mux:Mux1|mux_src:auto_generated|_~51             ; out0             ;
; |expand_task|seqdet:comb_5|lpm_mux:Mux1|mux_src:auto_generated|_~53             ; |expand_task|seqdet:comb_5|lpm_mux:Mux1|mux_src:auto_generated|_~53             ; out0             ;
; |expand_task|seqdet:comb_5|lpm_mux:Mux1|mux_src:auto_generated|_~54             ; |expand_task|seqdet:comb_5|lpm_mux:Mux1|mux_src:auto_generated|_~54             ; out0             ;
; |expand_task|seqdet:comb_5|lpm_mux:Mux1|mux_src:auto_generated|_~55             ; |expand_task|seqdet:comb_5|lpm_mux:Mux1|mux_src:auto_generated|_~55             ; out0             ;
; |expand_task|seqdet:comb_5|lpm_mux:Mux1|mux_src:auto_generated|_~57             ; |expand_task|seqdet:comb_5|lpm_mux:Mux1|mux_src:auto_generated|_~57             ; out0             ;
; |expand_task|seqdet:comb_5|lpm_mux:Mux1|mux_src:auto_generated|_~58             ; |expand_task|seqdet:comb_5|lpm_mux:Mux1|mux_src:auto_generated|_~58             ; out0             ;
; |expand_task|seqdet:comb_5|lpm_mux:Mux1|mux_src:auto_generated|_~59             ; |expand_task|seqdet:comb_5|lpm_mux:Mux1|mux_src:auto_generated|_~59             ; out0             ;
; |expand_task|seqdet:comb_5|lpm_mux:Mux1|mux_src:auto_generated|_~60             ; |expand_task|seqdet:comb_5|lpm_mux:Mux1|mux_src:auto_generated|_~60             ; out0             ;
; |expand_task|seqdet:comb_5|lpm_mux:Mux1|mux_src:auto_generated|_~62             ; |expand_task|seqdet:comb_5|lpm_mux:Mux1|mux_src:auto_generated|_~62             ; out0             ;
; |expand_task|seqdet:comb_5|lpm_mux:Mux1|mux_src:auto_generated|_~63             ; |expand_task|seqdet:comb_5|lpm_mux:Mux1|mux_src:auto_generated|_~63             ; out0             ;
; |expand_task|seqdet:comb_5|lpm_mux:Mux1|mux_src:auto_generated|_~64             ; |expand_task|seqdet:comb_5|lpm_mux:Mux1|mux_src:auto_generated|_~64             ; out0             ;
; |expand_task|seqdet:comb_5|lpm_mux:Mux1|mux_src:auto_generated|_~65             ; |expand_task|seqdet:comb_5|lpm_mux:Mux1|mux_src:auto_generated|_~65             ; out0             ;
; |expand_task|seqdet:comb_5|lpm_mux:Mux1|mux_src:auto_generated|_~66             ; |expand_task|seqdet:comb_5|lpm_mux:Mux1|mux_src:auto_generated|_~66             ; out0             ;
; |expand_task|seqdet:comb_5|lpm_mux:Mux1|mux_src:auto_generated|_~67             ; |expand_task|seqdet:comb_5|lpm_mux:Mux1|mux_src:auto_generated|_~67             ; out0             ;
; |expand_task|seqdet:comb_5|lpm_mux:Mux1|mux_src:auto_generated|_~68             ; |expand_task|seqdet:comb_5|lpm_mux:Mux1|mux_src:auto_generated|_~68             ; out0             ;
; |expand_task|seqdet:comb_5|lpm_mux:Mux1|mux_src:auto_generated|_~69             ; |expand_task|seqdet:comb_5|lpm_mux:Mux1|mux_src:auto_generated|_~69             ; out0             ;
; |expand_task|seqdet:comb_5|lpm_mux:Mux1|mux_src:auto_generated|_~70             ; |expand_task|seqdet:comb_5|lpm_mux:Mux1|mux_src:auto_generated|_~70             ; out0             ;
; |expand_task|seqdet:comb_5|lpm_mux:Mux1|mux_src:auto_generated|_~71             ; |expand_task|seqdet:comb_5|lpm_mux:Mux1|mux_src:auto_generated|_~71             ; out0             ;
; |expand_task|seqdet:comb_5|lpm_mux:Mux1|mux_src:auto_generated|_~73             ; |expand_task|seqdet:comb_5|lpm_mux:Mux1|mux_src:auto_generated|_~73             ; out0             ;
; |expand_task|seqdet:comb_5|lpm_mux:Mux1|mux_src:auto_generated|_~75             ; |expand_task|seqdet:comb_5|lpm_mux:Mux1|mux_src:auto_generated|_~75             ; out0             ;
; |expand_task|seqdet:comb_5|lpm_mux:Mux1|mux_src:auto_generated|_~77             ; |expand_task|seqdet:comb_5|lpm_mux:Mux1|mux_src:auto_generated|_~77             ; out0             ;
; |expand_task|seqdet:comb_5|lpm_mux:Mux1|mux_src:auto_generated|_~78             ; |expand_task|seqdet:comb_5|lpm_mux:Mux1|mux_src:auto_generated|_~78             ; out0             ;
; |expand_task|seqdet:comb_5|lpm_mux:Mux1|mux_src:auto_generated|_~79             ; |expand_task|seqdet:comb_5|lpm_mux:Mux1|mux_src:auto_generated|_~79             ; out0             ;
; |expand_task|seqdet:comb_5|lpm_mux:Mux1|mux_src:auto_generated|_~80             ; |expand_task|seqdet:comb_5|lpm_mux:Mux1|mux_src:auto_generated|_~80             ; out0             ;
; |expand_task|seqdet:comb_5|lpm_mux:Mux1|mux_src:auto_generated|_~82             ; |expand_task|seqdet:comb_5|lpm_mux:Mux1|mux_src:auto_generated|_~82             ; out0             ;
; |expand_task|seqdet:comb_5|lpm_mux:Mux1|mux_src:auto_generated|_~84             ; |expand_task|seqdet:comb_5|lpm_mux:Mux1|mux_src:auto_generated|_~84             ; out0             ;
; |expand_task|seqdet:comb_5|lpm_mux:Mux1|mux_src:auto_generated|_~86             ; |expand_task|seqdet:comb_5|lpm_mux:Mux1|mux_src:auto_generated|_~86             ; out0             ;
; |expand_task|seqdet:comb_5|lpm_mux:Mux1|mux_src:auto_generated|_~87             ; |expand_task|seqdet:comb_5|lpm_mux:Mux1|mux_src:auto_generated|_~87             ; out0             ;
; |expand_task|seqdet:comb_5|lpm_mux:Mux1|mux_src:auto_generated|_~88             ; |expand_task|seqdet:comb_5|lpm_mux:Mux1|mux_src:auto_generated|_~88             ; out0             ;
; |expand_task|seqdet:comb_5|lpm_mux:Mux1|mux_src:auto_generated|_~89             ; |expand_task|seqdet:comb_5|lpm_mux:Mux1|mux_src:auto_generated|_~89             ; out0             ;
; |expand_task|seqdet:comb_5|lpm_mux:Mux1|mux_src:auto_generated|_~90             ; |expand_task|seqdet:comb_5|lpm_mux:Mux1|mux_src:auto_generated|_~90             ; out0             ;
; |expand_task|seqdet:comb_5|lpm_mux:Mux1|mux_src:auto_generated|_~95             ; |expand_task|seqdet:comb_5|lpm_mux:Mux1|mux_src:auto_generated|_~95             ; out0             ;
; |expand_task|seqdet:comb_5|lpm_mux:Mux1|mux_src:auto_generated|_~98             ; |expand_task|seqdet:comb_5|lpm_mux:Mux1|mux_src:auto_generated|_~98             ; out0             ;
; |expand_task|seqdet:comb_5|lpm_mux:Mux1|mux_src:auto_generated|_~99             ; |expand_task|seqdet:comb_5|lpm_mux:Mux1|mux_src:auto_generated|_~99             ; out0             ;
; |expand_task|seqdet:comb_5|lpm_mux:Mux1|mux_src:auto_generated|_~100            ; |expand_task|seqdet:comb_5|lpm_mux:Mux1|mux_src:auto_generated|_~100            ; out0             ;
; |expand_task|seqdet:comb_5|lpm_mux:Mux1|mux_src:auto_generated|_~101            ; |expand_task|seqdet:comb_5|lpm_mux:Mux1|mux_src:auto_generated|_~101            ; out0             ;
; |expand_task|seqdet:comb_5|lpm_mux:Mux1|mux_src:auto_generated|_~103            ; |expand_task|seqdet:comb_5|lpm_mux:Mux1|mux_src:auto_generated|_~103            ; out0             ;
; |expand_task|seqdet:comb_5|lpm_mux:Mux1|mux_src:auto_generated|_~104            ; |expand_task|seqdet:comb_5|lpm_mux:Mux1|mux_src:auto_generated|_~104            ; out0             ;
; |expand_task|seqdet:comb_5|lpm_mux:Mux1|mux_src:auto_generated|_~105            ; |expand_task|seqdet:comb_5|lpm_mux:Mux1|mux_src:auto_generated|_~105            ; out0             ;
; |expand_task|seqdet:comb_5|lpm_mux:Mux1|mux_src:auto_generated|_~107            ; |expand_task|seqdet:comb_5|lpm_mux:Mux1|mux_src:auto_generated|_~107            ; out0             ;
; |expand_task|seqdet:comb_5|lpm_mux:Mux1|mux_src:auto_generated|_~108            ; |expand_task|seqdet:comb_5|lpm_mux:Mux1|mux_src:auto_generated|_~108            ; out0             ;
; |expand_task|seqdet:comb_5|lpm_mux:Mux1|mux_src:auto_generated|_~109            ; |expand_task|seqdet:comb_5|lpm_mux:Mux1|mux_src:auto_generated|_~109            ; out0             ;
; |expand_task|seqdet:comb_5|lpm_mux:Mux1|mux_src:auto_generated|_~110            ; |expand_task|seqdet:comb_5|lpm_mux:Mux1|mux_src:auto_generated|_~110            ; out0             ;
; |expand_task|seqdet:comb_5|lpm_mux:Mux1|mux_src:auto_generated|_~112            ; |expand_task|seqdet:comb_5|lpm_mux:Mux1|mux_src:auto_generated|_~112            ; out0             ;
; |expand_task|seqdet:comb_5|lpm_mux:Mux1|mux_src:auto_generated|_~113            ; |expand_task|seqdet:comb_5|lpm_mux:Mux1|mux_src:auto_generated|_~113            ; out0             ;
; |expand_task|seqdet:comb_5|lpm_mux:Mux1|mux_src:auto_generated|_~114            ; |expand_task|seqdet:comb_5|lpm_mux:Mux1|mux_src:auto_generated|_~114            ; out0             ;
; |expand_task|seqdet:comb_5|lpm_mux:Mux1|mux_src:auto_generated|_~115            ; |expand_task|seqdet:comb_5|lpm_mux:Mux1|mux_src:auto_generated|_~115            ; out0             ;
; |expand_task|seqdet:comb_5|lpm_mux:Mux1|mux_src:auto_generated|_~116            ; |expand_task|seqdet:comb_5|lpm_mux:Mux1|mux_src:auto_generated|_~116            ; out0             ;
; |expand_task|seqdet:comb_5|lpm_mux:Mux1|mux_src:auto_generated|_~117            ; |expand_task|seqdet:comb_5|lpm_mux:Mux1|mux_src:auto_generated|_~117            ; out0             ;
; |expand_task|seqdet:comb_5|lpm_mux:Mux1|mux_src:auto_generated|_~118            ; |expand_task|seqdet:comb_5|lpm_mux:Mux1|mux_src:auto_generated|_~118            ; out0             ;
; |expand_task|seqdet:comb_5|lpm_mux:Mux1|mux_src:auto_generated|_~119            ; |expand_task|seqdet:comb_5|lpm_mux:Mux1|mux_src:auto_generated|_~119            ; out0             ;
; |expand_task|seqdet:comb_5|lpm_mux:Mux1|mux_src:auto_generated|_~120            ; |expand_task|seqdet:comb_5|lpm_mux:Mux1|mux_src:auto_generated|_~120            ; out0             ;
; |expand_task|seqdet:comb_5|lpm_mux:Mux1|mux_src:auto_generated|_~122            ; |expand_task|seqdet:comb_5|lpm_mux:Mux1|mux_src:auto_generated|_~122            ; out0             ;
; |expand_task|seqdet:comb_5|lpm_mux:Mux1|mux_src:auto_generated|_~123            ; |expand_task|seqdet:comb_5|lpm_mux:Mux1|mux_src:auto_generated|_~123            ; out0             ;
; |expand_task|seqdet:comb_5|lpm_mux:Mux1|mux_src:auto_generated|_~124            ; |expand_task|seqdet:comb_5|lpm_mux:Mux1|mux_src:auto_generated|_~124            ; out0             ;
; |expand_task|seqdet:comb_5|lpm_mux:Mux1|mux_src:auto_generated|_~125            ; |expand_task|seqdet:comb_5|lpm_mux:Mux1|mux_src:auto_generated|_~125            ; out0             ;
; |expand_task|seqdet:comb_5|lpm_mux:Mux1|mux_src:auto_generated|_~126            ; |expand_task|seqdet:comb_5|lpm_mux:Mux1|mux_src:auto_generated|_~126            ; out0             ;
; |expand_task|seqdet:comb_5|lpm_mux:Mux1|mux_src:auto_generated|_~127            ; |expand_task|seqdet:comb_5|lpm_mux:Mux1|mux_src:auto_generated|_~127            ; out0             ;
; |expand_task|seqdet:comb_5|lpm_mux:Mux1|mux_src:auto_generated|_~128            ; |expand_task|seqdet:comb_5|lpm_mux:Mux1|mux_src:auto_generated|_~128            ; out0             ;
; |expand_task|seqdet:comb_5|lpm_mux:Mux1|mux_src:auto_generated|_~129            ; |expand_task|seqdet:comb_5|lpm_mux:Mux1|mux_src:auto_generated|_~129            ; out0             ;
; |expand_task|seqdet:comb_5|lpm_mux:Mux1|mux_src:auto_generated|_~131            ; |expand_task|seqdet:comb_5|lpm_mux:Mux1|mux_src:auto_generated|_~131            ; out0             ;
; |expand_task|seqdet:comb_5|lpm_mux:Mux1|mux_src:auto_generated|_~132            ; |expand_task|seqdet:comb_5|lpm_mux:Mux1|mux_src:auto_generated|_~132            ; out0             ;
; |expand_task|seqdet:comb_5|lpm_mux:Mux1|mux_src:auto_generated|_~133            ; |expand_task|seqdet:comb_5|lpm_mux:Mux1|mux_src:auto_generated|_~133            ; out0             ;
; |expand_task|seqdet:comb_5|lpm_mux:Mux1|mux_src:auto_generated|_~134            ; |expand_task|seqdet:comb_5|lpm_mux:Mux1|mux_src:auto_generated|_~134            ; out0             ;
; |expand_task|seqdet:comb_5|lpm_mux:Mux1|mux_src:auto_generated|_~135            ; |expand_task|seqdet:comb_5|lpm_mux:Mux1|mux_src:auto_generated|_~135            ; out0             ;
; |expand_task|seqdet:comb_5|lpm_mux:Mux1|mux_src:auto_generated|_~136            ; |expand_task|seqdet:comb_5|lpm_mux:Mux1|mux_src:auto_generated|_~136            ; out0             ;
; |expand_task|seqdet:comb_5|lpm_mux:Mux1|mux_src:auto_generated|_~137            ; |expand_task|seqdet:comb_5|lpm_mux:Mux1|mux_src:auto_generated|_~137            ; out0             ;
; |expand_task|seqdet:comb_5|lpm_mux:Mux1|mux_src:auto_generated|_~138            ; |expand_task|seqdet:comb_5|lpm_mux:Mux1|mux_src:auto_generated|_~138            ; out0             ;
; |expand_task|seqdet:comb_5|lpm_mux:Mux1|mux_src:auto_generated|_~139            ; |expand_task|seqdet:comb_5|lpm_mux:Mux1|mux_src:auto_generated|_~139            ; out0             ;
; |expand_task|seqdet:comb_5|lpm_mux:Mux1|mux_src:auto_generated|_~140            ; |expand_task|seqdet:comb_5|lpm_mux:Mux1|mux_src:auto_generated|_~140            ; out0             ;
; |expand_task|seqdet:comb_5|lpm_mux:Mux1|mux_src:auto_generated|_~141            ; |expand_task|seqdet:comb_5|lpm_mux:Mux1|mux_src:auto_generated|_~141            ; out0             ;
; |expand_task|seqdet:comb_5|lpm_mux:Mux1|mux_src:auto_generated|_~142            ; |expand_task|seqdet:comb_5|lpm_mux:Mux1|mux_src:auto_generated|_~142            ; out0             ;
; |expand_task|seqdet:comb_5|lpm_mux:Mux1|mux_src:auto_generated|_~143            ; |expand_task|seqdet:comb_5|lpm_mux:Mux1|mux_src:auto_generated|_~143            ; out0             ;
; |expand_task|seqdet:comb_5|lpm_mux:Mux1|mux_src:auto_generated|result_node[0]~1 ; |expand_task|seqdet:comb_5|lpm_mux:Mux1|mux_src:auto_generated|result_node[0]~1 ; out0             ;
; |expand_task|seqdet:comb_5|lpm_mux:Mux1|mux_src:auto_generated|result_node[0]   ; |expand_task|seqdet:comb_5|lpm_mux:Mux1|mux_src:auto_generated|result_node[0]   ; out0             ;
; |expand_task|seqdet:comb_5|lpm_mux:Mux0|mux_src:auto_generated|_~1              ; |expand_task|seqdet:comb_5|lpm_mux:Mux0|mux_src:auto_generated|_~1              ; out0             ;
; |expand_task|seqdet:comb_5|lpm_mux:Mux0|mux_src:auto_generated|_~3              ; |expand_task|seqdet:comb_5|lpm_mux:Mux0|mux_src:auto_generated|_~3              ; out0             ;
; |expand_task|seqdet:comb_5|lpm_mux:Mux0|mux_src:auto_generated|_~5              ; |expand_task|seqdet:comb_5|lpm_mux:Mux0|mux_src:auto_generated|_~5              ; out0             ;
; |expand_task|seqdet:comb_5|lpm_mux:Mux0|mux_src:auto_generated|_~6              ; |expand_task|seqdet:comb_5|lpm_mux:Mux0|mux_src:auto_generated|_~6              ; out0             ;
; |expand_task|seqdet:comb_5|lpm_mux:Mux0|mux_src:auto_generated|_~7              ; |expand_task|seqdet:comb_5|lpm_mux:Mux0|mux_src:auto_generated|_~7              ; out0             ;
; |expand_task|seqdet:comb_5|lpm_mux:Mux0|mux_src:auto_generated|_~8              ; |expand_task|seqdet:comb_5|lpm_mux:Mux0|mux_src:auto_generated|_~8              ; out0             ;
; |expand_task|seqdet:comb_5|lpm_mux:Mux0|mux_src:auto_generated|_~10             ; |expand_task|seqdet:comb_5|lpm_mux:Mux0|mux_src:auto_generated|_~10             ; out0             ;
; |expand_task|seqdet:comb_5|lpm_mux:Mux0|mux_src:auto_generated|_~12             ; |expand_task|seqdet:comb_5|lpm_mux:Mux0|mux_src:auto_generated|_~12             ; out0             ;
; |expand_task|seqdet:comb_5|lpm_mux:Mux0|mux_src:auto_generated|_~14             ; |expand_task|seqdet:comb_5|lpm_mux:Mux0|mux_src:auto_generated|_~14             ; out0             ;
; |expand_task|seqdet:comb_5|lpm_mux:Mux0|mux_src:auto_generated|_~15             ; |expand_task|seqdet:comb_5|lpm_mux:Mux0|mux_src:auto_generated|_~15             ; out0             ;
; |expand_task|seqdet:comb_5|lpm_mux:Mux0|mux_src:auto_generated|_~16             ; |expand_task|seqdet:comb_5|lpm_mux:Mux0|mux_src:auto_generated|_~16             ; out0             ;
; |expand_task|seqdet:comb_5|lpm_mux:Mux0|mux_src:auto_generated|_~17             ; |expand_task|seqdet:comb_5|lpm_mux:Mux0|mux_src:auto_generated|_~17             ; out0             ;
; |expand_task|seqdet:comb_5|lpm_mux:Mux0|mux_src:auto_generated|_~18             ; |expand_task|seqdet:comb_5|lpm_mux:Mux0|mux_src:auto_generated|_~18             ; out0             ;
; |expand_task|seqdet:comb_5|lpm_mux:Mux0|mux_src:auto_generated|_~23             ; |expand_task|seqdet:comb_5|lpm_mux:Mux0|mux_src:auto_generated|_~23             ; out0             ;
; |expand_task|seqdet:comb_5|lpm_mux:Mux0|mux_src:auto_generated|_~25             ; |expand_task|seqdet:comb_5|lpm_mux:Mux0|mux_src:auto_generated|_~25             ; out0             ;
; |expand_task|seqdet:comb_5|lpm_mux:Mux0|mux_src:auto_generated|_~27             ; |expand_task|seqdet:comb_5|lpm_mux:Mux0|mux_src:auto_generated|_~27             ; out0             ;
; |expand_task|seqdet:comb_5|lpm_mux:Mux0|mux_src:auto_generated|_~28             ; |expand_task|seqdet:comb_5|lpm_mux:Mux0|mux_src:auto_generated|_~28             ; out0             ;
; |expand_task|seqdet:comb_5|lpm_mux:Mux0|mux_src:auto_generated|_~29             ; |expand_task|seqdet:comb_5|lpm_mux:Mux0|mux_src:auto_generated|_~29             ; out0             ;
; |expand_task|seqdet:comb_5|lpm_mux:Mux0|mux_src:auto_generated|_~30             ; |expand_task|seqdet:comb_5|lpm_mux:Mux0|mux_src:auto_generated|_~30             ; out0             ;
; |expand_task|seqdet:comb_5|lpm_mux:Mux0|mux_src:auto_generated|_~32             ; |expand_task|seqdet:comb_5|lpm_mux:Mux0|mux_src:auto_generated|_~32             ; out0             ;
; |expand_task|seqdet:comb_5|lpm_mux:Mux0|mux_src:auto_generated|_~34             ; |expand_task|seqdet:comb_5|lpm_mux:Mux0|mux_src:auto_generated|_~34             ; out0             ;
; |expand_task|seqdet:comb_5|lpm_mux:Mux0|mux_src:auto_generated|_~36             ; |expand_task|seqdet:comb_5|lpm_mux:Mux0|mux_src:auto_generated|_~36             ; out0             ;
; |expand_task|seqdet:comb_5|lpm_mux:Mux0|mux_src:auto_generated|_~37             ; |expand_task|seqdet:comb_5|lpm_mux:Mux0|mux_src:auto_generated|_~37             ; out0             ;
; |expand_task|seqdet:comb_5|lpm_mux:Mux0|mux_src:auto_generated|_~38             ; |expand_task|seqdet:comb_5|lpm_mux:Mux0|mux_src:auto_generated|_~38             ; out0             ;
; |expand_task|seqdet:comb_5|lpm_mux:Mux0|mux_src:auto_generated|_~39             ; |expand_task|seqdet:comb_5|lpm_mux:Mux0|mux_src:auto_generated|_~39             ; out0             ;
; |expand_task|seqdet:comb_5|lpm_mux:Mux0|mux_src:auto_generated|_~40             ; |expand_task|seqdet:comb_5|lpm_mux:Mux0|mux_src:auto_generated|_~40             ; out0             ;
; |expand_task|seqdet:comb_5|lpm_mux:Mux0|mux_src:auto_generated|_~45             ; |expand_task|seqdet:comb_5|lpm_mux:Mux0|mux_src:auto_generated|_~45             ; out0             ;
; |expand_task|seqdet:comb_5|lpm_mux:Mux0|mux_src:auto_generated|_~47             ; |expand_task|seqdet:comb_5|lpm_mux:Mux0|mux_src:auto_generated|_~47             ; out0             ;
; |expand_task|seqdet:comb_5|lpm_mux:Mux0|mux_src:auto_generated|_~48             ; |expand_task|seqdet:comb_5|lpm_mux:Mux0|mux_src:auto_generated|_~48             ; out0             ;
; |expand_task|seqdet:comb_5|lpm_mux:Mux0|mux_src:auto_generated|_~50             ; |expand_task|seqdet:comb_5|lpm_mux:Mux0|mux_src:auto_generated|_~50             ; out0             ;
; |expand_task|seqdet:comb_5|lpm_mux:Mux0|mux_src:auto_generated|_~53             ; |expand_task|seqdet:comb_5|lpm_mux:Mux0|mux_src:auto_generated|_~53             ; out0             ;
; |expand_task|seqdet:comb_5|lpm_mux:Mux0|mux_src:auto_generated|_~54             ; |expand_task|seqdet:comb_5|lpm_mux:Mux0|mux_src:auto_generated|_~54             ; out0             ;
; |expand_task|seqdet:comb_5|lpm_mux:Mux0|mux_src:auto_generated|_~55             ; |expand_task|seqdet:comb_5|lpm_mux:Mux0|mux_src:auto_generated|_~55             ; out0             ;
; |expand_task|seqdet:comb_5|lpm_mux:Mux0|mux_src:auto_generated|_~56             ; |expand_task|seqdet:comb_5|lpm_mux:Mux0|mux_src:auto_generated|_~56             ; out0             ;
; |expand_task|seqdet:comb_5|lpm_mux:Mux0|mux_src:auto_generated|_~57             ; |expand_task|seqdet:comb_5|lpm_mux:Mux0|mux_src:auto_generated|_~57             ; out0             ;
; |expand_task|seqdet:comb_5|lpm_mux:Mux0|mux_src:auto_generated|_~59             ; |expand_task|seqdet:comb_5|lpm_mux:Mux0|mux_src:auto_generated|_~59             ; out0             ;
; |expand_task|seqdet:comb_5|lpm_mux:Mux0|mux_src:auto_generated|_~62             ; |expand_task|seqdet:comb_5|lpm_mux:Mux0|mux_src:auto_generated|_~62             ; out0             ;
; |expand_task|seqdet:comb_5|lpm_mux:Mux0|mux_src:auto_generated|_~63             ; |expand_task|seqdet:comb_5|lpm_mux:Mux0|mux_src:auto_generated|_~63             ; out0             ;
; |expand_task|seqdet:comb_5|lpm_mux:Mux0|mux_src:auto_generated|_~64             ; |expand_task|seqdet:comb_5|lpm_mux:Mux0|mux_src:auto_generated|_~64             ; out0             ;
; |expand_task|seqdet:comb_5|lpm_mux:Mux0|mux_src:auto_generated|_~65             ; |expand_task|seqdet:comb_5|lpm_mux:Mux0|mux_src:auto_generated|_~65             ; out0             ;
; |expand_task|seqdet:comb_5|lpm_mux:Mux0|mux_src:auto_generated|_~66             ; |expand_task|seqdet:comb_5|lpm_mux:Mux0|mux_src:auto_generated|_~66             ; out0             ;
; |expand_task|seqdet:comb_5|lpm_mux:Mux0|mux_src:auto_generated|_~67             ; |expand_task|seqdet:comb_5|lpm_mux:Mux0|mux_src:auto_generated|_~67             ; out0             ;
; |expand_task|seqdet:comb_5|lpm_mux:Mux0|mux_src:auto_generated|_~68             ; |expand_task|seqdet:comb_5|lpm_mux:Mux0|mux_src:auto_generated|_~68             ; out0             ;
; |expand_task|seqdet:comb_5|lpm_mux:Mux0|mux_src:auto_generated|_~69             ; |expand_task|seqdet:comb_5|lpm_mux:Mux0|mux_src:auto_generated|_~69             ; out0             ;
; |expand_task|seqdet:comb_5|lpm_mux:Mux0|mux_src:auto_generated|_~70             ; |expand_task|seqdet:comb_5|lpm_mux:Mux0|mux_src:auto_generated|_~70             ; out0             ;
; |expand_task|seqdet:comb_5|lpm_mux:Mux0|mux_src:auto_generated|_~71             ; |expand_task|seqdet:comb_5|lpm_mux:Mux0|mux_src:auto_generated|_~71             ; out0             ;
; |expand_task|seqdet:comb_5|lpm_mux:Mux0|mux_src:auto_generated|_~73             ; |expand_task|seqdet:comb_5|lpm_mux:Mux0|mux_src:auto_generated|_~73             ; out0             ;
; |expand_task|seqdet:comb_5|lpm_mux:Mux0|mux_src:auto_generated|_~75             ; |expand_task|seqdet:comb_5|lpm_mux:Mux0|mux_src:auto_generated|_~75             ; out0             ;
; |expand_task|seqdet:comb_5|lpm_mux:Mux0|mux_src:auto_generated|_~77             ; |expand_task|seqdet:comb_5|lpm_mux:Mux0|mux_src:auto_generated|_~77             ; out0             ;
; |expand_task|seqdet:comb_5|lpm_mux:Mux0|mux_src:auto_generated|_~78             ; |expand_task|seqdet:comb_5|lpm_mux:Mux0|mux_src:auto_generated|_~78             ; out0             ;
; |expand_task|seqdet:comb_5|lpm_mux:Mux0|mux_src:auto_generated|_~79             ; |expand_task|seqdet:comb_5|lpm_mux:Mux0|mux_src:auto_generated|_~79             ; out0             ;
; |expand_task|seqdet:comb_5|lpm_mux:Mux0|mux_src:auto_generated|_~80             ; |expand_task|seqdet:comb_5|lpm_mux:Mux0|mux_src:auto_generated|_~80             ; out0             ;
; |expand_task|seqdet:comb_5|lpm_mux:Mux0|mux_src:auto_generated|_~82             ; |expand_task|seqdet:comb_5|lpm_mux:Mux0|mux_src:auto_generated|_~82             ; out0             ;
; |expand_task|seqdet:comb_5|lpm_mux:Mux0|mux_src:auto_generated|_~84             ; |expand_task|seqdet:comb_5|lpm_mux:Mux0|mux_src:auto_generated|_~84             ; out0             ;
; |expand_task|seqdet:comb_5|lpm_mux:Mux0|mux_src:auto_generated|_~86             ; |expand_task|seqdet:comb_5|lpm_mux:Mux0|mux_src:auto_generated|_~86             ; out0             ;
; |expand_task|seqdet:comb_5|lpm_mux:Mux0|mux_src:auto_generated|_~87             ; |expand_task|seqdet:comb_5|lpm_mux:Mux0|mux_src:auto_generated|_~87             ; out0             ;
; |expand_task|seqdet:comb_5|lpm_mux:Mux0|mux_src:auto_generated|_~88             ; |expand_task|seqdet:comb_5|lpm_mux:Mux0|mux_src:auto_generated|_~88             ; out0             ;
; |expand_task|seqdet:comb_5|lpm_mux:Mux0|mux_src:auto_generated|_~89             ; |expand_task|seqdet:comb_5|lpm_mux:Mux0|mux_src:auto_generated|_~89             ; out0             ;
; |expand_task|seqdet:comb_5|lpm_mux:Mux0|mux_src:auto_generated|_~90             ; |expand_task|seqdet:comb_5|lpm_mux:Mux0|mux_src:auto_generated|_~90             ; out0             ;
; |expand_task|seqdet:comb_5|lpm_mux:Mux0|mux_src:auto_generated|_~95             ; |expand_task|seqdet:comb_5|lpm_mux:Mux0|mux_src:auto_generated|_~95             ; out0             ;
; |expand_task|seqdet:comb_5|lpm_mux:Mux0|mux_src:auto_generated|_~97             ; |expand_task|seqdet:comb_5|lpm_mux:Mux0|mux_src:auto_generated|_~97             ; out0             ;
; |expand_task|seqdet:comb_5|lpm_mux:Mux0|mux_src:auto_generated|_~98             ; |expand_task|seqdet:comb_5|lpm_mux:Mux0|mux_src:auto_generated|_~98             ; out0             ;
; |expand_task|seqdet:comb_5|lpm_mux:Mux0|mux_src:auto_generated|_~100            ; |expand_task|seqdet:comb_5|lpm_mux:Mux0|mux_src:auto_generated|_~100            ; out0             ;
; |expand_task|seqdet:comb_5|lpm_mux:Mux0|mux_src:auto_generated|_~103            ; |expand_task|seqdet:comb_5|lpm_mux:Mux0|mux_src:auto_generated|_~103            ; out0             ;
; |expand_task|seqdet:comb_5|lpm_mux:Mux0|mux_src:auto_generated|_~104            ; |expand_task|seqdet:comb_5|lpm_mux:Mux0|mux_src:auto_generated|_~104            ; out0             ;
; |expand_task|seqdet:comb_5|lpm_mux:Mux0|mux_src:auto_generated|_~105            ; |expand_task|seqdet:comb_5|lpm_mux:Mux0|mux_src:auto_generated|_~105            ; out0             ;
; |expand_task|seqdet:comb_5|lpm_mux:Mux0|mux_src:auto_generated|_~106            ; |expand_task|seqdet:comb_5|lpm_mux:Mux0|mux_src:auto_generated|_~106            ; out0             ;
; |expand_task|seqdet:comb_5|lpm_mux:Mux0|mux_src:auto_generated|_~107            ; |expand_task|seqdet:comb_5|lpm_mux:Mux0|mux_src:auto_generated|_~107            ; out0             ;
; |expand_task|seqdet:comb_5|lpm_mux:Mux0|mux_src:auto_generated|_~109            ; |expand_task|seqdet:comb_5|lpm_mux:Mux0|mux_src:auto_generated|_~109            ; out0             ;
; |expand_task|seqdet:comb_5|lpm_mux:Mux0|mux_src:auto_generated|_~112            ; |expand_task|seqdet:comb_5|lpm_mux:Mux0|mux_src:auto_generated|_~112            ; out0             ;
; |expand_task|seqdet:comb_5|lpm_mux:Mux0|mux_src:auto_generated|_~113            ; |expand_task|seqdet:comb_5|lpm_mux:Mux0|mux_src:auto_generated|_~113            ; out0             ;
; |expand_task|seqdet:comb_5|lpm_mux:Mux0|mux_src:auto_generated|_~114            ; |expand_task|seqdet:comb_5|lpm_mux:Mux0|mux_src:auto_generated|_~114            ; out0             ;
; |expand_task|seqdet:comb_5|lpm_mux:Mux0|mux_src:auto_generated|_~115            ; |expand_task|seqdet:comb_5|lpm_mux:Mux0|mux_src:auto_generated|_~115            ; out0             ;
; |expand_task|seqdet:comb_5|lpm_mux:Mux0|mux_src:auto_generated|_~116            ; |expand_task|seqdet:comb_5|lpm_mux:Mux0|mux_src:auto_generated|_~116            ; out0             ;
; |expand_task|seqdet:comb_5|lpm_mux:Mux0|mux_src:auto_generated|_~117            ; |expand_task|seqdet:comb_5|lpm_mux:Mux0|mux_src:auto_generated|_~117            ; out0             ;
; |expand_task|seqdet:comb_5|lpm_mux:Mux0|mux_src:auto_generated|_~118            ; |expand_task|seqdet:comb_5|lpm_mux:Mux0|mux_src:auto_generated|_~118            ; out0             ;
; |expand_task|seqdet:comb_5|lpm_mux:Mux0|mux_src:auto_generated|_~119            ; |expand_task|seqdet:comb_5|lpm_mux:Mux0|mux_src:auto_generated|_~119            ; out0             ;
; |expand_task|seqdet:comb_5|lpm_mux:Mux0|mux_src:auto_generated|_~120            ; |expand_task|seqdet:comb_5|lpm_mux:Mux0|mux_src:auto_generated|_~120            ; out0             ;
; |expand_task|seqdet:comb_5|lpm_mux:Mux0|mux_src:auto_generated|_~122            ; |expand_task|seqdet:comb_5|lpm_mux:Mux0|mux_src:auto_generated|_~122            ; out0             ;
; |expand_task|seqdet:comb_5|lpm_mux:Mux0|mux_src:auto_generated|_~124            ; |expand_task|seqdet:comb_5|lpm_mux:Mux0|mux_src:auto_generated|_~124            ; out0             ;
; |expand_task|seqdet:comb_5|lpm_mux:Mux0|mux_src:auto_generated|_~126            ; |expand_task|seqdet:comb_5|lpm_mux:Mux0|mux_src:auto_generated|_~126            ; out0             ;
; |expand_task|seqdet:comb_5|lpm_mux:Mux0|mux_src:auto_generated|_~127            ; |expand_task|seqdet:comb_5|lpm_mux:Mux0|mux_src:auto_generated|_~127            ; out0             ;
; |expand_task|seqdet:comb_5|lpm_mux:Mux0|mux_src:auto_generated|_~128            ; |expand_task|seqdet:comb_5|lpm_mux:Mux0|mux_src:auto_generated|_~128            ; out0             ;
; |expand_task|seqdet:comb_5|lpm_mux:Mux0|mux_src:auto_generated|_~129            ; |expand_task|seqdet:comb_5|lpm_mux:Mux0|mux_src:auto_generated|_~129            ; out0             ;
; |expand_task|seqdet:comb_5|lpm_mux:Mux0|mux_src:auto_generated|_~131            ; |expand_task|seqdet:comb_5|lpm_mux:Mux0|mux_src:auto_generated|_~131            ; out0             ;
; |expand_task|seqdet:comb_5|lpm_mux:Mux0|mux_src:auto_generated|_~133            ; |expand_task|seqdet:comb_5|lpm_mux:Mux0|mux_src:auto_generated|_~133            ; out0             ;
; |expand_task|seqdet:comb_5|lpm_mux:Mux0|mux_src:auto_generated|_~135            ; |expand_task|seqdet:comb_5|lpm_mux:Mux0|mux_src:auto_generated|_~135            ; out0             ;
; |expand_task|seqdet:comb_5|lpm_mux:Mux0|mux_src:auto_generated|_~136            ; |expand_task|seqdet:comb_5|lpm_mux:Mux0|mux_src:auto_generated|_~136            ; out0             ;
; |expand_task|seqdet:comb_5|lpm_mux:Mux0|mux_src:auto_generated|_~137            ; |expand_task|seqdet:comb_5|lpm_mux:Mux0|mux_src:auto_generated|_~137            ; out0             ;
; |expand_task|seqdet:comb_5|lpm_mux:Mux0|mux_src:auto_generated|_~138            ; |expand_task|seqdet:comb_5|lpm_mux:Mux0|mux_src:auto_generated|_~138            ; out0             ;
; |expand_task|seqdet:comb_5|lpm_mux:Mux0|mux_src:auto_generated|_~139            ; |expand_task|seqdet:comb_5|lpm_mux:Mux0|mux_src:auto_generated|_~139            ; out0             ;
; |expand_task|seqdet:comb_5|lpm_mux:Mux0|mux_src:auto_generated|_~142            ; |expand_task|seqdet:comb_5|lpm_mux:Mux0|mux_src:auto_generated|_~142            ; out0             ;
; |expand_task|seqdet:comb_5|lpm_mux:Mux0|mux_src:auto_generated|_~143            ; |expand_task|seqdet:comb_5|lpm_mux:Mux0|mux_src:auto_generated|_~143            ; out0             ;
; |expand_task|seqdet:comb_5|lpm_mux:Mux0|mux_src:auto_generated|result_node[0]~1 ; |expand_task|seqdet:comb_5|lpm_mux:Mux0|mux_src:auto_generated|result_node[0]~1 ; out0             ;
; |expand_task|seqdet:comb_5|lpm_mux:Mux0|mux_src:auto_generated|result_node[0]   ; |expand_task|seqdet:comb_5|lpm_mux:Mux0|mux_src:auto_generated|result_node[0]   ; out0             ;
+---------------------------------------------------------------------------------+---------------------------------------------------------------------------------+------------------+


The following table displays output ports that do not toggle to 1 during simulation.
+--------------------------------------------------------------------------------------------------------------------------------------------------------------------------------------+
; Missing 1-Value Coverage                                                                                                                                                             ;
+---------------------------------------------------------------------------------+---------------------------------------------------------------------------------+------------------+
; Node Name                                                                       ; Output Port Name                                                                ; Output Port Type ;
+---------------------------------------------------------------------------------+---------------------------------------------------------------------------------+------------------+
; |expand_task|reset                                                              ; |expand_task|reset                                                              ; out              ;
; |expand_task|rst                                                                ; |expand_task|rst                                                                ; out              ;
; |expand_task|c_state[3]                                                         ; |expand_task|c_state[3]                                                         ; pin_out          ;
; |expand_task|n_state[3]                                                         ; |expand_task|n_state[3]                                                         ; pin_out          ;
; |expand_task|indata[0]                                                          ; |expand_task|indata[0]                                                          ; out              ;
; |expand_task|indata[1]                                                          ; |expand_task|indata[1]                                                          ; out              ;
; |expand_task|indata[2]                                                          ; |expand_task|indata[2]                                                          ; out              ;
; |expand_task|indata[3]                                                          ; |expand_task|indata[3]                                                          ; out              ;
; |expand_task|indata[4]                                                          ; |expand_task|indata[4]                                                          ; out              ;
; |expand_task|indata[5]                                                          ; |expand_task|indata[5]                                                          ; out              ;
; |expand_task|indata[6]                                                          ; |expand_task|indata[6]                                                          ; out              ;
; |expand_task|indata[7]                                                          ; |expand_task|indata[7]                                                          ; out              ;
; |expand_task|seqdet:comb_5|lpm_mux:Mux1|mux_src:auto_generated|_~0              ; |expand_task|seqdet:comb_5|lpm_mux:Mux1|mux_src:auto_generated|_~0              ; out0             ;
; |expand_task|seqdet:comb_5|lpm_mux:Mux1|mux_src:auto_generated|_~2              ; |expand_task|seqdet:comb_5|lpm_mux:Mux1|mux_src:auto_generated|_~2              ; out0             ;
; |expand_task|seqdet:comb_5|lpm_mux:Mux1|mux_src:auto_generated|_~4              ; |expand_task|seqdet:comb_5|lpm_mux:Mux1|mux_src:auto_generated|_~4              ; out0             ;
; |expand_task|seqdet:comb_5|lpm_mux:Mux1|mux_src:auto_generated|_~9              ; |expand_task|seqdet:comb_5|lpm_mux:Mux1|mux_src:auto_generated|_~9              ; out0             ;
; |expand_task|seqdet:comb_5|lpm_mux:Mux1|mux_src:auto_generated|_~11             ; |expand_task|seqdet:comb_5|lpm_mux:Mux1|mux_src:auto_generated|_~11             ; out0             ;
; |expand_task|seqdet:comb_5|lpm_mux:Mux1|mux_src:auto_generated|_~13             ; |expand_task|seqdet:comb_5|lpm_mux:Mux1|mux_src:auto_generated|_~13             ; out0             ;
; |expand_task|seqdet:comb_5|lpm_mux:Mux1|mux_src:auto_generated|_~19             ; |expand_task|seqdet:comb_5|lpm_mux:Mux1|mux_src:auto_generated|_~19             ; out0             ;
; |expand_task|seqdet:comb_5|lpm_mux:Mux1|mux_src:auto_generated|_~20             ; |expand_task|seqdet:comb_5|lpm_mux:Mux1|mux_src:auto_generated|_~20             ; out0             ;
; |expand_task|seqdet:comb_5|lpm_mux:Mux1|mux_src:auto_generated|_~21             ; |expand_task|seqdet:comb_5|lpm_mux:Mux1|mux_src:auto_generated|_~21             ; out0             ;
; |expand_task|seqdet:comb_5|lpm_mux:Mux1|mux_src:auto_generated|_~22             ; |expand_task|seqdet:comb_5|lpm_mux:Mux1|mux_src:auto_generated|_~22             ; out0             ;
; |expand_task|seqdet:comb_5|lpm_mux:Mux1|mux_src:auto_generated|_~24             ; |expand_task|seqdet:comb_5|lpm_mux:Mux1|mux_src:auto_generated|_~24             ; out0             ;
; |expand_task|seqdet:comb_5|lpm_mux:Mux1|mux_src:auto_generated|_~26             ; |expand_task|seqdet:comb_5|lpm_mux:Mux1|mux_src:auto_generated|_~26             ; out0             ;
; |expand_task|seqdet:comb_5|lpm_mux:Mux1|mux_src:auto_generated|_~31             ; |expand_task|seqdet:comb_5|lpm_mux:Mux1|mux_src:auto_generated|_~31             ; out0             ;
; |expand_task|seqdet:comb_5|lpm_mux:Mux1|mux_src:auto_generated|_~33             ; |expand_task|seqdet:comb_5|lpm_mux:Mux1|mux_src:auto_generated|_~33             ; out0             ;
; |expand_task|seqdet:comb_5|lpm_mux:Mux1|mux_src:auto_generated|_~35             ; |expand_task|seqdet:comb_5|lpm_mux:Mux1|mux_src:auto_generated|_~35             ; out0             ;
; |expand_task|seqdet:comb_5|lpm_mux:Mux1|mux_src:auto_generated|_~41             ; |expand_task|seqdet:comb_5|lpm_mux:Mux1|mux_src:auto_generated|_~41             ; out0             ;
; |expand_task|seqdet:comb_5|lpm_mux:Mux1|mux_src:auto_generated|_~42             ; |expand_task|seqdet:comb_5|lpm_mux:Mux1|mux_src:auto_generated|_~42             ; out0             ;
; |expand_task|seqdet:comb_5|lpm_mux:Mux1|mux_src:auto_generated|_~43             ; |expand_task|seqdet:comb_5|lpm_mux:Mux1|mux_src:auto_generated|_~43             ; out0             ;
; |expand_task|seqdet:comb_5|lpm_mux:Mux1|mux_src:auto_generated|_~44             ; |expand_task|seqdet:comb_5|lpm_mux:Mux1|mux_src:auto_generated|_~44             ; out0             ;
; |expand_task|seqdet:comb_5|lpm_mux:Mux1|mux_src:auto_generated|_~46             ; |expand_task|seqdet:comb_5|lpm_mux:Mux1|mux_src:auto_generated|_~46             ; out0             ;
; |expand_task|seqdet:comb_5|lpm_mux:Mux1|mux_src:auto_generated|_~47             ; |expand_task|seqdet:comb_5|lpm_mux:Mux1|mux_src:auto_generated|_~47             ; out0             ;
; |expand_task|seqdet:comb_5|lpm_mux:Mux1|mux_src:auto_generated|_~56             ; |expand_task|seqdet:comb_5|lpm_mux:Mux1|mux_src:auto_generated|_~56             ; out0             ;
; |expand_task|seqdet:comb_5|lpm_mux:Mux1|mux_src:auto_generated|result_node[0]~0 ; |expand_task|seqdet:comb_5|lpm_mux:Mux1|mux_src:auto_generated|result_node[0]~0 ; out0             ;
; |expand_task|seqdet:comb_5|lpm_mux:Mux1|mux_src:auto_generated|_~72             ; |expand_task|seqdet:comb_5|lpm_mux:Mux1|mux_src:auto_generated|_~72             ; out0             ;
; |expand_task|seqdet:comb_5|lpm_mux:Mux1|mux_src:auto_generated|_~74             ; |expand_task|seqdet:comb_5|lpm_mux:Mux1|mux_src:auto_generated|_~74             ; out0             ;
; |expand_task|seqdet:comb_5|lpm_mux:Mux1|mux_src:auto_generated|_~76             ; |expand_task|seqdet:comb_5|lpm_mux:Mux1|mux_src:auto_generated|_~76             ; out0             ;
; |expand_task|seqdet:comb_5|lpm_mux:Mux1|mux_src:auto_generated|_~81             ; |expand_task|seqdet:comb_5|lpm_mux:Mux1|mux_src:auto_generated|_~81             ; out0             ;
; |expand_task|seqdet:comb_5|lpm_mux:Mux1|mux_src:auto_generated|_~83             ; |expand_task|seqdet:comb_5|lpm_mux:Mux1|mux_src:auto_generated|_~83             ; out0             ;
; |expand_task|seqdet:comb_5|lpm_mux:Mux1|mux_src:auto_generated|_~85             ; |expand_task|seqdet:comb_5|lpm_mux:Mux1|mux_src:auto_generated|_~85             ; out0             ;
; |expand_task|seqdet:comb_5|lpm_mux:Mux1|mux_src:auto_generated|_~91             ; |expand_task|seqdet:comb_5|lpm_mux:Mux1|mux_src:auto_generated|_~91             ; out0             ;
; |expand_task|seqdet:comb_5|lpm_mux:Mux1|mux_src:auto_generated|_~92             ; |expand_task|seqdet:comb_5|lpm_mux:Mux1|mux_src:auto_generated|_~92             ; out0             ;
; |expand_task|seqdet:comb_5|lpm_mux:Mux1|mux_src:auto_generated|_~93             ; |expand_task|seqdet:comb_5|lpm_mux:Mux1|mux_src:auto_generated|_~93             ; out0             ;
; |expand_task|seqdet:comb_5|lpm_mux:Mux1|mux_src:auto_generated|_~94             ; |expand_task|seqdet:comb_5|lpm_mux:Mux1|mux_src:auto_generated|_~94             ; out0             ;
; |expand_task|seqdet:comb_5|lpm_mux:Mux1|mux_src:auto_generated|_~96             ; |expand_task|seqdet:comb_5|lpm_mux:Mux1|mux_src:auto_generated|_~96             ; out0             ;
; |expand_task|seqdet:comb_5|lpm_mux:Mux1|mux_src:auto_generated|_~97             ; |expand_task|seqdet:comb_5|lpm_mux:Mux1|mux_src:auto_generated|_~97             ; out0             ;
; |expand_task|seqdet:comb_5|lpm_mux:Mux1|mux_src:auto_generated|_~106            ; |expand_task|seqdet:comb_5|lpm_mux:Mux1|mux_src:auto_generated|_~106            ; out0             ;
; |expand_task|seqdet:comb_5|lpm_mux:Mux1|mux_src:auto_generated|_~121            ; |expand_task|seqdet:comb_5|lpm_mux:Mux1|mux_src:auto_generated|_~121            ; out0             ;
; |expand_task|seqdet:comb_5|lpm_mux:Mux1|mux_src:auto_generated|_~130            ; |expand_task|seqdet:comb_5|lpm_mux:Mux1|mux_src:auto_generated|_~130            ; out0             ;
; |expand_task|seqdet:comb_5|lpm_mux:Mux0|mux_src:auto_generated|_~0              ; |expand_task|seqdet:comb_5|lpm_mux:Mux0|mux_src:auto_generated|_~0              ; out0             ;
; |expand_task|seqdet:comb_5|lpm_mux:Mux0|mux_src:auto_generated|_~2              ; |expand_task|seqdet:comb_5|lpm_mux:Mux0|mux_src:auto_generated|_~2              ; out0             ;
; |expand_task|seqdet:comb_5|lpm_mux:Mux0|mux_src:auto_generated|_~4              ; |expand_task|seqdet:comb_5|lpm_mux:Mux0|mux_src:auto_generated|_~4              ; out0             ;
; |expand_task|seqdet:comb_5|lpm_mux:Mux0|mux_src:auto_generated|_~9              ; |expand_task|seqdet:comb_5|lpm_mux:Mux0|mux_src:auto_generated|_~9              ; out0             ;
; |expand_task|seqdet:comb_5|lpm_mux:Mux0|mux_src:auto_generated|_~11             ; |expand_task|seqdet:comb_5|lpm_mux:Mux0|mux_src:auto_generated|_~11             ; out0             ;
; |expand_task|seqdet:comb_5|lpm_mux:Mux0|mux_src:auto_generated|_~13             ; |expand_task|seqdet:comb_5|lpm_mux:Mux0|mux_src:auto_generated|_~13             ; out0             ;
; |expand_task|seqdet:comb_5|lpm_mux:Mux0|mux_src:auto_generated|_~19             ; |expand_task|seqdet:comb_5|lpm_mux:Mux0|mux_src:auto_generated|_~19             ; out0             ;
; |expand_task|seqdet:comb_5|lpm_mux:Mux0|mux_src:auto_generated|_~20             ; |expand_task|seqdet:comb_5|lpm_mux:Mux0|mux_src:auto_generated|_~20             ; out0             ;
; |expand_task|seqdet:comb_5|lpm_mux:Mux0|mux_src:auto_generated|_~21             ; |expand_task|seqdet:comb_5|lpm_mux:Mux0|mux_src:auto_generated|_~21             ; out0             ;
; |expand_task|seqdet:comb_5|lpm_mux:Mux0|mux_src:auto_generated|_~22             ; |expand_task|seqdet:comb_5|lpm_mux:Mux0|mux_src:auto_generated|_~22             ; out0             ;
; |expand_task|seqdet:comb_5|lpm_mux:Mux0|mux_src:auto_generated|_~24             ; |expand_task|seqdet:comb_5|lpm_mux:Mux0|mux_src:auto_generated|_~24             ; out0             ;
; |expand_task|seqdet:comb_5|lpm_mux:Mux0|mux_src:auto_generated|_~26             ; |expand_task|seqdet:comb_5|lpm_mux:Mux0|mux_src:auto_generated|_~26             ; out0             ;
; |expand_task|seqdet:comb_5|lpm_mux:Mux0|mux_src:auto_generated|_~31             ; |expand_task|seqdet:comb_5|lpm_mux:Mux0|mux_src:auto_generated|_~31             ; out0             ;
; |expand_task|seqdet:comb_5|lpm_mux:Mux0|mux_src:auto_generated|_~33             ; |expand_task|seqdet:comb_5|lpm_mux:Mux0|mux_src:auto_generated|_~33             ; out0             ;
; |expand_task|seqdet:comb_5|lpm_mux:Mux0|mux_src:auto_generated|_~35             ; |expand_task|seqdet:comb_5|lpm_mux:Mux0|mux_src:auto_generated|_~35             ; out0             ;
; |expand_task|seqdet:comb_5|lpm_mux:Mux0|mux_src:auto_generated|_~41             ; |expand_task|seqdet:comb_5|lpm_mux:Mux0|mux_src:auto_generated|_~41             ; out0             ;
; |expand_task|seqdet:comb_5|lpm_mux:Mux0|mux_src:auto_generated|_~42             ; |expand_task|seqdet:comb_5|lpm_mux:Mux0|mux_src:auto_generated|_~42             ; out0             ;
; |expand_task|seqdet:comb_5|lpm_mux:Mux0|mux_src:auto_generated|_~43             ; |expand_task|seqdet:comb_5|lpm_mux:Mux0|mux_src:auto_generated|_~43             ; out0             ;
; |expand_task|seqdet:comb_5|lpm_mux:Mux0|mux_src:auto_generated|_~44             ; |expand_task|seqdet:comb_5|lpm_mux:Mux0|mux_src:auto_generated|_~44             ; out0             ;
; |expand_task|seqdet:comb_5|lpm_mux:Mux0|mux_src:auto_generated|_~46             ; |expand_task|seqdet:comb_5|lpm_mux:Mux0|mux_src:auto_generated|_~46             ; out0             ;
; |expand_task|seqdet:comb_5|lpm_mux:Mux0|mux_src:auto_generated|_~49             ; |expand_task|seqdet:comb_5|lpm_mux:Mux0|mux_src:auto_generated|_~49             ; out0             ;
; |expand_task|seqdet:comb_5|lpm_mux:Mux0|mux_src:auto_generated|_~51             ; |expand_task|seqdet:comb_5|lpm_mux:Mux0|mux_src:auto_generated|_~51             ; out0             ;
; |expand_task|seqdet:comb_5|lpm_mux:Mux0|mux_src:auto_generated|_~58             ; |expand_task|seqdet:comb_5|lpm_mux:Mux0|mux_src:auto_generated|_~58             ; out0             ;
; |expand_task|seqdet:comb_5|lpm_mux:Mux0|mux_src:auto_generated|_~60             ; |expand_task|seqdet:comb_5|lpm_mux:Mux0|mux_src:auto_generated|_~60             ; out0             ;
; |expand_task|seqdet:comb_5|lpm_mux:Mux0|mux_src:auto_generated|result_node[0]~0 ; |expand_task|seqdet:comb_5|lpm_mux:Mux0|mux_src:auto_generated|result_node[0]~0 ; out0             ;
; |expand_task|seqdet:comb_5|lpm_mux:Mux0|mux_src:auto_generated|_~72             ; |expand_task|seqdet:comb_5|lpm_mux:Mux0|mux_src:auto_generated|_~72             ; out0             ;
; |expand_task|seqdet:comb_5|lpm_mux:Mux0|mux_src:auto_generated|_~74             ; |expand_task|seqdet:comb_5|lpm_mux:Mux0|mux_src:auto_generated|_~74             ; out0             ;
; |expand_task|seqdet:comb_5|lpm_mux:Mux0|mux_src:auto_generated|_~76             ; |expand_task|seqdet:comb_5|lpm_mux:Mux0|mux_src:auto_generated|_~76             ; out0             ;
; |expand_task|seqdet:comb_5|lpm_mux:Mux0|mux_src:auto_generated|_~81             ; |expand_task|seqdet:comb_5|lpm_mux:Mux0|mux_src:auto_generated|_~81             ; out0             ;
; |expand_task|seqdet:comb_5|lpm_mux:Mux0|mux_src:auto_generated|_~83             ; |expand_task|seqdet:comb_5|lpm_mux:Mux0|mux_src:auto_generated|_~83             ; out0             ;
; |expand_task|seqdet:comb_5|lpm_mux:Mux0|mux_src:auto_generated|_~85             ; |expand_task|seqdet:comb_5|lpm_mux:Mux0|mux_src:auto_generated|_~85             ; out0             ;
; |expand_task|seqdet:comb_5|lpm_mux:Mux0|mux_src:auto_generated|_~91             ; |expand_task|seqdet:comb_5|lpm_mux:Mux0|mux_src:auto_generated|_~91             ; out0             ;
; |expand_task|seqdet:comb_5|lpm_mux:Mux0|mux_src:auto_generated|_~92             ; |expand_task|seqdet:comb_5|lpm_mux:Mux0|mux_src:auto_generated|_~92             ; out0             ;
; |expand_task|seqdet:comb_5|lpm_mux:Mux0|mux_src:auto_generated|_~93             ; |expand_task|seqdet:comb_5|lpm_mux:Mux0|mux_src:auto_generated|_~93             ; out0             ;
; |expand_task|seqdet:comb_5|lpm_mux:Mux0|mux_src:auto_generated|_~94             ; |expand_task|seqdet:comb_5|lpm_mux:Mux0|mux_src:auto_generated|_~94             ; out0             ;
; |expand_task|seqdet:comb_5|lpm_mux:Mux0|mux_src:auto_generated|_~96             ; |expand_task|seqdet:comb_5|lpm_mux:Mux0|mux_src:auto_generated|_~96             ; out0             ;
; |expand_task|seqdet:comb_5|lpm_mux:Mux0|mux_src:auto_generated|_~99             ; |expand_task|seqdet:comb_5|lpm_mux:Mux0|mux_src:auto_generated|_~99             ; out0             ;
; |expand_task|seqdet:comb_5|lpm_mux:Mux0|mux_src:auto_generated|_~101            ; |expand_task|seqdet:comb_5|lpm_mux:Mux0|mux_src:auto_generated|_~101            ; out0             ;
; |expand_task|seqdet:comb_5|lpm_mux:Mux0|mux_src:auto_generated|_~108            ; |expand_task|seqdet:comb_5|lpm_mux:Mux0|mux_src:auto_generated|_~108            ; out0             ;
; |expand_task|seqdet:comb_5|lpm_mux:Mux0|mux_src:auto_generated|_~110            ; |expand_task|seqdet:comb_5|lpm_mux:Mux0|mux_src:auto_generated|_~110            ; out0             ;
; |expand_task|seqdet:comb_5|lpm_mux:Mux0|mux_src:auto_generated|_~121            ; |expand_task|seqdet:comb_5|lpm_mux:Mux0|mux_src:auto_generated|_~121            ; out0             ;
; |expand_task|seqdet:comb_5|lpm_mux:Mux0|mux_src:auto_generated|_~123            ; |expand_task|seqdet:comb_5|lpm_mux:Mux0|mux_src:auto_generated|_~123            ; out0             ;
; |expand_task|seqdet:comb_5|lpm_mux:Mux0|mux_src:auto_generated|_~125            ; |expand_task|seqdet:comb_5|lpm_mux:Mux0|mux_src:auto_generated|_~125            ; out0             ;
; |expand_task|seqdet:comb_5|lpm_mux:Mux0|mux_src:auto_generated|_~130            ; |expand_task|seqdet:comb_5|lpm_mux:Mux0|mux_src:auto_generated|_~130            ; out0             ;
; |expand_task|seqdet:comb_5|lpm_mux:Mux0|mux_src:auto_generated|_~132            ; |expand_task|seqdet:comb_5|lpm_mux:Mux0|mux_src:auto_generated|_~132            ; out0             ;
; |expand_task|seqdet:comb_5|lpm_mux:Mux0|mux_src:auto_generated|_~134            ; |expand_task|seqdet:comb_5|lpm_mux:Mux0|mux_src:auto_generated|_~134            ; out0             ;
; |expand_task|seqdet:comb_5|lpm_mux:Mux0|mux_src:auto_generated|_~140            ; |expand_task|seqdet:comb_5|lpm_mux:Mux0|mux_src:auto_generated|_~140            ; out0             ;
; |expand_task|seqdet:comb_5|lpm_mux:Mux0|mux_src:auto_generated|_~141            ; |expand_task|seqdet:comb_5|lpm_mux:Mux0|mux_src:auto_generated|_~141            ; out0             ;
+---------------------------------------------------------------------------------+---------------------------------------------------------------------------------+------------------+


The following table displays output ports that do not toggle to 0 during simulation.
+--------------------------------------------------------------------------------------------------------------------------------------------------------------------------------------+
; Missing 0-Value Coverage                                                                                                                                                             ;
+---------------------------------------------------------------------------------+---------------------------------------------------------------------------------+------------------+
; Node Name                                                                       ; Output Port Name                                                                ; Output Port Type ;
+---------------------------------------------------------------------------------+---------------------------------------------------------------------------------+------------------+
; |expand_task|clr                                                                ; |expand_task|clr                                                                ; out              ;
; |expand_task|reset                                                              ; |expand_task|reset                                                              ; out              ;
; |expand_task|rst                                                                ; |expand_task|rst                                                                ; out              ;
; |expand_task|c_state[3]                                                         ; |expand_task|c_state[3]                                                         ; pin_out          ;
; |expand_task|n_state[3]                                                         ; |expand_task|n_state[3]                                                         ; pin_out          ;
; |expand_task|indata[0]                                                          ; |expand_task|indata[0]                                                          ; out              ;
; |expand_task|indata[1]                                                          ; |expand_task|indata[1]                                                          ; out              ;
; |expand_task|indata[2]                                                          ; |expand_task|indata[2]                                                          ; out              ;
; |expand_task|indata[3]                                                          ; |expand_task|indata[3]                                                          ; out              ;
; |expand_task|indata[4]                                                          ; |expand_task|indata[4]                                                          ; out              ;
; |expand_task|indata[5]                                                          ; |expand_task|indata[5]                                                          ; out              ;
; |expand_task|indata[6]                                                          ; |expand_task|indata[6]                                                          ; out              ;
; |expand_task|indata[7]                                                          ; |expand_task|indata[7]                                                          ; out              ;
; |expand_task|seqdet:comb_5|lpm_mux:Mux1|mux_src:auto_generated|_~0              ; |expand_task|seqdet:comb_5|lpm_mux:Mux1|mux_src:auto_generated|_~0              ; out0             ;
; |expand_task|seqdet:comb_5|lpm_mux:Mux1|mux_src:auto_generated|_~2              ; |expand_task|seqdet:comb_5|lpm_mux:Mux1|mux_src:auto_generated|_~2              ; out0             ;
; |expand_task|seqdet:comb_5|lpm_mux:Mux1|mux_src:auto_generated|_~4              ; |expand_task|seqdet:comb_5|lpm_mux:Mux1|mux_src:auto_generated|_~4              ; out0             ;
; |expand_task|seqdet:comb_5|lpm_mux:Mux1|mux_src:auto_generated|_~9              ; |expand_task|seqdet:comb_5|lpm_mux:Mux1|mux_src:auto_generated|_~9              ; out0             ;
; |expand_task|seqdet:comb_5|lpm_mux:Mux1|mux_src:auto_generated|_~11             ; |expand_task|seqdet:comb_5|lpm_mux:Mux1|mux_src:auto_generated|_~11             ; out0             ;
; |expand_task|seqdet:comb_5|lpm_mux:Mux1|mux_src:auto_generated|_~13             ; |expand_task|seqdet:comb_5|lpm_mux:Mux1|mux_src:auto_generated|_~13             ; out0             ;
; |expand_task|seqdet:comb_5|lpm_mux:Mux1|mux_src:auto_generated|_~19             ; |expand_task|seqdet:comb_5|lpm_mux:Mux1|mux_src:auto_generated|_~19             ; out0             ;
; |expand_task|seqdet:comb_5|lpm_mux:Mux1|mux_src:auto_generated|_~20             ; |expand_task|seqdet:comb_5|lpm_mux:Mux1|mux_src:auto_generated|_~20             ; out0             ;
; |expand_task|seqdet:comb_5|lpm_mux:Mux1|mux_src:auto_generated|_~21             ; |expand_task|seqdet:comb_5|lpm_mux:Mux1|mux_src:auto_generated|_~21             ; out0             ;
; |expand_task|seqdet:comb_5|lpm_mux:Mux1|mux_src:auto_generated|_~22             ; |expand_task|seqdet:comb_5|lpm_mux:Mux1|mux_src:auto_generated|_~22             ; out0             ;
; |expand_task|seqdet:comb_5|lpm_mux:Mux1|mux_src:auto_generated|_~24             ; |expand_task|seqdet:comb_5|lpm_mux:Mux1|mux_src:auto_generated|_~24             ; out0             ;
; |expand_task|seqdet:comb_5|lpm_mux:Mux1|mux_src:auto_generated|_~26             ; |expand_task|seqdet:comb_5|lpm_mux:Mux1|mux_src:auto_generated|_~26             ; out0             ;
; |expand_task|seqdet:comb_5|lpm_mux:Mux1|mux_src:auto_generated|_~31             ; |expand_task|seqdet:comb_5|lpm_mux:Mux1|mux_src:auto_generated|_~31             ; out0             ;
; |expand_task|seqdet:comb_5|lpm_mux:Mux1|mux_src:auto_generated|_~33             ; |expand_task|seqdet:comb_5|lpm_mux:Mux1|mux_src:auto_generated|_~33             ; out0             ;
; |expand_task|seqdet:comb_5|lpm_mux:Mux1|mux_src:auto_generated|_~35             ; |expand_task|seqdet:comb_5|lpm_mux:Mux1|mux_src:auto_generated|_~35             ; out0             ;
; |expand_task|seqdet:comb_5|lpm_mux:Mux1|mux_src:auto_generated|_~41             ; |expand_task|seqdet:comb_5|lpm_mux:Mux1|mux_src:auto_generated|_~41             ; out0             ;
; |expand_task|seqdet:comb_5|lpm_mux:Mux1|mux_src:auto_generated|_~42             ; |expand_task|seqdet:comb_5|lpm_mux:Mux1|mux_src:auto_generated|_~42             ; out0             ;
; |expand_task|seqdet:comb_5|lpm_mux:Mux1|mux_src:auto_generated|_~43             ; |expand_task|seqdet:comb_5|lpm_mux:Mux1|mux_src:auto_generated|_~43             ; out0             ;
; |expand_task|seqdet:comb_5|lpm_mux:Mux1|mux_src:auto_generated|_~44             ; |expand_task|seqdet:comb_5|lpm_mux:Mux1|mux_src:auto_generated|_~44             ; out0             ;
; |expand_task|seqdet:comb_5|lpm_mux:Mux1|mux_src:auto_generated|_~46             ; |expand_task|seqdet:comb_5|lpm_mux:Mux1|mux_src:auto_generated|_~46             ; out0             ;
; |expand_task|seqdet:comb_5|lpm_mux:Mux1|mux_src:auto_generated|_~47             ; |expand_task|seqdet:comb_5|lpm_mux:Mux1|mux_src:auto_generated|_~47             ; out0             ;
; |expand_task|seqdet:comb_5|lpm_mux:Mux1|mux_src:auto_generated|_~52             ; |expand_task|seqdet:comb_5|lpm_mux:Mux1|mux_src:auto_generated|_~52             ; out0             ;
; |expand_task|seqdet:comb_5|lpm_mux:Mux1|mux_src:auto_generated|_~56             ; |expand_task|seqdet:comb_5|lpm_mux:Mux1|mux_src:auto_generated|_~56             ; out0             ;
; |expand_task|seqdet:comb_5|lpm_mux:Mux1|mux_src:auto_generated|_~61             ; |expand_task|seqdet:comb_5|lpm_mux:Mux1|mux_src:auto_generated|_~61             ; out0             ;
; |expand_task|seqdet:comb_5|lpm_mux:Mux1|mux_src:auto_generated|result_node[0]~0 ; |expand_task|seqdet:comb_5|lpm_mux:Mux1|mux_src:auto_generated|result_node[0]~0 ; out0             ;
; |expand_task|seqdet:comb_5|lpm_mux:Mux1|mux_src:auto_generated|_~72             ; |expand_task|seqdet:comb_5|lpm_mux:Mux1|mux_src:auto_generated|_~72             ; out0             ;
; |expand_task|seqdet:comb_5|lpm_mux:Mux1|mux_src:auto_generated|_~74             ; |expand_task|seqdet:comb_5|lpm_mux:Mux1|mux_src:auto_generated|_~74             ; out0             ;
; |expand_task|seqdet:comb_5|lpm_mux:Mux1|mux_src:auto_generated|_~76             ; |expand_task|seqdet:comb_5|lpm_mux:Mux1|mux_src:auto_generated|_~76             ; out0             ;
; |expand_task|seqdet:comb_5|lpm_mux:Mux1|mux_src:auto_generated|_~81             ; |expand_task|seqdet:comb_5|lpm_mux:Mux1|mux_src:auto_generated|_~81             ; out0             ;
; |expand_task|seqdet:comb_5|lpm_mux:Mux1|mux_src:auto_generated|_~83             ; |expand_task|seqdet:comb_5|lpm_mux:Mux1|mux_src:auto_generated|_~83             ; out0             ;
; |expand_task|seqdet:comb_5|lpm_mux:Mux1|mux_src:auto_generated|_~85             ; |expand_task|seqdet:comb_5|lpm_mux:Mux1|mux_src:auto_generated|_~85             ; out0             ;
; |expand_task|seqdet:comb_5|lpm_mux:Mux1|mux_src:auto_generated|_~91             ; |expand_task|seqdet:comb_5|lpm_mux:Mux1|mux_src:auto_generated|_~91             ; out0             ;
; |expand_task|seqdet:comb_5|lpm_mux:Mux1|mux_src:auto_generated|_~92             ; |expand_task|seqdet:comb_5|lpm_mux:Mux1|mux_src:auto_generated|_~92             ; out0             ;
; |expand_task|seqdet:comb_5|lpm_mux:Mux1|mux_src:auto_generated|_~93             ; |expand_task|seqdet:comb_5|lpm_mux:Mux1|mux_src:auto_generated|_~93             ; out0             ;
; |expand_task|seqdet:comb_5|lpm_mux:Mux1|mux_src:auto_generated|_~94             ; |expand_task|seqdet:comb_5|lpm_mux:Mux1|mux_src:auto_generated|_~94             ; out0             ;
; |expand_task|seqdet:comb_5|lpm_mux:Mux1|mux_src:auto_generated|_~96             ; |expand_task|seqdet:comb_5|lpm_mux:Mux1|mux_src:auto_generated|_~96             ; out0             ;
; |expand_task|seqdet:comb_5|lpm_mux:Mux1|mux_src:auto_generated|_~97             ; |expand_task|seqdet:comb_5|lpm_mux:Mux1|mux_src:auto_generated|_~97             ; out0             ;
; |expand_task|seqdet:comb_5|lpm_mux:Mux1|mux_src:auto_generated|_~102            ; |expand_task|seqdet:comb_5|lpm_mux:Mux1|mux_src:auto_generated|_~102            ; out0             ;
; |expand_task|seqdet:comb_5|lpm_mux:Mux1|mux_src:auto_generated|_~106            ; |expand_task|seqdet:comb_5|lpm_mux:Mux1|mux_src:auto_generated|_~106            ; out0             ;
; |expand_task|seqdet:comb_5|lpm_mux:Mux1|mux_src:auto_generated|_~111            ; |expand_task|seqdet:comb_5|lpm_mux:Mux1|mux_src:auto_generated|_~111            ; out0             ;
; |expand_task|seqdet:comb_5|lpm_mux:Mux1|mux_src:auto_generated|_~121            ; |expand_task|seqdet:comb_5|lpm_mux:Mux1|mux_src:auto_generated|_~121            ; out0             ;
; |expand_task|seqdet:comb_5|lpm_mux:Mux1|mux_src:auto_generated|_~130            ; |expand_task|seqdet:comb_5|lpm_mux:Mux1|mux_src:auto_generated|_~130            ; out0             ;
; |expand_task|seqdet:comb_5|lpm_mux:Mux0|mux_src:auto_generated|_~0              ; |expand_task|seqdet:comb_5|lpm_mux:Mux0|mux_src:auto_generated|_~0              ; out0             ;
; |expand_task|seqdet:comb_5|lpm_mux:Mux0|mux_src:auto_generated|_~2              ; |expand_task|seqdet:comb_5|lpm_mux:Mux0|mux_src:auto_generated|_~2              ; out0             ;
; |expand_task|seqdet:comb_5|lpm_mux:Mux0|mux_src:auto_generated|_~4              ; |expand_task|seqdet:comb_5|lpm_mux:Mux0|mux_src:auto_generated|_~4              ; out0             ;
; |expand_task|seqdet:comb_5|lpm_mux:Mux0|mux_src:auto_generated|_~9              ; |expand_task|seqdet:comb_5|lpm_mux:Mux0|mux_src:auto_generated|_~9              ; out0             ;
; |expand_task|seqdet:comb_5|lpm_mux:Mux0|mux_src:auto_generated|_~11             ; |expand_task|seqdet:comb_5|lpm_mux:Mux0|mux_src:auto_generated|_~11             ; out0             ;
; |expand_task|seqdet:comb_5|lpm_mux:Mux0|mux_src:auto_generated|_~13             ; |expand_task|seqdet:comb_5|lpm_mux:Mux0|mux_src:auto_generated|_~13             ; out0             ;
; |expand_task|seqdet:comb_5|lpm_mux:Mux0|mux_src:auto_generated|_~19             ; |expand_task|seqdet:comb_5|lpm_mux:Mux0|mux_src:auto_generated|_~19             ; out0             ;
; |expand_task|seqdet:comb_5|lpm_mux:Mux0|mux_src:auto_generated|_~20             ; |expand_task|seqdet:comb_5|lpm_mux:Mux0|mux_src:auto_generated|_~20             ; out0             ;
; |expand_task|seqdet:comb_5|lpm_mux:Mux0|mux_src:auto_generated|_~21             ; |expand_task|seqdet:comb_5|lpm_mux:Mux0|mux_src:auto_generated|_~21             ; out0             ;
; |expand_task|seqdet:comb_5|lpm_mux:Mux0|mux_src:auto_generated|_~22             ; |expand_task|seqdet:comb_5|lpm_mux:Mux0|mux_src:auto_generated|_~22             ; out0             ;
; |expand_task|seqdet:comb_5|lpm_mux:Mux0|mux_src:auto_generated|_~24             ; |expand_task|seqdet:comb_5|lpm_mux:Mux0|mux_src:auto_generated|_~24             ; out0             ;
; |expand_task|seqdet:comb_5|lpm_mux:Mux0|mux_src:auto_generated|_~26             ; |expand_task|seqdet:comb_5|lpm_mux:Mux0|mux_src:auto_generated|_~26             ; out0             ;
; |expand_task|seqdet:comb_5|lpm_mux:Mux0|mux_src:auto_generated|_~31             ; |expand_task|seqdet:comb_5|lpm_mux:Mux0|mux_src:auto_generated|_~31             ; out0             ;
; |expand_task|seqdet:comb_5|lpm_mux:Mux0|mux_src:auto_generated|_~33             ; |expand_task|seqdet:comb_5|lpm_mux:Mux0|mux_src:auto_generated|_~33             ; out0             ;
; |expand_task|seqdet:comb_5|lpm_mux:Mux0|mux_src:auto_generated|_~35             ; |expand_task|seqdet:comb_5|lpm_mux:Mux0|mux_src:auto_generated|_~35             ; out0             ;
; |expand_task|seqdet:comb_5|lpm_mux:Mux0|mux_src:auto_generated|_~41             ; |expand_task|seqdet:comb_5|lpm_mux:Mux0|mux_src:auto_generated|_~41             ; out0             ;
; |expand_task|seqdet:comb_5|lpm_mux:Mux0|mux_src:auto_generated|_~42             ; |expand_task|seqdet:comb_5|lpm_mux:Mux0|mux_src:auto_generated|_~42             ; out0             ;
; |expand_task|seqdet:comb_5|lpm_mux:Mux0|mux_src:auto_generated|_~43             ; |expand_task|seqdet:comb_5|lpm_mux:Mux0|mux_src:auto_generated|_~43             ; out0             ;
; |expand_task|seqdet:comb_5|lpm_mux:Mux0|mux_src:auto_generated|_~44             ; |expand_task|seqdet:comb_5|lpm_mux:Mux0|mux_src:auto_generated|_~44             ; out0             ;
; |expand_task|seqdet:comb_5|lpm_mux:Mux0|mux_src:auto_generated|_~46             ; |expand_task|seqdet:comb_5|lpm_mux:Mux0|mux_src:auto_generated|_~46             ; out0             ;
; |expand_task|seqdet:comb_5|lpm_mux:Mux0|mux_src:auto_generated|_~49             ; |expand_task|seqdet:comb_5|lpm_mux:Mux0|mux_src:auto_generated|_~49             ; out0             ;
; |expand_task|seqdet:comb_5|lpm_mux:Mux0|mux_src:auto_generated|_~51             ; |expand_task|seqdet:comb_5|lpm_mux:Mux0|mux_src:auto_generated|_~51             ; out0             ;
; |expand_task|seqdet:comb_5|lpm_mux:Mux0|mux_src:auto_generated|_~52             ; |expand_task|seqdet:comb_5|lpm_mux:Mux0|mux_src:auto_generated|_~52             ; out0             ;
; |expand_task|seqdet:comb_5|lpm_mux:Mux0|mux_src:auto_generated|_~58             ; |expand_task|seqdet:comb_5|lpm_mux:Mux0|mux_src:auto_generated|_~58             ; out0             ;
; |expand_task|seqdet:comb_5|lpm_mux:Mux0|mux_src:auto_generated|_~60             ; |expand_task|seqdet:comb_5|lpm_mux:Mux0|mux_src:auto_generated|_~60             ; out0             ;
; |expand_task|seqdet:comb_5|lpm_mux:Mux0|mux_src:auto_generated|_~61             ; |expand_task|seqdet:comb_5|lpm_mux:Mux0|mux_src:auto_generated|_~61             ; out0             ;
; |expand_task|seqdet:comb_5|lpm_mux:Mux0|mux_src:auto_generated|result_node[0]~0 ; |expand_task|seqdet:comb_5|lpm_mux:Mux0|mux_src:auto_generated|result_node[0]~0 ; out0             ;
; |expand_task|seqdet:comb_5|lpm_mux:Mux0|mux_src:auto_generated|_~72             ; |expand_task|seqdet:comb_5|lpm_mux:Mux0|mux_src:auto_generated|_~72             ; out0             ;
; |expand_task|seqdet:comb_5|lpm_mux:Mux0|mux_src:auto_generated|_~74             ; |expand_task|seqdet:comb_5|lpm_mux:Mux0|mux_src:auto_generated|_~74             ; out0             ;
; |expand_task|seqdet:comb_5|lpm_mux:Mux0|mux_src:auto_generated|_~76             ; |expand_task|seqdet:comb_5|lpm_mux:Mux0|mux_src:auto_generated|_~76             ; out0             ;
; |expand_task|seqdet:comb_5|lpm_mux:Mux0|mux_src:auto_generated|_~81             ; |expand_task|seqdet:comb_5|lpm_mux:Mux0|mux_src:auto_generated|_~81             ; out0             ;
; |expand_task|seqdet:comb_5|lpm_mux:Mux0|mux_src:auto_generated|_~83             ; |expand_task|seqdet:comb_5|lpm_mux:Mux0|mux_src:auto_generated|_~83             ; out0             ;
; |expand_task|seqdet:comb_5|lpm_mux:Mux0|mux_src:auto_generated|_~85             ; |expand_task|seqdet:comb_5|lpm_mux:Mux0|mux_src:auto_generated|_~85             ; out0             ;
; |expand_task|seqdet:comb_5|lpm_mux:Mux0|mux_src:auto_generated|_~91             ; |expand_task|seqdet:comb_5|lpm_mux:Mux0|mux_src:auto_generated|_~91             ; out0             ;
; |expand_task|seqdet:comb_5|lpm_mux:Mux0|mux_src:auto_generated|_~92             ; |expand_task|seqdet:comb_5|lpm_mux:Mux0|mux_src:auto_generated|_~92             ; out0             ;
; |expand_task|seqdet:comb_5|lpm_mux:Mux0|mux_src:auto_generated|_~93             ; |expand_task|seqdet:comb_5|lpm_mux:Mux0|mux_src:auto_generated|_~93             ; out0             ;
; |expand_task|seqdet:comb_5|lpm_mux:Mux0|mux_src:auto_generated|_~94             ; |expand_task|seqdet:comb_5|lpm_mux:Mux0|mux_src:auto_generated|_~94             ; out0             ;
; |expand_task|seqdet:comb_5|lpm_mux:Mux0|mux_src:auto_generated|_~96             ; |expand_task|seqdet:comb_5|lpm_mux:Mux0|mux_src:auto_generated|_~96             ; out0             ;
; |expand_task|seqdet:comb_5|lpm_mux:Mux0|mux_src:auto_generated|_~99             ; |expand_task|seqdet:comb_5|lpm_mux:Mux0|mux_src:auto_generated|_~99             ; out0             ;
; |expand_task|seqdet:comb_5|lpm_mux:Mux0|mux_src:auto_generated|_~101            ; |expand_task|seqdet:comb_5|lpm_mux:Mux0|mux_src:auto_generated|_~101            ; out0             ;
; |expand_task|seqdet:comb_5|lpm_mux:Mux0|mux_src:auto_generated|_~102            ; |expand_task|seqdet:comb_5|lpm_mux:Mux0|mux_src:auto_generated|_~102            ; out0             ;
; |expand_task|seqdet:comb_5|lpm_mux:Mux0|mux_src:auto_generated|_~108            ; |expand_task|seqdet:comb_5|lpm_mux:Mux0|mux_src:auto_generated|_~108            ; out0             ;
; |expand_task|seqdet:comb_5|lpm_mux:Mux0|mux_src:auto_generated|_~110            ; |expand_task|seqdet:comb_5|lpm_mux:Mux0|mux_src:auto_generated|_~110            ; out0             ;
; |expand_task|seqdet:comb_5|lpm_mux:Mux0|mux_src:auto_generated|_~111            ; |expand_task|seqdet:comb_5|lpm_mux:Mux0|mux_src:auto_generated|_~111            ; out0             ;
; |expand_task|seqdet:comb_5|lpm_mux:Mux0|mux_src:auto_generated|_~121            ; |expand_task|seqdet:comb_5|lpm_mux:Mux0|mux_src:auto_generated|_~121            ; out0             ;
; |expand_task|seqdet:comb_5|lpm_mux:Mux0|mux_src:auto_generated|_~123            ; |expand_task|seqdet:comb_5|lpm_mux:Mux0|mux_src:auto_generated|_~123            ; out0             ;
; |expand_task|seqdet:comb_5|lpm_mux:Mux0|mux_src:auto_generated|_~125            ; |expand_task|seqdet:comb_5|lpm_mux:Mux0|mux_src:auto_generated|_~125            ; out0             ;
; |expand_task|seqdet:comb_5|lpm_mux:Mux0|mux_src:auto_generated|_~130            ; |expand_task|seqdet:comb_5|lpm_mux:Mux0|mux_src:auto_generated|_~130            ; out0             ;
; |expand_task|seqdet:comb_5|lpm_mux:Mux0|mux_src:auto_generated|_~132            ; |expand_task|seqdet:comb_5|lpm_mux:Mux0|mux_src:auto_generated|_~132            ; out0             ;
; |expand_task|seqdet:comb_5|lpm_mux:Mux0|mux_src:auto_generated|_~134            ; |expand_task|seqdet:comb_5|lpm_mux:Mux0|mux_src:auto_generated|_~134            ; out0             ;
; |expand_task|seqdet:comb_5|lpm_mux:Mux0|mux_src:auto_generated|_~140            ; |expand_task|seqdet:comb_5|lpm_mux:Mux0|mux_src:auto_generated|_~140            ; out0             ;
; |expand_task|seqdet:comb_5|lpm_mux:Mux0|mux_src:auto_generated|_~141            ; |expand_task|seqdet:comb_5|lpm_mux:Mux0|mux_src:auto_generated|_~141            ; out0             ;
+---------------------------------------------------------------------------------+---------------------------------------------------------------------------------+------------------+


+---------------------+
; Simulator INI Usage ;
+--------+------------+
; Option ; Usage      ;
+--------+------------+


+--------------------+
; Simulator Messages ;
+--------------------+
Info: *******************************************************************
Info: Running Quartus II 64-Bit Simulator
    Info: Version 13.0.1 Build 232 06/12/2013 Service Pack 1 SJ Web Edition
    Info: Processing started: Sun Jan 08 11:10:55 2023
Info: Command: quartus_sim --simulation_results_format=VWF expand_task -c expand_task
Info (324025): Using vector source file "C:/altera/Experiment4/expand_task/Waveform.vwf"
Info (310003): Option to preserve fewer signal transitions to reduce memory requirements is enabled
    Info (310004): Simulation has been partitioned into sub-simulations according to the maximum transition count determined by the engine. Transitions from memory will be flushed out to disk at the end of each sub-simulation to reduce memory requirements.
Warning (324036): Found clock-sensitive change during active clock edge at time 90.0 ns on register "|expand_task|data_generate:comb_4|data[0]"
Warning (324036): Found clock-sensitive change during active clock edge at time 90.0 ns on register "|expand_task|data_generate:comb_4|data[1]"
Warning (324036): Found clock-sensitive change during active clock edge at time 90.0 ns on register "|expand_task|data_generate:comb_4|data[2]"
Warning (324036): Found clock-sensitive change during active clock edge at time 90.0 ns on register "|expand_task|data_generate:comb_4|data[3]"
Warning (324036): Found clock-sensitive change during active clock edge at time 90.0 ns on register "|expand_task|data_generate:comb_4|data[4]"
Warning (324036): Found clock-sensitive change during active clock edge at time 90.0 ns on register "|expand_task|data_generate:comb_4|data[5]"
Warning (324036): Found clock-sensitive change during active clock edge at time 90.0 ns on register "|expand_task|data_generate:comb_4|data[6]"
Warning (324036): Found clock-sensitive change during active clock edge at time 90.0 ns on register "|expand_task|data_generate:comb_4|data[7]"
Warning (324036): Found clock-sensitive change during active clock edge at time 90.0 ns on register "|expand_task|data_generate:comb_4|dout"
Info (310002): Simulation partitioned into 1 sub-simulations
Info (328053): Simulation coverage is      68.99 %
Info (328052): Number of transitions in simulation is 5153
Info (324045): Vector file expand_task.sim.vwf is saved in VWF text format. You can compress it into CVWF format in order to reduce file size. For more details please refer to the Quartus II Help.
Info: Quartus II 64-Bit Simulator was successful. 0 errors, 9 warnings
    Info: Peak virtual memory: 4444 megabytes
    Info: Processing ended: Sun Jan 08 11:10:55 2023
    Info: Elapsed time: 00:00:00
    Info: Total CPU time (on all processors): 00:00:01


