Flow report for D
Thu Oct 27 18:37:52 2022
Quartus II 64-Bit Version 13.0.1 Build 232 06/12/2013 Service Pack 1 SJ Web Edition


---------------------
; Table of Contents ;
---------------------
  1. Legal Notice
  2. Flow Summary
  3. Flow Settings
  4. Flow Non-Default Global Settings
  5. Flow Elapsed Time
  6. Flow OS Summary
  7. Flow Log
  8. Flow Messages
  9. Flow Suppressed Messages



----------------
; Legal Notice ;
----------------
Copyright (C) 1991-2013 Altera Corporation
Your use of Altera Corporation's design tools, logic functions 
and other software and tools, and its AMPP partner logic 
functions, and any output files from any of the foregoing 
(including device programming or simulation files), and any 
associated documentation or information are expressly subject 
to the terms and conditions of the Altera Program License 
Subscription Agreement, Altera MegaCore Function License 
Agreement, or other applicable license agreement, including, 
without limitation, that your use is for the sole purpose of 
programming logic devices manufactured by Altera and sold by 
Altera or its authorized distributors.  Please refer to the 
applicable agreement for further details.



+--------------------------------------------------------------------------------------+
; Flow Summary                                                                         ;
+------------------------------------+-------------------------------------------------+
; Flow Status                        ; Successful - Thu Oct 27 18:37:52 2022           ;
; Quartus II 64-Bit Version          ; 13.0.1 Build 232 06/12/2013 SP 1 SJ Web Edition ;
; Revision Name                      ; D                                               ;
; Top-level Entity Name              ; D                                               ;
; Family                             ; Cyclone III                                     ;
; Device                             ; EP3C55F484C8                                    ;
; Timing Models                      ; Final                                           ;
; Total logic elements               ; 2 / 55,856 ( < 1 % )                            ;
;     Total combinational functions  ; 1 / 55,856 ( < 1 % )                            ;
;     Dedicated logic registers      ; 1 / 55,856 ( < 1 % )                            ;
; Total registers                    ; 1                                               ;
; Total pins                         ; 5 / 328 ( 2 % )                                 ;
; Total virtual pins                 ; 0                                               ;
; Total memory bits                  ; 0 / 2,396,160 ( 0 % )                           ;
; Embedded Multiplier 9-bit elements ; 0 / 312 ( 0 % )                                 ;
; Total PLLs                         ; 0 / 4 ( 0 % )                                   ;
+------------------------------------+-------------------------------------------------+


+-----------------------------------------+
; Flow Settings                           ;
+-------------------+---------------------+
; Option            ; Setting             ;
+-------------------+---------------------+
; Start date & time ; 10/26/2022 23:48:13 ;
; Main task         ; Compilation         ;
; Revision Name     ; D                   ;
+-------------------+---------------------+


+-------------------------------------------------------------------------------------------------------------------------------+
; Flow Non-Default Global Settings                                                                                              ;
+--------------------------------------+---------------------------------------+---------------+-------------+------------------+
; Assignment Name                      ; Value                                 ; Default Value ; Entity Name ; Section Id       ;
+--------------------------------------+---------------------------------------+---------------+-------------+------------------+
; COMPILER_SIGNATURE_ID                ; 136411544849124.166679929310980       ; --            ; --          ; --               ;
; EDA_DESIGN_INSTANCE_NAME             ; i1                                    ; --            ; --          ; D_FF             ;
; EDA_DESIGN_INSTANCE_NAME             ; NA                                    ; --            ; --          ; D_vlg_sample_tst ;
; EDA_DESIGN_INSTANCE_NAME             ; NA                                    ; --            ; --          ; D_vlg_vec_tst    ;
; EDA_DESIGN_INSTANCE_NAME             ; NA                                    ; --            ; --          ; i1               ;
; EDA_GENERATE_FUNCTIONAL_NETLIST      ; On                                    ; --            ; --          ; eda_simulation   ;
; EDA_NATIVELINK_SIMULATION_TEST_BENCH ; D_vlg_vec_tst                         ; --            ; --          ; eda_simulation   ;
; EDA_OUTPUT_DATA_FORMAT               ; Verilog Hdl                           ; --            ; --          ; eda_simulation   ;
; EDA_SIMULATION_TOOL                  ; ModelSim-Altera (Verilog)             ; <None>        ; --          ; --               ;
; EDA_TEST_BENCH_ENABLE_STATUS         ; TEST_BENCH_MODE                       ; --            ; --          ; eda_simulation   ;
; EDA_TEST_BENCH_FILE                  ; ../D_FF/simulation/qsim/D_FF.vt       ; --            ; --          ; D_FF             ;
; EDA_TEST_BENCH_FILE                  ; simulation/qsim/D.vt                  ; --            ; --          ; D_vlg_sample_tst ;
; EDA_TEST_BENCH_FILE                  ; simulation/qsim/D.vt                  ; --            ; --          ; D_vlg_vec_tst    ;
; EDA_TEST_BENCH_FILE                  ; simulation/qsim/D.vt                  ; --            ; --          ; i1               ;
; EDA_TEST_BENCH_MODULE_NAME           ; D_FF                                  ; --            ; --          ; D_FF             ;
; EDA_TEST_BENCH_MODULE_NAME           ; D_vlg_sample_tst                      ; --            ; --          ; D_vlg_sample_tst ;
; EDA_TEST_BENCH_MODULE_NAME           ; D_vlg_vec_tst                         ; --            ; --          ; D_vlg_vec_tst    ;
; EDA_TEST_BENCH_MODULE_NAME           ; i1                                    ; --            ; --          ; i1               ;
; EDA_TEST_BENCH_NAME                  ; D_FF                                  ; --            ; --          ; eda_simulation   ;
; EDA_TEST_BENCH_NAME                  ; D_vlg_sample_tst                      ; --            ; --          ; eda_simulation   ;
; EDA_TEST_BENCH_NAME                  ; D_vlg_vec_tst                         ; --            ; --          ; eda_simulation   ;
; EDA_TEST_BENCH_NAME                  ; i1                                    ; --            ; --          ; eda_simulation   ;
; EDA_TIME_SCALE                       ; 1 ns                                  ; --            ; --          ; eda_simulation   ;
; MAX_CORE_JUNCTION_TEMP               ; 85                                    ; --            ; --          ; --               ;
; MIN_CORE_JUNCTION_TEMP               ; 0                                     ; --            ; --          ; --               ;
; PARTITION_COLOR                      ; 16764057                              ; --            ; --          ; Top              ;
; PARTITION_FITTER_PRESERVATION_LEVEL  ; PLACEMENT_AND_ROUTING                 ; --            ; --          ; Top              ;
; PARTITION_NETLIST_TYPE               ; SOURCE                                ; --            ; --          ; Top              ;
; POWER_BOARD_THERMAL_MODEL            ; None (CONSERVATIVE)                   ; --            ; --          ; --               ;
; POWER_PRESET_COOLING_SOLUTION        ; 23 MM HEAT SINK WITH 200 LFPM AIRFLOW ; --            ; --          ; --               ;
; PROJECT_OUTPUT_DIRECTORY             ; output_files                          ; --            ; --          ; --               ;
+--------------------------------------+---------------------------------------+---------------+-------------+------------------+


+-------------------------------------------------------------------------------------------------------------------------------+
; Flow Elapsed Time                                                                                                             ;
+---------------------------+--------------+-------------------------+---------------------+------------------------------------+
; Module Name               ; Elapsed Time ; Average Processors Used ; Peak Virtual Memory ; Total CPU Time (on all processors) ;
+---------------------------+--------------+-------------------------+---------------------+------------------------------------+
; Analysis & Synthesis      ; 00:00:02     ; 1.0                     ; 4576 MB             ; 00:00:02                           ;
; Fitter                    ; 00:00:08     ; 1.0                     ; 4946 MB             ; 00:00:08                           ;
; Assembler                 ; 00:00:03     ; 1.0                     ; 4544 MB             ; 00:00:03                           ;
; TimeQuest Timing Analyzer ; 00:00:02     ; 1.0                     ; 4610 MB             ; 00:00:03                           ;
; EDA Netlist Writer        ; 00:00:01     ; 1.0                     ; 4501 MB             ; 00:00:01                           ;
; EDA Netlist Writer        ; 00:00:01     ; 1.0                     ; 4503 MB             ; 00:00:01                           ;
; EDA Netlist Writer        ; 00:00:00     ; 1.0                     ; 4519 MB             ; 00:00:01                           ;
; Total                     ; 00:00:17     ; --                      ; --                  ; 00:00:19                           ;
+---------------------------+--------------+-------------------------+---------------------+------------------------------------+


+----------------------------------------------------------------------------------------+
; Flow OS Summary                                                                        ;
+---------------------------+------------------+-----------+------------+----------------+
; Module Name               ; Machine Hostname ; OS Name   ; OS Version ; Processor type ;
+---------------------------+------------------+-----------+------------+----------------+
; Analysis & Synthesis      ; LAPTOP-5EFP5NV3  ; Windows 7 ; 6.2        ; x86_64         ;
; Fitter                    ; LAPTOP-5EFP5NV3  ; Windows 7 ; 6.2        ; x86_64         ;
; Assembler                 ; LAPTOP-5EFP5NV3  ; Windows 7 ; 6.2        ; x86_64         ;
; TimeQuest Timing Analyzer ; LAPTOP-5EFP5NV3  ; Windows 7 ; 6.2        ; x86_64         ;
; EDA Netlist Writer        ; LAPTOP-5EFP5NV3  ; Windows 7 ; 6.2        ; x86_64         ;
; EDA Netlist Writer        ; LAPTOP-5EFP5NV3  ; Windows 7 ; 6.2        ; x86_64         ;
; EDA Netlist Writer        ; LAPTOP-5EFP5NV3  ; Windows 7 ; 6.2        ; x86_64         ;
+---------------------------+------------------+-----------+------------+----------------+


------------
; Flow Log ;
------------
quartus_map --read_settings_files=on --write_settings_files=off D -c D
quartus_fit --read_settings_files=off --write_settings_files=off D -c D
quartus_asm --read_settings_files=off --write_settings_files=off D -c D
quartus_sta D -c D
quartus_eda --read_settings_files=off --write_settings_files=off D -c D
quartus_eda --gen_testbench --check_outputs=on --tool=modelsim_oem --format=verilog D -c D --vector_source=C:/altera/Experiment2/D/D.vwf --testbench_file=./simulation/qsim/D.vt
quartus_eda --functional=on --simulation=on --tool=modelsim_oem --format=verilog D -c D



