#-----------------------------------------------------------
# Vivado v2018.3 (64-bit)
# SW Build 2405991 on Thu Dec  6 23:38:27 MST 2018
# IP Build 2404404 on Fri Dec  7 01:43:56 MST 2018
# Start of session at: Mon Jun 10 17:06:40 2024
# Process ID: 28064
# Current directory: D:/Study/hardware/zonghe1
# Command line: vivado.exe -gui_launcher_event rodinguilauncherevent28616 D:\Study\hardware\zonghe1\zonghe1.xpr
# Log file: D:/Study/hardware/zonghe1/vivado.log
# Journal file: D:/Study/hardware/zonghe1\vivado.jou
#-----------------------------------------------------------
start_gui
open_project D:/Study/hardware/zonghe1/zonghe1.xpr
Scanning sources...
Finished scanning sources
INFO: [IP_Flow 19-234] Refreshing IP repositories
INFO: [IP_Flow 19-1700] Loaded user IP repository 'd:/Study/hardware/ip_repo'.
INFO: [IP_Flow 19-2313] Loaded Vivado IP repository 'D:/ProgramFiles/Xilinx/Vivado/2018.3/data/ip'.
open_project: Time (s): cpu = 00:00:23 ; elapsed = 00:00:12 . Memory (MB): peak = 922.703 ; gain = 296.590
exit
INFO: [Common 17-206] Exiting Vivado at Mon Jun 10 17:07:17 2024...
