Analysis & Synthesis report for top
Wed Mar 01 13:56:42 2023
Quartus II 64-Bit Version 13.0.1 Build 232 06/12/2013 Service Pack 1 SJ Web Edition


---------------------
; Table of Contents ;
---------------------
  1. Legal Notice
  2. Analysis & Synthesis Summary
  3. Analysis & Synthesis Settings
  4. Parallel Compilation
  5. Analysis & Synthesis Source Files Read
  6. Analysis & Synthesis Resource Usage Summary
  7. Analysis & Synthesis Resource Utilization by Entity
  8. User-Specified and Inferred Latches
  9. Registers Removed During Synthesis
 10. General Register Statistics
 11. Inverted Register Statistics
 12. Multiplexer Restructuring Statistics (Restructuring Performed)
 13. Parameter Settings for User Entity Instance: frequency_divider:comb_3
 14. Parameter Settings for User Entity Instance: main:comb_5
 15. Parameter Settings for Inferred Entity Instance: test02:comb_8|lpm_divide:Div1
 16. Parameter Settings for Inferred Entity Instance: test02:comb_8|lpm_divide:Div0
 17. Parameter Settings for Inferred Entity Instance: test02:comb_8|lpm_divide:Mod0
 18. Parameter Settings for Inferred Entity Instance: test02:comb_8|lpm_divide:Mod1
 19. Parameter Settings for Inferred Entity Instance: test02A:comb_11|lpm_divide:Mod0
 20. Parameter Settings for Inferred Entity Instance: test02A:comb_11|lpm_divide:Div0
 21. Port Connectivity Checks: "test02A:comb_11"
 22. Port Connectivity Checks: "main:comb_5"
 23. Elapsed Time Per Partition
 24. Analysis & Synthesis Messages



----------------
; Legal Notice ;
----------------
Copyright (C) 1991-2013 Altera Corporation
Your use of Altera Corporation's design tools, logic functions 
and other software and tools, and its AMPP partner logic 
functions, and any output files from any of the foregoing 
(including device programming or simulation files), and any 
associated documentation or information are expressly subject 
to the terms and conditions of the Altera Program License 
Subscription Agreement, Altera MegaCore Function License 
Agreement, or other applicable license agreement, including, 
without limitation, that your use is for the sole purpose of 
programming logic devices manufactured by Altera and sold by 
Altera or its authorized distributors.  Please refer to the 
applicable agreement for further details.



+--------------------------------------------------------------------------------------+
; Analysis & Synthesis Summary                                                         ;
+------------------------------------+-------------------------------------------------+
; Analysis & Synthesis Status        ; Successful - Wed Mar 01 13:56:42 2023           ;
; Quartus II 64-Bit Version          ; 13.0.1 Build 232 06/12/2013 SP 1 SJ Web Edition ;
; Revision Name                      ; top                                             ;
; Top-level Entity Name              ; top                                             ;
; Family                             ; Cyclone III                                     ;
; Total logic elements               ; 508                                             ;
;     Total combinational functions  ; 496                                             ;
;     Dedicated logic registers      ; 175                                             ;
; Total registers                    ; 175                                             ;
; Total pins                         ; 120                                             ;
; Total virtual pins                 ; 0                                               ;
; Total memory bits                  ; 0                                               ;
; Embedded Multiplier 9-bit elements ; 0                                               ;
; Total PLLs                         ; 0                                               ;
+------------------------------------+-------------------------------------------------+


+----------------------------------------------------------------------------------------------------------------------+
; Analysis & Synthesis Settings                                                                                        ;
+----------------------------------------------------------------------------+--------------------+--------------------+
; Option                                                                     ; Setting            ; Default Value      ;
+----------------------------------------------------------------------------+--------------------+--------------------+
; Device                                                                     ; EP3C55F484C8       ;                    ;
; Top-level entity name                                                      ; top                ; top                ;
; Family name                                                                ; Cyclone III        ; Cyclone IV GX      ;
; Use smart compilation                                                      ; Off                ; Off                ;
; Enable parallel Assembler and TimeQuest Timing Analyzer during compilation ; On                 ; On                 ;
; Enable compact report table                                                ; Off                ; Off                ;
; Restructure Multiplexers                                                   ; Auto               ; Auto               ;
; Create Debugging Nodes for IP Cores                                        ; Off                ; Off                ;
; Preserve fewer node names                                                  ; On                 ; On                 ;
; Disable OpenCore Plus hardware evaluation                                  ; Off                ; Off                ;
; Verilog Version                                                            ; Verilog_2001       ; Verilog_2001       ;
; VHDL Version                                                               ; VHDL_1993          ; VHDL_1993          ;
; State Machine Processing                                                   ; Auto               ; Auto               ;
; Safe State Machine                                                         ; Off                ; Off                ;
; Extract Verilog State Machines                                             ; On                 ; On                 ;
; Extract VHDL State Machines                                                ; On                 ; On                 ;
; Ignore Verilog initial constructs                                          ; Off                ; Off                ;
; Iteration limit for constant Verilog loops                                 ; 5000               ; 5000               ;
; Iteration limit for non-constant Verilog loops                             ; 250                ; 250                ;
; Add Pass-Through Logic to Inferred RAMs                                    ; On                 ; On                 ;
; Infer RAMs from Raw Logic                                                  ; On                 ; On                 ;
; Parallel Synthesis                                                         ; On                 ; On                 ;
; DSP Block Balancing                                                        ; Auto               ; Auto               ;
; NOT Gate Push-Back                                                         ; On                 ; On                 ;
; Power-Up Don't Care                                                        ; On                 ; On                 ;
; Remove Redundant Logic Cells                                               ; Off                ; Off                ;
; Remove Duplicate Registers                                                 ; On                 ; On                 ;
; Ignore CARRY Buffers                                                       ; Off                ; Off                ;
; Ignore CASCADE Buffers                                                     ; Off                ; Off                ;
; Ignore GLOBAL Buffers                                                      ; Off                ; Off                ;
; Ignore ROW GLOBAL Buffers                                                  ; Off                ; Off                ;
; Ignore LCELL Buffers                                                       ; Off                ; Off                ;
; Ignore SOFT Buffers                                                        ; On                 ; On                 ;
; Limit AHDL Integers to 32 Bits                                             ; Off                ; Off                ;
; Optimization Technique                                                     ; Balanced           ; Balanced           ;
; Carry Chain Length                                                         ; 70                 ; 70                 ;
; Auto Carry Chains                                                          ; On                 ; On                 ;
; Auto Open-Drain Pins                                                       ; On                 ; On                 ;
; Perform WYSIWYG Primitive Resynthesis                                      ; Off                ; Off                ;
; Auto ROM Replacement                                                       ; On                 ; On                 ;
; Auto RAM Replacement                                                       ; On                 ; On                 ;
; Auto DSP Block Replacement                                                 ; On                 ; On                 ;
; Auto Shift Register Replacement                                            ; Auto               ; Auto               ;
; Allow Shift Register Merging across Hierarchies                            ; Auto               ; Auto               ;
; Auto Clock Enable Replacement                                              ; On                 ; On                 ;
; Strict RAM Replacement                                                     ; Off                ; Off                ;
; Allow Synchronous Control Signals                                          ; On                 ; On                 ;
; Force Use of Synchronous Clear Signals                                     ; Off                ; Off                ;
; Auto RAM Block Balancing                                                   ; On                 ; On                 ;
; Auto RAM to Logic Cell Conversion                                          ; Off                ; Off                ;
; Auto Resource Sharing                                                      ; Off                ; Off                ;
; Allow Any RAM Size For Recognition                                         ; Off                ; Off                ;
; Allow Any ROM Size For Recognition                                         ; Off                ; Off                ;
; Allow Any Shift Register Size For Recognition                              ; Off                ; Off                ;
; Use LogicLock Constraints during Resource Balancing                        ; On                 ; On                 ;
; Ignore translate_off and synthesis_off directives                          ; Off                ; Off                ;
; Timing-Driven Synthesis                                                    ; On                 ; On                 ;
; Report Parameter Settings                                                  ; On                 ; On                 ;
; Report Source Assignments                                                  ; On                 ; On                 ;
; Report Connectivity Checks                                                 ; On                 ; On                 ;
; Ignore Maximum Fan-Out Assignments                                         ; Off                ; Off                ;
; Synchronization Register Chain Length                                      ; 2                  ; 2                  ;
; PowerPlay Power Optimization                                               ; Normal compilation ; Normal compilation ;
; HDL message level                                                          ; Level2             ; Level2             ;
; Suppress Register Optimization Related Messages                            ; Off                ; Off                ;
; Number of Removed Registers Reported in Synthesis Report                   ; 5000               ; 5000               ;
; Number of Swept Nodes Reported in Synthesis Report                         ; 5000               ; 5000               ;
; Number of Inverted Registers Reported in Synthesis Report                  ; 100                ; 100                ;
; Clock MUX Protection                                                       ; On                 ; On                 ;
; Auto Gated Clock Conversion                                                ; Off                ; Off                ;
; Block Design Naming                                                        ; Auto               ; Auto               ;
; SDC constraint protection                                                  ; Off                ; Off                ;
; Synthesis Effort                                                           ; Auto               ; Auto               ;
; Shift Register Replacement - Allow Asynchronous Clear Signal               ; On                 ; On                 ;
; Pre-Mapping Resynthesis Optimization                                       ; Off                ; Off                ;
; Analysis & Synthesis Message Level                                         ; Medium             ; Medium             ;
; Disable Register Merging Across Hierarchies                                ; Auto               ; Auto               ;
; Resource Aware Inference For Block RAM                                     ; On                 ; On                 ;
; Synthesis Seed                                                             ; 1                  ; 1                  ;
+----------------------------------------------------------------------------+--------------------+--------------------+


Parallel compilation was disabled, but you have multiple processors available. Enable parallel compilation to reduce compilation time.
+-------------------------------------+
; Parallel Compilation                ;
+----------------------------+--------+
; Processors                 ; Number ;
+----------------------------+--------+
; Number detected on machine ; 16     ;
; Maximum allowed            ; 1      ;
+----------------------------+--------+


+------------------------------------------------------------------------------------------------------------------------------------------------------------------------------------+
; Analysis & Synthesis Source Files Read                                                                                                                                             ;
+----------------------------------+-----------------+------------------------------+--------------------------------------------------------------------------------------+---------+
; File Name with User-Entered Path ; Used in Netlist ; File Type                    ; File Name with Absolute Path                                                         ; Library ;
+----------------------------------+-----------------+------------------------------+--------------------------------------------------------------------------------------+---------+
; test02.v                         ; yes             ; User Verilog HDL File        ; C:/altera/8/Experiment7(new)/Experiment77/Experiment7/top/test02.v                   ;         ;
; scan.v                           ; yes             ; User Verilog HDL File        ; C:/altera/8/Experiment7(new)/Experiment77/Experiment7/top/scan.v                     ;         ;
; pretime.v                        ; yes             ; User Verilog HDL File        ; C:/altera/8/Experiment7(new)/Experiment77/Experiment7/top/pretime.v                  ;         ;
; main.v                           ; yes             ; User Verilog HDL File        ; C:/altera/8/Experiment7(new)/Experiment77/Experiment7/top/main.v                     ;         ;
; LED.v                            ; yes             ; User Verilog HDL File        ; C:/altera/8/Experiment7(new)/Experiment77/Experiment7/top/LED.v                      ;         ;
; frequency_divider.v              ; yes             ; User Verilog HDL File        ; C:/altera/8/Experiment7(new)/Experiment77/Experiment7/top/frequency_divider.v        ;         ;
; buzz.v                           ; yes             ; User Verilog HDL File        ; C:/altera/8/Experiment7(new)/Experiment77/Experiment7/top/buzz.v                     ;         ;
; test02A.v                        ; yes             ; User Verilog HDL File        ; C:/altera/8/Experiment7(new)/Experiment77/Experiment7/top/test02A.v                  ;         ;
; scanA.v                          ; yes             ; User Verilog HDL File        ; C:/altera/8/Experiment7(new)/Experiment77/Experiment7/top/scanA.v                    ;         ;
; LEDA.v                           ; yes             ; User Verilog HDL File        ; C:/altera/8/Experiment7(new)/Experiment77/Experiment7/top/LEDA.v                     ;         ;
; top.v                            ; yes             ; User Verilog HDL File        ; C:/altera/8/Experiment7(new)/Experiment77/Experiment7/top/top.v                      ;         ;
; lpm_divide.tdf                   ; yes             ; Megafunction                 ; c:/altera/13.0sp1/quartus/libraries/megafunctions/lpm_divide.tdf                     ;         ;
; abs_divider.inc                  ; yes             ; Megafunction                 ; c:/altera/13.0sp1/quartus/libraries/megafunctions/abs_divider.inc                    ;         ;
; sign_div_unsign.inc              ; yes             ; Megafunction                 ; c:/altera/13.0sp1/quartus/libraries/megafunctions/sign_div_unsign.inc                ;         ;
; aglobal130.inc                   ; yes             ; Megafunction                 ; c:/altera/13.0sp1/quartus/libraries/megafunctions/aglobal130.inc                     ;         ;
; db/lpm_divide_8gm.tdf            ; yes             ; Auto-Generated Megafunction  ; C:/altera/8/Experiment7(new)/Experiment77/Experiment7/top/db/lpm_divide_8gm.tdf      ;         ;
; db/sign_div_unsign_9kh.tdf       ; yes             ; Auto-Generated Megafunction  ; C:/altera/8/Experiment7(new)/Experiment77/Experiment7/top/db/sign_div_unsign_9kh.tdf ;         ;
; db/alt_u_div_t2f.tdf             ; yes             ; Auto-Generated Megafunction  ; C:/altera/8/Experiment7(new)/Experiment77/Experiment7/top/db/alt_u_div_t2f.tdf       ;         ;
; db/add_sub_unc.tdf               ; yes             ; Auto-Generated Megafunction  ; C:/altera/8/Experiment7(new)/Experiment77/Experiment7/top/db/add_sub_unc.tdf         ;         ;
; db/add_sub_vnc.tdf               ; yes             ; Auto-Generated Megafunction  ; C:/altera/8/Experiment7(new)/Experiment77/Experiment7/top/db/add_sub_vnc.tdf         ;         ;
; db/lpm_divide_b8m.tdf            ; yes             ; Auto-Generated Megafunction  ; C:/altera/8/Experiment7(new)/Experiment77/Experiment7/top/db/lpm_divide_b8m.tdf      ;         ;
+----------------------------------+-----------------+------------------------------+--------------------------------------------------------------------------------------+---------+


+---------------------------------------------------------------+
; Analysis & Synthesis Resource Usage Summary                   ;
+---------------------------------------------+-----------------+
; Resource                                    ; Usage           ;
+---------------------------------------------+-----------------+
; Estimated Total logic elements              ; 508             ;
;                                             ;                 ;
; Total combinational functions               ; 496             ;
; Logic element usage by number of LUT inputs ;                 ;
;     -- 4 input functions                    ; 136             ;
;     -- 3 input functions                    ; 67              ;
;     -- <=2 input functions                  ; 293             ;
;                                             ;                 ;
; Logic elements by mode                      ;                 ;
;     -- normal mode                          ; 286             ;
;     -- arithmetic mode                      ; 210             ;
;                                             ;                 ;
; Total registers                             ; 175             ;
;     -- Dedicated logic registers            ; 175             ;
;     -- I/O registers                        ; 0               ;
;                                             ;                 ;
; I/O pins                                    ; 120             ;
; Embedded Multiplier 9-bit elements          ; 0               ;
; Maximum fan-out node                        ; clk_50mhz~input ;
; Maximum fan-out                             ; 144             ;
; Total fan-out                               ; 2011            ;
; Average fan-out                             ; 2.21            ;
+---------------------------------------------+-----------------+


+---------------------------------------------------------------------------------------------------------------------------------------------------------------------------------------------------------------------------------------------------------------------------------------------+
; Analysis & Synthesis Resource Utilization by Entity                                                                                                                                                                                                                                         ;
+-------------------------------------------+-------------------+--------------+-------------+--------------+---------+-----------+------+--------------+----------------------------------------------------------------------------------------------------------------------+--------------+
; Compilation Hierarchy Node                ; LC Combinationals ; LC Registers ; Memory Bits ; DSP Elements ; DSP 9x9 ; DSP 18x18 ; Pins ; Virtual Pins ; Full Hierarchy Name                                                                                                  ; Library Name ;
+-------------------------------------------+-------------------+--------------+-------------+--------------+---------+-----------+------+--------------+----------------------------------------------------------------------------------------------------------------------+--------------+
; |top                                      ; 496 (0)           ; 175 (0)      ; 0           ; 0            ; 0       ; 0         ; 120  ; 0            ; |top                                                                                                                 ; work         ;
;    |LED:comb_9|                           ; 14 (14)           ; 0 (0)        ; 0           ; 0            ; 0       ; 0         ; 0    ; 0            ; |top|LED:comb_9                                                                                                      ; work         ;
;    |LEDA:comb_12|                         ; 7 (7)             ; 0 (0)        ; 0           ; 0            ; 0       ; 0         ; 0    ; 0            ; |top|LEDA:comb_12                                                                                                    ; work         ;
;    |buzz:comb_6|                          ; 2 (2)             ; 1 (1)        ; 0           ; 0            ; 0       ; 0         ; 0    ; 0            ; |top|buzz:comb_6                                                                                                     ; work         ;
;    |frequency_divider:comb_3|             ; 176 (176)         ; 132 (132)    ; 0           ; 0            ; 0       ; 0         ; 0    ; 0            ; |top|frequency_divider:comb_3                                                                                        ; work         ;
;    |main:comb_5|                          ; 76 (76)           ; 23 (23)      ; 0           ; 0            ; 0       ; 0         ; 0    ; 0            ; |top|main:comb_5                                                                                                     ; work         ;
;    |pretime:comb_4|                       ; 9 (9)             ; 18 (18)      ; 0           ; 0            ; 0       ; 0         ; 0    ; 0            ; |top|pretime:comb_4                                                                                                  ; work         ;
;    |scan:comb_7|                          ; 1 (1)             ; 1 (1)        ; 0           ; 0            ; 0       ; 0         ; 0    ; 0            ; |top|scan:comb_7                                                                                                     ; work         ;
;    |test02:comb_8|                        ; 143 (23)          ; 0 (0)        ; 0           ; 0            ; 0       ; 0         ; 0    ; 0            ; |top|test02:comb_8                                                                                                   ; work         ;
;       |lpm_divide:Div0|                   ; 30 (0)            ; 0 (0)        ; 0           ; 0            ; 0       ; 0         ; 0    ; 0            ; |top|test02:comb_8|lpm_divide:Div0                                                                                   ; work         ;
;          |lpm_divide_8gm:auto_generated|  ; 30 (0)            ; 0 (0)        ; 0           ; 0            ; 0       ; 0         ; 0    ; 0            ; |top|test02:comb_8|lpm_divide:Div0|lpm_divide_8gm:auto_generated                                                     ; work         ;
;             |sign_div_unsign_9kh:divider| ; 30 (0)            ; 0 (0)        ; 0           ; 0            ; 0       ; 0         ; 0    ; 0            ; |top|test02:comb_8|lpm_divide:Div0|lpm_divide_8gm:auto_generated|sign_div_unsign_9kh:divider                         ; work         ;
;                |alt_u_div_t2f:divider|    ; 30 (30)           ; 0 (0)        ; 0           ; 0            ; 0       ; 0         ; 0    ; 0            ; |top|test02:comb_8|lpm_divide:Div0|lpm_divide_8gm:auto_generated|sign_div_unsign_9kh:divider|alt_u_div_t2f:divider   ; work         ;
;       |lpm_divide:Div1|                   ; 30 (0)            ; 0 (0)        ; 0           ; 0            ; 0       ; 0         ; 0    ; 0            ; |top|test02:comb_8|lpm_divide:Div1                                                                                   ; work         ;
;          |lpm_divide_8gm:auto_generated|  ; 30 (0)            ; 0 (0)        ; 0           ; 0            ; 0       ; 0         ; 0    ; 0            ; |top|test02:comb_8|lpm_divide:Div1|lpm_divide_8gm:auto_generated                                                     ; work         ;
;             |sign_div_unsign_9kh:divider| ; 30 (0)            ; 0 (0)        ; 0           ; 0            ; 0       ; 0         ; 0    ; 0            ; |top|test02:comb_8|lpm_divide:Div1|lpm_divide_8gm:auto_generated|sign_div_unsign_9kh:divider                         ; work         ;
;                |alt_u_div_t2f:divider|    ; 30 (30)           ; 0 (0)        ; 0           ; 0            ; 0       ; 0         ; 0    ; 0            ; |top|test02:comb_8|lpm_divide:Div1|lpm_divide_8gm:auto_generated|sign_div_unsign_9kh:divider|alt_u_div_t2f:divider   ; work         ;
;       |lpm_divide:Mod0|                   ; 30 (0)            ; 0 (0)        ; 0           ; 0            ; 0       ; 0         ; 0    ; 0            ; |top|test02:comb_8|lpm_divide:Mod0                                                                                   ; work         ;
;          |lpm_divide_b8m:auto_generated|  ; 30 (0)            ; 0 (0)        ; 0           ; 0            ; 0       ; 0         ; 0    ; 0            ; |top|test02:comb_8|lpm_divide:Mod0|lpm_divide_b8m:auto_generated                                                     ; work         ;
;             |sign_div_unsign_9kh:divider| ; 30 (0)            ; 0 (0)        ; 0           ; 0            ; 0       ; 0         ; 0    ; 0            ; |top|test02:comb_8|lpm_divide:Mod0|lpm_divide_b8m:auto_generated|sign_div_unsign_9kh:divider                         ; work         ;
;                |alt_u_div_t2f:divider|    ; 30 (30)           ; 0 (0)        ; 0           ; 0            ; 0       ; 0         ; 0    ; 0            ; |top|test02:comb_8|lpm_divide:Mod0|lpm_divide_b8m:auto_generated|sign_div_unsign_9kh:divider|alt_u_div_t2f:divider   ; work         ;
;       |lpm_divide:Mod1|                   ; 30 (0)            ; 0 (0)        ; 0           ; 0            ; 0       ; 0         ; 0    ; 0            ; |top|test02:comb_8|lpm_divide:Mod1                                                                                   ; work         ;
;          |lpm_divide_b8m:auto_generated|  ; 30 (0)            ; 0 (0)        ; 0           ; 0            ; 0       ; 0         ; 0    ; 0            ; |top|test02:comb_8|lpm_divide:Mod1|lpm_divide_b8m:auto_generated                                                     ; work         ;
;             |sign_div_unsign_9kh:divider| ; 30 (0)            ; 0 (0)        ; 0           ; 0            ; 0       ; 0         ; 0    ; 0            ; |top|test02:comb_8|lpm_divide:Mod1|lpm_divide_b8m:auto_generated|sign_div_unsign_9kh:divider                         ; work         ;
;                |alt_u_div_t2f:divider|    ; 30 (30)           ; 0 (0)        ; 0           ; 0            ; 0       ; 0         ; 0    ; 0            ; |top|test02:comb_8|lpm_divide:Mod1|lpm_divide_b8m:auto_generated|sign_div_unsign_9kh:divider|alt_u_div_t2f:divider   ; work         ;
;    |test02A:comb_11|                      ; 68 (8)            ; 0 (0)        ; 0           ; 0            ; 0       ; 0         ; 0    ; 0            ; |top|test02A:comb_11                                                                                                 ; work         ;
;       |lpm_divide:Div0|                   ; 30 (0)            ; 0 (0)        ; 0           ; 0            ; 0       ; 0         ; 0    ; 0            ; |top|test02A:comb_11|lpm_divide:Div0                                                                                 ; work         ;
;          |lpm_divide_8gm:auto_generated|  ; 30 (0)            ; 0 (0)        ; 0           ; 0            ; 0       ; 0         ; 0    ; 0            ; |top|test02A:comb_11|lpm_divide:Div0|lpm_divide_8gm:auto_generated                                                   ; work         ;
;             |sign_div_unsign_9kh:divider| ; 30 (0)            ; 0 (0)        ; 0           ; 0            ; 0       ; 0         ; 0    ; 0            ; |top|test02A:comb_11|lpm_divide:Div0|lpm_divide_8gm:auto_generated|sign_div_unsign_9kh:divider                       ; work         ;
;                |alt_u_div_t2f:divider|    ; 30 (30)           ; 0 (0)        ; 0           ; 0            ; 0       ; 0         ; 0    ; 0            ; |top|test02A:comb_11|lpm_divide:Div0|lpm_divide_8gm:auto_generated|sign_div_unsign_9kh:divider|alt_u_div_t2f:divider ; work         ;
;       |lpm_divide:Mod0|                   ; 30 (0)            ; 0 (0)        ; 0           ; 0            ; 0       ; 0         ; 0    ; 0            ; |top|test02A:comb_11|lpm_divide:Mod0                                                                                 ; work         ;
;          |lpm_divide_b8m:auto_generated|  ; 30 (0)            ; 0 (0)        ; 0           ; 0            ; 0       ; 0         ; 0    ; 0            ; |top|test02A:comb_11|lpm_divide:Mod0|lpm_divide_b8m:auto_generated                                                   ; work         ;
;             |sign_div_unsign_9kh:divider| ; 30 (0)            ; 0 (0)        ; 0           ; 0            ; 0       ; 0         ; 0    ; 0            ; |top|test02A:comb_11|lpm_divide:Mod0|lpm_divide_b8m:auto_generated|sign_div_unsign_9kh:divider                       ; work         ;
;                |alt_u_div_t2f:divider|    ; 30 (30)           ; 0 (0)        ; 0           ; 0            ; 0       ; 0         ; 0    ; 0            ; |top|test02A:comb_11|lpm_divide:Mod0|lpm_divide_b8m:auto_generated|sign_div_unsign_9kh:divider|alt_u_div_t2f:divider ; work         ;
+-------------------------------------------+-------------------+--------------+-------------+--------------+---------+-----------+------+--------------+----------------------------------------------------------------------------------------------------------------------+--------------+
Note: For table entries with two numbers listed, the numbers in parentheses indicate the number of resources of the given type used by the specific entity alone. The numbers listed outside of parentheses indicate the total resources of the given type used by the specific entity and all of its sub-entities in the hierarchy.


+---------------------------------------------------------------------------------------------------+
; User-Specified and Inferred Latches                                                               ;
+----------------------------------------------------+---------------------+------------------------+
; Latch Name                                         ; Latch Enable Signal ; Free of Timing Hazards ;
+----------------------------------------------------+---------------------+------------------------+
; main:comb_5|n_state[1]                             ; main:comb_5|Mux0    ; yes                    ;
; main:comb_5|n_state[0]                             ; main:comb_5|Mux0    ; yes                    ;
; main:comb_5|n_state[2]                             ; main:comb_5|Mux0    ; yes                    ;
; test02:comb_8|out[0]                               ; VCC                 ; yes                    ;
; test02:comb_8|out[1]                               ; VCC                 ; yes                    ;
; test02:comb_8|out[2]                               ; VCC                 ; yes                    ;
; test02:comb_8|out[3]                               ; VCC                 ; yes                    ;
; Number of user-specified and inferred latches = 7  ;                     ;                        ;
+----------------------------------------------------+---------------------+------------------------+
Note: All latches listed above may not be present at the end of synthesis due to various synthesis optimizations.


+--------------------------------------------------------------------------------+
; Registers Removed During Synthesis                                             ;
+---------------------------------------+----------------------------------------+
; Register name                         ; Reason for Removal                     ;
+---------------------------------------+----------------------------------------+
; scanA:comb_10|sel[1]                  ; Merged with scan:comb_7|sel[1]         ;
; scanA:comb_10|sel[0]                  ; Merged with scan:comb_7|sel[0]         ;
; scan:comb_7|sel[1]                    ; Stuck at GND due to stuck port data_in ;
; Total Number of Removed Registers = 3 ;                                        ;
+---------------------------------------+----------------------------------------+


+------------------------------------------------------+
; General Register Statistics                          ;
+----------------------------------------------+-------+
; Statistic                                    ; Value ;
+----------------------------------------------+-------+
; Total registers                              ; 175   ;
; Number of registers using Synchronous Clear  ; 134   ;
; Number of registers using Synchronous Load   ; 12    ;
; Number of registers using Asynchronous Clear ; 0     ;
; Number of registers using Asynchronous Load  ; 0     ;
; Number of registers using Clock Enable       ; 24    ;
; Number of registers using Preset             ; 0     ;
+----------------------------------------------+-------+


+--------------------------------------------------+
; Inverted Register Statistics                     ;
+----------------------------------------+---------+
; Inverted Register                      ; Fan out ;
+----------------------------------------+---------+
; main:comb_5|c_state[0]                 ; 7       ;
; main:comb_5|c_state[2]                 ; 5       ;
; main:comb_5|c_state[1]                 ; 8       ;
; Total number of inverted registers = 3 ;         ;
+----------------------------------------+---------+


+-------------------------------------------------------------------------------------------------------------------------------------------+
; Multiplexer Restructuring Statistics (Restructuring Performed)                                                                            ;
+--------------------+-----------+---------------+----------------------+------------------------+------------+-----------------------------+
; Multiplexer Inputs ; Bus Width ; Baseline Area ; Area if Restructured ; Saving if Restructured ; Registered ; Example Multiplexer Output  ;
+--------------------+-----------+---------------+----------------------+------------------------+------------+-----------------------------+
; 6:1                ; 6 bits    ; 24 LEs        ; 6 LEs                ; 18 LEs                 ; Yes        ; |top|main:comb_5|l_count[5] ;
; 6:1                ; 6 bits    ; 24 LEs        ; 6 LEs                ; 18 LEs                 ; Yes        ; |top|main:comb_5|r_count[2] ;
; 6:1                ; 6 bits    ; 24 LEs        ; 6 LEs                ; 18 LEs                 ; Yes        ; |top|main:comb_5|y_count[5] ;
; 3:1                ; 4 bits    ; 8 LEs         ; 8 LEs                ; 0 LEs                  ; No         ; |top|test02:comb_8|a[0]     ;
; 3:1                ; 4 bits    ; 8 LEs         ; 8 LEs                ; 0 LEs                  ; No         ; |top|test02:comb_8|b[0]     ;
+--------------------+-----------+---------------+----------------------+------------------------+------------+-----------------------------+


+-----------------------------------------------------------------------+
; Parameter Settings for User Entity Instance: frequency_divider:comb_3 ;
+----------------+----------+-------------------------------------------+
; Parameter Name ; Value    ; Type                                      ;
+----------------+----------+-------------------------------------------+
; A              ; 50000000 ; Signed Integer                            ;
; B              ; 12500    ; Signed Integer                            ;
; C              ; 25000000 ; Signed Integer                            ;
; D              ; 500000   ; Signed Integer                            ;
+----------------+----------+-------------------------------------------+
Note: In order to hide this table in the UI and the text report file, please set the "Show Parameter Settings in Synthesis Report" option in "Analysis and Synthesis Settings -> More Settings" to "Off".


+----------------------------------------------------------+
; Parameter Settings for User Entity Instance: main:comb_5 ;
+----------------+-------+---------------------------------+
; Parameter Name ; Value ; Type                            ;
+----------------+-------+---------------------------------+
; l              ; 111   ; Unsigned Binary                 ;
; A              ; 001   ; Unsigned Binary                 ;
; B              ; 010   ; Unsigned Binary                 ;
; F              ; 011   ; Unsigned Binary                 ;
; C              ; 100   ; Unsigned Binary                 ;
; E              ; 111   ; Unsigned Binary                 ;
; D              ; 101   ; Unsigned Binary                 ;
; G              ; 110   ; Unsigned Binary                 ;
+----------------+-------+---------------------------------+
Note: In order to hide this table in the UI and the text report file, please set the "Show Parameter Settings in Synthesis Report" option in "Analysis and Synthesis Settings -> More Settings" to "Off".


+--------------------------------------------------------------------------------+
; Parameter Settings for Inferred Entity Instance: test02:comb_8|lpm_divide:Div1 ;
+------------------------+----------------+--------------------------------------+
; Parameter Name         ; Value          ; Type                                 ;
+------------------------+----------------+--------------------------------------+
; LPM_WIDTHN             ; 6              ; Untyped                              ;
; LPM_WIDTHD             ; 4              ; Untyped                              ;
; LPM_NREPRESENTATION    ; UNSIGNED       ; Untyped                              ;
; LPM_DREPRESENTATION    ; UNSIGNED       ; Untyped                              ;
; LPM_PIPELINE           ; 0              ; Untyped                              ;
; LPM_REMAINDERPOSITIVE  ; TRUE           ; Untyped                              ;
; MAXIMIZE_SPEED         ; 5              ; Untyped                              ;
; CBXI_PARAMETER         ; lpm_divide_8gm ; Untyped                              ;
; CARRY_CHAIN            ; MANUAL         ; Untyped                              ;
; OPTIMIZE_FOR_SPEED     ; 5              ; Untyped                              ;
; AUTO_CARRY_CHAINS      ; ON             ; AUTO_CARRY                           ;
; IGNORE_CARRY_BUFFERS   ; OFF            ; IGNORE_CARRY                         ;
; AUTO_CASCADE_CHAINS    ; ON             ; AUTO_CASCADE                         ;
; IGNORE_CASCADE_BUFFERS ; OFF            ; IGNORE_CASCADE                       ;
+------------------------+----------------+--------------------------------------+
Note: In order to hide this table in the UI and the text report file, please set the "Show Parameter Settings in Synthesis Report" option in "Analysis and Synthesis Settings -> More Settings" to "Off".


+--------------------------------------------------------------------------------+
; Parameter Settings for Inferred Entity Instance: test02:comb_8|lpm_divide:Div0 ;
+------------------------+----------------+--------------------------------------+
; Parameter Name         ; Value          ; Type                                 ;
+------------------------+----------------+--------------------------------------+
; LPM_WIDTHN             ; 6              ; Untyped                              ;
; LPM_WIDTHD             ; 4              ; Untyped                              ;
; LPM_NREPRESENTATION    ; UNSIGNED       ; Untyped                              ;
; LPM_DREPRESENTATION    ; UNSIGNED       ; Untyped                              ;
; LPM_PIPELINE           ; 0              ; Untyped                              ;
; LPM_REMAINDERPOSITIVE  ; TRUE           ; Untyped                              ;
; MAXIMIZE_SPEED         ; 5              ; Untyped                              ;
; CBXI_PARAMETER         ; lpm_divide_8gm ; Untyped                              ;
; CARRY_CHAIN            ; MANUAL         ; Untyped                              ;
; OPTIMIZE_FOR_SPEED     ; 5              ; Untyped                              ;
; AUTO_CARRY_CHAINS      ; ON             ; AUTO_CARRY                           ;
; IGNORE_CARRY_BUFFERS   ; OFF            ; IGNORE_CARRY                         ;
; AUTO_CASCADE_CHAINS    ; ON             ; AUTO_CASCADE                         ;
; IGNORE_CASCADE_BUFFERS ; OFF            ; IGNORE_CASCADE                       ;
+------------------------+----------------+--------------------------------------+
Note: In order to hide this table in the UI and the text report file, please set the "Show Parameter Settings in Synthesis Report" option in "Analysis and Synthesis Settings -> More Settings" to "Off".


+--------------------------------------------------------------------------------+
; Parameter Settings for Inferred Entity Instance: test02:comb_8|lpm_divide:Mod0 ;
+------------------------+----------------+--------------------------------------+
; Parameter Name         ; Value          ; Type                                 ;
+------------------------+----------------+--------------------------------------+
; LPM_WIDTHN             ; 6              ; Untyped                              ;
; LPM_WIDTHD             ; 4              ; Untyped                              ;
; LPM_NREPRESENTATION    ; UNSIGNED       ; Untyped                              ;
; LPM_DREPRESENTATION    ; UNSIGNED       ; Untyped                              ;
; LPM_PIPELINE           ; 0              ; Untyped                              ;
; LPM_REMAINDERPOSITIVE  ; TRUE           ; Untyped                              ;
; MAXIMIZE_SPEED         ; 5              ; Untyped                              ;
; CBXI_PARAMETER         ; lpm_divide_b8m ; Untyped                              ;
; CARRY_CHAIN            ; MANUAL         ; Untyped                              ;
; OPTIMIZE_FOR_SPEED     ; 5              ; Untyped                              ;
; AUTO_CARRY_CHAINS      ; ON             ; AUTO_CARRY                           ;
; IGNORE_CARRY_BUFFERS   ; OFF            ; IGNORE_CARRY                         ;
; AUTO_CASCADE_CHAINS    ; ON             ; AUTO_CASCADE                         ;
; IGNORE_CASCADE_BUFFERS ; OFF            ; IGNORE_CASCADE                       ;
+------------------------+----------------+--------------------------------------+
Note: In order to hide this table in the UI and the text report file, please set the "Show Parameter Settings in Synthesis Report" option in "Analysis and Synthesis Settings -> More Settings" to "Off".


+--------------------------------------------------------------------------------+
; Parameter Settings for Inferred Entity Instance: test02:comb_8|lpm_divide:Mod1 ;
+------------------------+----------------+--------------------------------------+
; Parameter Name         ; Value          ; Type                                 ;
+------------------------+----------------+--------------------------------------+
; LPM_WIDTHN             ; 6              ; Untyped                              ;
; LPM_WIDTHD             ; 4              ; Untyped                              ;
; LPM_NREPRESENTATION    ; UNSIGNED       ; Untyped                              ;
; LPM_DREPRESENTATION    ; UNSIGNED       ; Untyped                              ;
; LPM_PIPELINE           ; 0              ; Untyped                              ;
; LPM_REMAINDERPOSITIVE  ; TRUE           ; Untyped                              ;
; MAXIMIZE_SPEED         ; 5              ; Untyped                              ;
; CBXI_PARAMETER         ; lpm_divide_b8m ; Untyped                              ;
; CARRY_CHAIN            ; MANUAL         ; Untyped                              ;
; OPTIMIZE_FOR_SPEED     ; 5              ; Untyped                              ;
; AUTO_CARRY_CHAINS      ; ON             ; AUTO_CARRY                           ;
; IGNORE_CARRY_BUFFERS   ; OFF            ; IGNORE_CARRY                         ;
; AUTO_CASCADE_CHAINS    ; ON             ; AUTO_CASCADE                         ;
; IGNORE_CASCADE_BUFFERS ; OFF            ; IGNORE_CASCADE                       ;
+------------------------+----------------+--------------------------------------+
Note: In order to hide this table in the UI and the text report file, please set the "Show Parameter Settings in Synthesis Report" option in "Analysis and Synthesis Settings -> More Settings" to "Off".


+----------------------------------------------------------------------------------+
; Parameter Settings for Inferred Entity Instance: test02A:comb_11|lpm_divide:Mod0 ;
+------------------------+----------------+----------------------------------------+
; Parameter Name         ; Value          ; Type                                   ;
+------------------------+----------------+----------------------------------------+
; LPM_WIDTHN             ; 6              ; Untyped                                ;
; LPM_WIDTHD             ; 4              ; Untyped                                ;
; LPM_NREPRESENTATION    ; UNSIGNED       ; Untyped                                ;
; LPM_DREPRESENTATION    ; UNSIGNED       ; Untyped                                ;
; LPM_PIPELINE           ; 0              ; Untyped                                ;
; LPM_REMAINDERPOSITIVE  ; TRUE           ; Untyped                                ;
; MAXIMIZE_SPEED         ; 5              ; Untyped                                ;
; CBXI_PARAMETER         ; lpm_divide_b8m ; Untyped                                ;
; CARRY_CHAIN            ; MANUAL         ; Untyped                                ;
; OPTIMIZE_FOR_SPEED     ; 5              ; Untyped                                ;
; AUTO_CARRY_CHAINS      ; ON             ; AUTO_CARRY                             ;
; IGNORE_CARRY_BUFFERS   ; OFF            ; IGNORE_CARRY                           ;
; AUTO_CASCADE_CHAINS    ; ON             ; AUTO_CASCADE                           ;
; IGNORE_CASCADE_BUFFERS ; OFF            ; IGNORE_CASCADE                         ;
+------------------------+----------------+----------------------------------------+
Note: In order to hide this table in the UI and the text report file, please set the "Show Parameter Settings in Synthesis Report" option in "Analysis and Synthesis Settings -> More Settings" to "Off".


+----------------------------------------------------------------------------------+
; Parameter Settings for Inferred Entity Instance: test02A:comb_11|lpm_divide:Div0 ;
+------------------------+----------------+----------------------------------------+
; Parameter Name         ; Value          ; Type                                   ;
+------------------------+----------------+----------------------------------------+
; LPM_WIDTHN             ; 6              ; Untyped                                ;
; LPM_WIDTHD             ; 4              ; Untyped                                ;
; LPM_NREPRESENTATION    ; UNSIGNED       ; Untyped                                ;
; LPM_DREPRESENTATION    ; UNSIGNED       ; Untyped                                ;
; LPM_PIPELINE           ; 0              ; Untyped                                ;
; LPM_REMAINDERPOSITIVE  ; TRUE           ; Untyped                                ;
; MAXIMIZE_SPEED         ; 5              ; Untyped                                ;
; CBXI_PARAMETER         ; lpm_divide_8gm ; Untyped                                ;
; CARRY_CHAIN            ; MANUAL         ; Untyped                                ;
; OPTIMIZE_FOR_SPEED     ; 5              ; Untyped                                ;
; AUTO_CARRY_CHAINS      ; ON             ; AUTO_CARRY                             ;
; IGNORE_CARRY_BUFFERS   ; OFF            ; IGNORE_CARRY                           ;
; AUTO_CASCADE_CHAINS    ; ON             ; AUTO_CASCADE                           ;
; IGNORE_CASCADE_BUFFERS ; OFF            ; IGNORE_CASCADE                         ;
+------------------------+----------------+----------------------------------------+
Note: In order to hide this table in the UI and the text report file, please set the "Show Parameter Settings in Synthesis Report" option in "Analysis and Synthesis Settings -> More Settings" to "Off".


+----------------------------------------------------------------------------------------------------------------+
; Port Connectivity Checks: "test02A:comb_11"                                                                    ;
+------+--------+----------+-------------------------------------------------------------------------------------+
; Port ; Type   ; Severity ; Details                                                                             ;
+------+--------+----------+-------------------------------------------------------------------------------------+
; a    ; Output ; Info     ; Connected to dangling logic. Logic that only feeds a dangling port will be removed. ;
; b    ; Output ; Info     ; Connected to dangling logic. Logic that only feeds a dangling port will be removed. ;
+------+--------+----------+-------------------------------------------------------------------------------------+


+-------------------------------------------------------------------------------------------------------------------+
; Port Connectivity Checks: "main:comb_5"                                                                           ;
+---------+--------+----------+-------------------------------------------------------------------------------------+
; Port    ; Type   ; Severity ; Details                                                                             ;
+---------+--------+----------+-------------------------------------------------------------------------------------+
; c_state ; Output ; Info     ; Connected to dangling logic. Logic that only feeds a dangling port will be removed. ;
; n_state ; Output ; Info     ; Connected to dangling logic. Logic that only feeds a dangling port will be removed. ;
+---------+--------+----------+-------------------------------------------------------------------------------------+


+-------------------------------+
; Elapsed Time Per Partition    ;
+----------------+--------------+
; Partition Name ; Elapsed Time ;
+----------------+--------------+
; Top            ; 00:00:01     ;
+----------------+--------------+


+-------------------------------+
; Analysis & Synthesis Messages ;
+-------------------------------+
Info: *******************************************************************
Info: Running Quartus II 64-Bit Analysis & Synthesis
    Info: Version 13.0.1 Build 232 06/12/2013 Service Pack 1 SJ Web Edition
    Info: Processing started: Wed Mar 01 13:56:38 2023
Info: Command: quartus_map --read_settings_files=on --write_settings_files=off top -c top
Warning (20028): Parallel compilation is not licensed and has been disabled
Info (12021): Found 1 design units, including 1 entities, in source file test02.v
    Info (12023): Found entity 1: test02
Info (12021): Found 1 design units, including 1 entities, in source file scan.v
    Info (12023): Found entity 1: scan
Info (12021): Found 1 design units, including 1 entities, in source file pretime.v
    Info (12023): Found entity 1: pretime
Info (12021): Found 1 design units, including 1 entities, in source file main.v
    Info (12023): Found entity 1: main
Info (12021): Found 1 design units, including 1 entities, in source file lighter.v
    Info (12023): Found entity 1: scanner
Info (12021): Found 1 design units, including 1 entities, in source file led.v
    Info (12023): Found entity 1: LED
Info (12021): Found 1 design units, including 1 entities, in source file frequency_divider.v
    Info (12023): Found entity 1: frequency_divider
Info (12021): Found 1 design units, including 1 entities, in source file buzz.v
    Info (12023): Found entity 1: buzz
Info (12021): Found 1 design units, including 1 entities, in source file debouncer.v
    Info (12023): Found entity 1: debouncer
Info (12021): Found 1 design units, including 1 entities, in source file test02a.v
    Info (12023): Found entity 1: test02A
Info (12021): Found 1 design units, including 1 entities, in source file scana.v
    Info (12023): Found entity 1: scanA
Info (12021): Found 1 design units, including 1 entities, in source file leda.v
    Info (12023): Found entity 1: LEDA
Warning (10238): Verilog Module Declaration warning at top.v(2): ignored anonymous port(s) indicated by duplicate or dangling comma(s) in the port list for module "top"
Info (12021): Found 1 design units, including 1 entities, in source file top.v
    Info (12023): Found entity 1: top
Critical Warning (10846): Verilog HDL Instantiation warning at top.v(48): instance has no name
Critical Warning (10846): Verilog HDL Instantiation warning at top.v(50): instance has no name
Critical Warning (10846): Verilog HDL Instantiation warning at top.v(52): instance has no name
Critical Warning (10846): Verilog HDL Instantiation warning at top.v(54): instance has no name
Critical Warning (10846): Verilog HDL Instantiation warning at top.v(56): instance has no name
Critical Warning (10846): Verilog HDL Instantiation warning at top.v(57): instance has no name
Critical Warning (10846): Verilog HDL Instantiation warning at top.v(58): instance has no name
Critical Warning (10846): Verilog HDL Instantiation warning at top.v(60): instance has no name
Critical Warning (10846): Verilog HDL Instantiation warning at top.v(61): instance has no name
Critical Warning (10846): Verilog HDL Instantiation warning at top.v(62): instance has no name
Info (12127): Elaborating entity "top" for the top level hierarchy
Info (12128): Elaborating entity "frequency_divider" for hierarchy "frequency_divider:comb_3"
Info (12128): Elaborating entity "pretime" for hierarchy "pretime:comb_4"
Warning (10230): Verilog HDL assignment warning at pretime.v(33): truncated value with size 32 to match size of target (6)
Info (12128): Elaborating entity "main" for hierarchy "main:comb_5"
Warning (10230): Verilog HDL assignment warning at main.v(69): truncated value with size 32 to match size of target (6)
Warning (10230): Verilog HDL assignment warning at main.v(71): truncated value with size 32 to match size of target (6)
Warning (10230): Verilog HDL assignment warning at main.v(73): truncated value with size 32 to match size of target (6)
Warning (10235): Verilog HDL Always Construct warning at main.v(100): variable "reset" is read inside the Always Construct but isn't in the Always Construct's Event Control
Warning (10235): Verilog HDL Always Construct warning at main.v(101): variable "stop" is read inside the Always Construct but isn't in the Always Construct's Event Control
Warning (10235): Verilog HDL Always Construct warning at main.v(104): variable "r_count" is read inside the Always Construct but isn't in the Always Construct's Event Control
Warning (10235): Verilog HDL Always Construct warning at main.v(104): variable "y_count" is read inside the Always Construct but isn't in the Always Construct's Event Control
Warning (10235): Verilog HDL Always Construct warning at main.v(104): variable "y" is read inside the Always Construct but isn't in the Always Construct's Event Control
Warning (10235): Verilog HDL Always Construct warning at main.v(104): variable "l_count" is read inside the Always Construct but isn't in the Always Construct's Event Control
Warning (10235): Verilog HDL Always Construct warning at main.v(105): variable "r_count" is read inside the Always Construct but isn't in the Always Construct's Event Control
Warning (10235): Verilog HDL Always Construct warning at main.v(105): variable "y_count" is read inside the Always Construct but isn't in the Always Construct's Event Control
Warning (10235): Verilog HDL Always Construct warning at main.v(105): variable "l_count" is read inside the Always Construct but isn't in the Always Construct's Event Control
Warning (10235): Verilog HDL Always Construct warning at main.v(106): variable "r_count" is read inside the Always Construct but isn't in the Always Construct's Event Control
Warning (10235): Verilog HDL Always Construct warning at main.v(106): variable "y_count" is read inside the Always Construct but isn't in the Always Construct's Event Control
Warning (10235): Verilog HDL Always Construct warning at main.v(106): variable "l_count" is read inside the Always Construct but isn't in the Always Construct's Event Control
Warning (10235): Verilog HDL Always Construct warning at main.v(107): variable "r_count" is read inside the Always Construct but isn't in the Always Construct's Event Control
Warning (10235): Verilog HDL Always Construct warning at main.v(107): variable "y_count" is read inside the Always Construct but isn't in the Always Construct's Event Control
Warning (10235): Verilog HDL Always Construct warning at main.v(107): variable "y" is read inside the Always Construct but isn't in the Always Construct's Event Control
Warning (10235): Verilog HDL Always Construct warning at main.v(107): variable "l_count" is read inside the Always Construct but isn't in the Always Construct's Event Control
Warning (10235): Verilog HDL Always Construct warning at main.v(108): variable "r_count" is read inside the Always Construct but isn't in the Always Construct's Event Control
Warning (10235): Verilog HDL Always Construct warning at main.v(108): variable "y_count" is read inside the Always Construct but isn't in the Always Construct's Event Control
Warning (10235): Verilog HDL Always Construct warning at main.v(108): variable "l_count" is read inside the Always Construct but isn't in the Always Construct's Event Control
Warning (10235): Verilog HDL Always Construct warning at main.v(109): variable "r_count" is read inside the Always Construct but isn't in the Always Construct's Event Control
Warning (10235): Verilog HDL Always Construct warning at main.v(109): variable "y_count" is read inside the Always Construct but isn't in the Always Construct's Event Control
Warning (10235): Verilog HDL Always Construct warning at main.v(109): variable "l_count" is read inside the Always Construct but isn't in the Always Construct's Event Control
Warning (10240): Verilog HDL Always Construct warning at main.v(99): inferring latch(es) for variable "n_state", which holds its previous value in one or more paths through the always construct
Warning (10034): Output port "turn_out" at main.v(8) has no driver
Warning (10034): Output port "condition" at main.v(13) has no driver
Info (10041): Inferred latch for "n_state[0]" at main.v(117)
Info (10041): Inferred latch for "n_state[1]" at main.v(117)
Info (10041): Inferred latch for "n_state[2]" at main.v(117)
Info (12128): Elaborating entity "buzz" for hierarchy "buzz:comb_6"
Info (12128): Elaborating entity "scan" for hierarchy "scan:comb_7"
Warning (10230): Verilog HDL assignment warning at scan.v(12): truncated value with size 32 to match size of target (2)
Warning (10230): Verilog HDL assignment warning at scan.v(19): truncated value with size 8 to match size of target (2)
Info (12128): Elaborating entity "test02" for hierarchy "test02:comb_8"
Warning (10230): Verilog HDL assignment warning at test02.v(13): truncated value with size 32 to match size of target (4)
Warning (10230): Verilog HDL assignment warning at test02.v(14): truncated value with size 32 to match size of target (4)
Warning (10235): Verilog HDL Always Construct warning at test02.v(16): variable "y" is read inside the Always Construct but isn't in the Always Construct's Event Control
Warning (10235): Verilog HDL Always Construct warning at test02.v(18): variable "y" is read inside the Always Construct but isn't in the Always Construct's Event Control
Warning (10230): Verilog HDL assignment warning at test02.v(18): truncated value with size 32 to match size of target (4)
Warning (10235): Verilog HDL Always Construct warning at test02.v(19): variable "y" is read inside the Always Construct but isn't in the Always Construct's Event Control
Warning (10230): Verilog HDL assignment warning at test02.v(19): truncated value with size 32 to match size of target (4)
Warning (10235): Verilog HDL Always Construct warning at test02.v(24): variable "z" is read inside the Always Construct but isn't in the Always Construct's Event Control
Warning (10230): Verilog HDL assignment warning at test02.v(24): truncated value with size 6 to match size of target (4)
Warning (10235): Verilog HDL Always Construct warning at test02.v(29): variable "en" is read inside the Always Construct but isn't in the Always Construct's Event Control
Warning (10235): Verilog HDL Always Construct warning at test02.v(31): variable "b" is read inside the Always Construct but isn't in the Always Construct's Event Control
Warning (10235): Verilog HDL Always Construct warning at test02.v(32): variable "a" is read inside the Always Construct but isn't in the Always Construct's Event Control
Warning (10270): Verilog HDL Case Statement warning at test02.v(30): incomplete case statement has no default case item
Warning (10240): Verilog HDL Always Construct warning at test02.v(27): inferring latch(es) for variable "out", which holds its previous value in one or more paths through the always construct
Info (10041): Inferred latch for "out[0]" at test02.v(35)
Info (10041): Inferred latch for "out[1]" at test02.v(35)
Info (10041): Inferred latch for "out[2]" at test02.v(35)
Info (10041): Inferred latch for "out[3]" at test02.v(35)
Info (12128): Elaborating entity "LED" for hierarchy "LED:comb_9"
Info (12128): Elaborating entity "scanA" for hierarchy "scanA:comb_10"
Warning (10230): Verilog HDL assignment warning at scanA.v(12): truncated value with size 32 to match size of target (2)
Warning (10230): Verilog HDL assignment warning at scanA.v(19): truncated value with size 8 to match size of target (2)
Info (12128): Elaborating entity "test02A" for hierarchy "test02A:comb_11"
Warning (10230): Verilog HDL assignment warning at test02A.v(9): truncated value with size 32 to match size of target (4)
Warning (10230): Verilog HDL assignment warning at test02A.v(10): truncated value with size 32 to match size of target (4)
Warning (10235): Verilog HDL Always Construct warning at test02A.v(15): variable "b" is read inside the Always Construct but isn't in the Always Construct's Event Control
Warning (10235): Verilog HDL Always Construct warning at test02A.v(16): variable "a" is read inside the Always Construct but isn't in the Always Construct's Event Control
Warning (10270): Verilog HDL Case Statement warning at test02A.v(14): incomplete case statement has no default case item
Warning (10240): Verilog HDL Always Construct warning at test02A.v(12): inferring latch(es) for variable "out", which holds its previous value in one or more paths through the always construct
Info (10041): Inferred latch for "out[0]" at test02A.v(12)
Info (10041): Inferred latch for "out[1]" at test02A.v(12)
Info (10041): Inferred latch for "out[2]" at test02A.v(12)
Info (10041): Inferred latch for "out[3]" at test02A.v(12)
Info (12128): Elaborating entity "LEDA" for hierarchy "LEDA:comb_12"
Warning (14026): LATCH primitive "test02A:comb_11|out[0]" is permanently enabled
Warning (14026): LATCH primitive "test02A:comb_11|out[1]" is permanently enabled
Warning (14026): LATCH primitive "test02A:comb_11|out[2]" is permanently enabled
Warning (14026): LATCH primitive "test02A:comb_11|out[3]" is permanently enabled
Info (278001): Inferred 6 megafunctions from design logic
    Info (278004): Inferred divider/modulo megafunction ("lpm_divide") from the following logic: "test02:comb_8|Div1"
    Info (278004): Inferred divider/modulo megafunction ("lpm_divide") from the following logic: "test02:comb_8|Div0"
    Info (278004): Inferred divider/modulo megafunction ("lpm_divide") from the following logic: "test02:comb_8|Mod0"
    Info (278004): Inferred divider/modulo megafunction ("lpm_divide") from the following logic: "test02:comb_8|Mod1"
    Info (278004): Inferred divider/modulo megafunction ("lpm_divide") from the following logic: "test02A:comb_11|Mod0"
    Info (278004): Inferred divider/modulo megafunction ("lpm_divide") from the following logic: "test02A:comb_11|Div0"
Info (12130): Elaborated megafunction instantiation "test02:comb_8|lpm_divide:Div1"
Info (12133): Instantiated megafunction "test02:comb_8|lpm_divide:Div1" with the following parameter:
    Info (12134): Parameter "LPM_WIDTHN" = "6"
    Info (12134): Parameter "LPM_WIDTHD" = "4"
    Info (12134): Parameter "LPM_NREPRESENTATION" = "UNSIGNED"
    Info (12134): Parameter "LPM_DREPRESENTATION" = "UNSIGNED"
Info (12021): Found 1 design units, including 1 entities, in source file db/lpm_divide_8gm.tdf
    Info (12023): Found entity 1: lpm_divide_8gm
Info (12021): Found 1 design units, including 1 entities, in source file db/sign_div_unsign_9kh.tdf
    Info (12023): Found entity 1: sign_div_unsign_9kh
Info (12021): Found 1 design units, including 1 entities, in source file db/alt_u_div_t2f.tdf
    Info (12023): Found entity 1: alt_u_div_t2f
Info (12021): Found 1 design units, including 1 entities, in source file db/add_sub_unc.tdf
    Info (12023): Found entity 1: add_sub_unc
Info (12021): Found 1 design units, including 1 entities, in source file db/add_sub_vnc.tdf
    Info (12023): Found entity 1: add_sub_vnc
Info (12130): Elaborated megafunction instantiation "test02:comb_8|lpm_divide:Mod0"
Info (12133): Instantiated megafunction "test02:comb_8|lpm_divide:Mod0" with the following parameter:
    Info (12134): Parameter "LPM_WIDTHN" = "6"
    Info (12134): Parameter "LPM_WIDTHD" = "4"
    Info (12134): Parameter "LPM_NREPRESENTATION" = "UNSIGNED"
    Info (12134): Parameter "LPM_DREPRESENTATION" = "UNSIGNED"
Info (12021): Found 1 design units, including 1 entities, in source file db/lpm_divide_b8m.tdf
    Info (12023): Found entity 1: lpm_divide_b8m
Warning (13012): Latch main:comb_5|n_state[1] has unsafe behavior
    Warning (13013): Ports D and ENA on the latch are fed by the same signal main:comb_5|c_state[0]
Warning (13012): Latch main:comb_5|n_state[0] has unsafe behavior
    Warning (13013): Ports D and ENA on the latch are fed by the same signal main:comb_5|c_state[2]
Warning (13012): Latch main:comb_5|n_state[2] has unsafe behavior
    Warning (13013): Ports D and ENA on the latch are fed by the same signal main:comb_5|c_state[2]
Warning (13024): Output pins are stuck at VCC or GND
    Warning (13410): Pin "turn_out[0]" is stuck at GND
    Warning (13410): Pin "turn_out[1]" is stuck at GND
    Warning (13410): Pin "a[3]" is stuck at GND
    Warning (13410): Pin "condition[0]" is stuck at GND
    Warning (13410): Pin "condition[1]" is stuck at GND
    Warning (13410): Pin "condition[2]" is stuck at GND
    Warning (13410): Pin "condition[3]" is stuck at GND
    Warning (13410): Pin "condition[4]" is stuck at GND
    Warning (13410): Pin "condition[5]" is stuck at GND
    Warning (13410): Pin "condition[6]" is stuck at GND
    Warning (13410): Pin "condition[7]" is stuck at GND
    Warning (13410): Pin "condition[8]" is stuck at GND
    Warning (13410): Pin "condition[9]" is stuck at GND
    Warning (13410): Pin "condition[10]" is stuck at GND
    Warning (13410): Pin "condition[11]" is stuck at GND
    Warning (13410): Pin "condition[12]" is stuck at GND
    Warning (13410): Pin "condition[13]" is stuck at GND
    Warning (13410): Pin "condition[14]" is stuck at GND
    Warning (13410): Pin "condition[15]" is stuck at GND
    Warning (13410): Pin "condition[16]" is stuck at GND
    Warning (13410): Pin "condition[17]" is stuck at GND
    Warning (13410): Pin "condition[18]" is stuck at GND
    Warning (13410): Pin "condition[19]" is stuck at GND
    Warning (13410): Pin "condition[20]" is stuck at GND
    Warning (13410): Pin "condition[21]" is stuck at GND
    Warning (13410): Pin "condition[22]" is stuck at GND
    Warning (13410): Pin "condition[23]" is stuck at GND
    Warning (13410): Pin "condition[24]" is stuck at GND
    Warning (13410): Pin "condition[25]" is stuck at GND
    Warning (13410): Pin "condition[26]" is stuck at GND
    Warning (13410): Pin "condition[27]" is stuck at GND
    Warning (13410): Pin "condition[28]" is stuck at GND
    Warning (13410): Pin "condition[29]" is stuck at GND
    Warning (13410): Pin "condition[30]" is stuck at GND
    Warning (13410): Pin "condition[31]" is stuck at GND
Info (286030): Timing-Driven Synthesis is running
Info (16010): Generating hard_block partition "hard_block:auto_generated_inst"
    Info (16011): Adding 0 node(s), including 0 DDIO, 0 PLL, 0 transceiver and 0 LCELL
Warning (21074): Design contains 2 input pin(s) that do not drive logic
    Warning (15610): No output dependent on input pin "rules[0]"
    Warning (15610): No output dependent on input pin "rules[1]"
Info (21057): Implemented 628 device resources after synthesis - the final resource count might be different
    Info (21058): Implemented 9 input pins
    Info (21059): Implemented 111 output pins
    Info (21061): Implemented 508 logic cells
Info: Quartus II 64-Bit Analysis & Synthesis was successful. 0 errors, 114 warnings
    Info: Peak virtual memory: 4588 megabytes
    Info: Processing ended: Wed Mar 01 13:56:42 2023
    Info: Elapsed time: 00:00:04
    Info: Total CPU time (on all processors): 00:00:04


