Simulator report for top
Thu Dec 29 19:56:54 2022
Quartus II 64-Bit Version 13.0.1 Build 232 06/12/2013 Service Pack 1 SJ Web Edition


---------------------
; Table of Contents ;
---------------------
  1. Legal Notice
  2. Simulator Summary
  3. Simulator Settings
  4. Simulation Waveforms
  5. Coverage Summary
  6. Complete 1/0-Value Coverage
  7. Missing 1-Value Coverage
  8. Missing 0-Value Coverage
  9. Simulator INI Usage
 10. Simulator Messages



----------------
; Legal Notice ;
----------------
Copyright (C) 1991-2013 Altera Corporation
Your use of Altera Corporation's design tools, logic functions 
and other software and tools, and its AMPP partner logic 
functions, and any output files from any of the foregoing 
(including device programming or simulation files), and any 
associated documentation or information are expressly subject 
to the terms and conditions of the Altera Program License 
Subscription Agreement, Altera MegaCore Function License 
Agreement, or other applicable license agreement, including, 
without limitation, that your use is for the sole purpose of 
programming logic devices manufactured by Altera and sold by 
Altera or its authorized distributors.  Please refer to the 
applicable agreement for further details.



+--------------------------------------------+
; Simulator Summary                          ;
+-----------------------------+--------------+
; Type                        ; Value        ;
+-----------------------------+--------------+
; Simulation Start Time       ; 0 ps         ;
; Simulation End Time         ; 1.0 us       ;
; Simulation Netlist Size     ; 261 nodes    ;
; Simulation Coverage         ;      70.50 % ;
; Total Number of Transitions ; 4038         ;
; Simulation Breakpoints      ; 0            ;
; Family                      ; Cyclone III  ;
+-----------------------------+--------------+


+--------------------------------------------------------------------------------------------------------------------------------------------------------------+
; Simulator Settings                                                                                                                                           ;
+--------------------------------------------------------------------------------------------+-------------------------------------------------+---------------+
; Option                                                                                     ; Setting                                         ; Default Value ;
+--------------------------------------------------------------------------------------------+-------------------------------------------------+---------------+
; Simulation mode                                                                            ; Functional                                      ; Timing        ;
; Start time                                                                                 ; 0 ns                                            ; 0 ns          ;
; Simulation results format                                                                  ; VWF                                             ;               ;
; Vector input source                                                                        ; C:/altera/Experiment5/exp5_project1/top/top.vwf ;               ;
; Add pins automatically to simulation output waveforms                                      ; On                                              ; On            ;
; Check outputs                                                                              ; Off                                             ; Off           ;
; Report simulation coverage                                                                 ; On                                              ; On            ;
; Display complete 1/0 value coverage report                                                 ; On                                              ; On            ;
; Display missing 1-value coverage report                                                    ; On                                              ; On            ;
; Display missing 0-value coverage report                                                    ; On                                              ; On            ;
; Detect setup and hold time violations                                                      ; Off                                             ; Off           ;
; Detect glitches                                                                            ; Off                                             ; Off           ;
; Disable timing delays in Timing Simulation                                                 ; Off                                             ; Off           ;
; Generate Signal Activity File                                                              ; Off                                             ; Off           ;
; Generate VCD File for PowerPlay Power Analyzer                                             ; Off                                             ; Off           ;
; Group bus channels in simulation results                                                   ; Off                                             ; Off           ;
; Preserve fewer signal transitions to reduce memory requirements                            ; On                                              ; On            ;
; Trigger vector comparison with the specified mode                                          ; INPUT_EDGE                                      ; INPUT_EDGE    ;
; Disable setup and hold time violations detection in input registers of bi-directional pins ; Off                                             ; Off           ;
; Overwrite Waveform Inputs With Simulation Outputs                                          ; Off                                             ;               ;
; Perform Glitch Filtering in Timing Simulation                                              ; Auto                                            ; Auto          ;
; Interconnect Delay Model Type                                                              ; Transport                                       ; Transport     ;
; Cell Delay Model Type                                                                      ; Transport                                       ; Transport     ;
+--------------------------------------------------------------------------------------------+-------------------------------------------------+---------------+


+----------------------+
; Simulation Waveforms ;
+----------------------+
Waveform report data cannot be output to ASCII.
Please use Quartus II 64-Bit to view the waveform report data.


+--------------------------------------------------------------------+
; Coverage Summary                                                   ;
+-----------------------------------------------------+--------------+
; Type                                                ; Value        ;
+-----------------------------------------------------+--------------+
; Total coverage as a percentage                      ;      70.50 % ;
; Total nodes checked                                 ; 261          ;
; Total output ports checked                          ; 261          ;
; Total output ports with complete 1/0-value coverage ; 184          ;
; Total output ports with no 1/0-value coverage       ; 77           ;
; Total output ports with no 1-value coverage         ; 77           ;
; Total output ports with no 0-value coverage         ; 77           ;
+-----------------------------------------------------+--------------+


The following table displays output ports that toggle between 1 and 0 during simulation.
+----------------------------------------------------------------------------------------------------------------------------------------------------------------------+
; Complete 1/0-Value Coverage                                                                                                                                          ;
+-------------------------------------------------------------------------+-------------------------------------------------------------------------+------------------+
; Node Name                                                               ; Output Port Name                                                        ; Output Port Type ;
+-------------------------------------------------------------------------+-------------------------------------------------------------------------+------------------+
; |top|clk_50mhz                                                          ; |top|clk_50mhz                                                          ; out              ;
; |top|ds[0]                                                              ; |top|ds[0]                                                              ; pin_out          ;
; |top|ds[1]                                                              ; |top|ds[1]                                                              ; pin_out          ;
; |top|ds[2]                                                              ; |top|ds[2]                                                              ; pin_out          ;
; |top|ds[3]                                                              ; |top|ds[3]                                                              ; pin_out          ;
; |top|ds[4]                                                              ; |top|ds[4]                                                              ; pin_out          ;
; |top|ds[5]                                                              ; |top|ds[5]                                                              ; pin_out          ;
; |top|ds[6]                                                              ; |top|ds[6]                                                              ; pin_out          ;
; |top|ds[7]                                                              ; |top|ds[7]                                                              ; pin_out          ;
; |top|led[0]                                                             ; |top|led[0]                                                             ; pin_out          ;
; |top|led[1]                                                             ; |top|led[1]                                                             ; pin_out          ;
; |top|led[2]                                                             ; |top|led[2]                                                             ; pin_out          ;
; |top|led[3]                                                             ; |top|led[3]                                                             ; pin_out          ;
; |top|led[4]                                                             ; |top|led[4]                                                             ; pin_out          ;
; |top|led[6]                                                             ; |top|led[6]                                                             ; pin_out          ;
; |top|LED:comb_6|WideOr0                                                 ; |top|LED:comb_6|WideOr0                                                 ; out0             ;
; |top|LED:comb_6|WideOr2                                                 ; |top|LED:comb_6|WideOr2                                                 ; out0             ;
; |top|LED:comb_6|WideOr3                                                 ; |top|LED:comb_6|WideOr3                                                 ; out0             ;
; |top|LED:comb_6|WideOr4                                                 ; |top|LED:comb_6|WideOr4                                                 ; out0             ;
; |top|LED:comb_6|WideOr5                                                 ; |top|LED:comb_6|WideOr5                                                 ; out0             ;
; |top|LED:comb_6|WideOr6                                                 ; |top|LED:comb_6|WideOr6                                                 ; out0             ;
; |top|LED:comb_6|out[6]                                                  ; |top|LED:comb_6|out[6]                                                  ; out              ;
; |top|LED:comb_6|out[4]                                                  ; |top|LED:comb_6|out[4]                                                  ; out              ;
; |top|LED:comb_6|out[3]                                                  ; |top|LED:comb_6|out[3]                                                  ; out              ;
; |top|LED:comb_6|out[2]                                                  ; |top|LED:comb_6|out[2]                                                  ; out              ;
; |top|LED:comb_6|out[1]                                                  ; |top|LED:comb_6|out[1]                                                  ; out              ;
; |top|LED:comb_6|out[0]                                                  ; |top|LED:comb_6|out[0]                                                  ; out              ;
; |top|test02:comb_5|out[2]                                               ; |top|test02:comb_5|out[2]                                               ; out              ;
; |top|test02:comb_5|out[1]                                               ; |top|test02:comb_5|out[1]                                               ; out              ;
; |top|test02:comb_5|out[0]                                               ; |top|test02:comb_5|out[0]                                               ; out              ;
; |top|scan:comb_4|sel~0                                                  ; |top|scan:comb_4|sel~0                                                  ; out              ;
; |top|scan:comb_4|sel~1                                                  ; |top|scan:comb_4|sel~1                                                  ; out              ;
; |top|scan:comb_4|sel~2                                                  ; |top|scan:comb_4|sel~2                                                  ; out              ;
; |top|scan:comb_4|sel[2]                                                 ; |top|scan:comb_4|sel[2]                                                 ; regout           ;
; |top|scan:comb_4|sel[1]                                                 ; |top|scan:comb_4|sel[1]                                                 ; regout           ;
; |top|scan:comb_4|sel[0]                                                 ; |top|scan:comb_4|sel[0]                                                 ; regout           ;
; |top|frequency_divider:comb_3|clk_100hz                                 ; |top|frequency_divider:comb_3|clk_100hz                                 ; regout           ;
; |top|LED:comb_6|Decoder0~0                                              ; |top|LED:comb_6|Decoder0~0                                              ; out              ;
; |top|LED:comb_6|Decoder0~1                                              ; |top|LED:comb_6|Decoder0~1                                              ; out              ;
; |top|LED:comb_6|Decoder0~2                                              ; |top|LED:comb_6|Decoder0~2                                              ; out              ;
; |top|LED:comb_6|Decoder0~3                                              ; |top|LED:comb_6|Decoder0~3                                              ; out              ;
; |top|scan:comb_4|Decoder0~0                                             ; |top|scan:comb_4|Decoder0~0                                             ; out0             ;
; |top|scan:comb_4|Decoder0~1                                             ; |top|scan:comb_4|Decoder0~1                                             ; out0             ;
; |top|scan:comb_4|Decoder0~2                                             ; |top|scan:comb_4|Decoder0~2                                             ; out0             ;
; |top|scan:comb_4|Decoder0~3                                             ; |top|scan:comb_4|Decoder0~3                                             ; out0             ;
; |top|scan:comb_4|Decoder0~4                                             ; |top|scan:comb_4|Decoder0~4                                             ; out0             ;
; |top|scan:comb_4|Decoder0~5                                             ; |top|scan:comb_4|Decoder0~5                                             ; out0             ;
; |top|scan:comb_4|Decoder0~6                                             ; |top|scan:comb_4|Decoder0~6                                             ; out0             ;
; |top|scan:comb_4|Decoder0~7                                             ; |top|scan:comb_4|Decoder0~7                                             ; out0             ;
; |top|scan:comb_4|Add0~0                                                 ; |top|scan:comb_4|Add0~0                                                 ; out0             ;
; |top|scan:comb_4|Add0~1                                                 ; |top|scan:comb_4|Add0~1                                                 ; out0             ;
; |top|scan:comb_4|Add0~2                                                 ; |top|scan:comb_4|Add0~2                                                 ; out0             ;
; |top|scan:comb_4|Equal0~0                                               ; |top|scan:comb_4|Equal0~0                                               ; out0             ;
; |top|test02:comb_5|lpm_mux:Mux3|mux_cqc:auto_generated|_~1              ; |top|test02:comb_5|lpm_mux:Mux3|mux_cqc:auto_generated|_~1              ; out0             ;
; |top|test02:comb_5|lpm_mux:Mux3|mux_cqc:auto_generated|_~2              ; |top|test02:comb_5|lpm_mux:Mux3|mux_cqc:auto_generated|_~2              ; out0             ;
; |top|test02:comb_5|lpm_mux:Mux3|mux_cqc:auto_generated|_~3              ; |top|test02:comb_5|lpm_mux:Mux3|mux_cqc:auto_generated|_~3              ; out0             ;
; |top|test02:comb_5|lpm_mux:Mux3|mux_cqc:auto_generated|_~4              ; |top|test02:comb_5|lpm_mux:Mux3|mux_cqc:auto_generated|_~4              ; out0             ;
; |top|test02:comb_5|lpm_mux:Mux3|mux_cqc:auto_generated|_~6              ; |top|test02:comb_5|lpm_mux:Mux3|mux_cqc:auto_generated|_~6              ; out0             ;
; |top|test02:comb_5|lpm_mux:Mux3|mux_cqc:auto_generated|_~7              ; |top|test02:comb_5|lpm_mux:Mux3|mux_cqc:auto_generated|_~7              ; out0             ;
; |top|test02:comb_5|lpm_mux:Mux3|mux_cqc:auto_generated|_~8              ; |top|test02:comb_5|lpm_mux:Mux3|mux_cqc:auto_generated|_~8              ; out0             ;
; |top|test02:comb_5|lpm_mux:Mux3|mux_cqc:auto_generated|_~10             ; |top|test02:comb_5|lpm_mux:Mux3|mux_cqc:auto_generated|_~10             ; out0             ;
; |top|test02:comb_5|lpm_mux:Mux3|mux_cqc:auto_generated|_~11             ; |top|test02:comb_5|lpm_mux:Mux3|mux_cqc:auto_generated|_~11             ; out0             ;
; |top|test02:comb_5|lpm_mux:Mux3|mux_cqc:auto_generated|_~12             ; |top|test02:comb_5|lpm_mux:Mux3|mux_cqc:auto_generated|_~12             ; out0             ;
; |top|test02:comb_5|lpm_mux:Mux3|mux_cqc:auto_generated|_~13             ; |top|test02:comb_5|lpm_mux:Mux3|mux_cqc:auto_generated|_~13             ; out0             ;
; |top|test02:comb_5|lpm_mux:Mux3|mux_cqc:auto_generated|_~15             ; |top|test02:comb_5|lpm_mux:Mux3|mux_cqc:auto_generated|_~15             ; out0             ;
; |top|test02:comb_5|lpm_mux:Mux3|mux_cqc:auto_generated|_~16             ; |top|test02:comb_5|lpm_mux:Mux3|mux_cqc:auto_generated|_~16             ; out0             ;
; |top|test02:comb_5|lpm_mux:Mux3|mux_cqc:auto_generated|_~17             ; |top|test02:comb_5|lpm_mux:Mux3|mux_cqc:auto_generated|_~17             ; out0             ;
; |top|test02:comb_5|lpm_mux:Mux3|mux_cqc:auto_generated|_~18             ; |top|test02:comb_5|lpm_mux:Mux3|mux_cqc:auto_generated|_~18             ; out0             ;
; |top|test02:comb_5|lpm_mux:Mux3|mux_cqc:auto_generated|_~19             ; |top|test02:comb_5|lpm_mux:Mux3|mux_cqc:auto_generated|_~19             ; out0             ;
; |top|test02:comb_5|lpm_mux:Mux3|mux_cqc:auto_generated|_~20             ; |top|test02:comb_5|lpm_mux:Mux3|mux_cqc:auto_generated|_~20             ; out0             ;
; |top|test02:comb_5|lpm_mux:Mux3|mux_cqc:auto_generated|result_node[0]~0 ; |top|test02:comb_5|lpm_mux:Mux3|mux_cqc:auto_generated|result_node[0]~0 ; out0             ;
; |top|test02:comb_5|lpm_mux:Mux3|mux_cqc:auto_generated|_~21             ; |top|test02:comb_5|lpm_mux:Mux3|mux_cqc:auto_generated|_~21             ; out0             ;
; |top|test02:comb_5|lpm_mux:Mux3|mux_cqc:auto_generated|_~23             ; |top|test02:comb_5|lpm_mux:Mux3|mux_cqc:auto_generated|_~23             ; out0             ;
; |top|test02:comb_5|lpm_mux:Mux3|mux_cqc:auto_generated|_~25             ; |top|test02:comb_5|lpm_mux:Mux3|mux_cqc:auto_generated|_~25             ; out0             ;
; |top|test02:comb_5|lpm_mux:Mux3|mux_cqc:auto_generated|_~27             ; |top|test02:comb_5|lpm_mux:Mux3|mux_cqc:auto_generated|_~27             ; out0             ;
; |top|test02:comb_5|lpm_mux:Mux3|mux_cqc:auto_generated|_~28             ; |top|test02:comb_5|lpm_mux:Mux3|mux_cqc:auto_generated|_~28             ; out0             ;
; |top|test02:comb_5|lpm_mux:Mux3|mux_cqc:auto_generated|_~29             ; |top|test02:comb_5|lpm_mux:Mux3|mux_cqc:auto_generated|_~29             ; out0             ;
; |top|test02:comb_5|lpm_mux:Mux3|mux_cqc:auto_generated|_~30             ; |top|test02:comb_5|lpm_mux:Mux3|mux_cqc:auto_generated|_~30             ; out0             ;
; |top|test02:comb_5|lpm_mux:Mux3|mux_cqc:auto_generated|_~32             ; |top|test02:comb_5|lpm_mux:Mux3|mux_cqc:auto_generated|_~32             ; out0             ;
; |top|test02:comb_5|lpm_mux:Mux3|mux_cqc:auto_generated|_~34             ; |top|test02:comb_5|lpm_mux:Mux3|mux_cqc:auto_generated|_~34             ; out0             ;
; |top|test02:comb_5|lpm_mux:Mux3|mux_cqc:auto_generated|_~36             ; |top|test02:comb_5|lpm_mux:Mux3|mux_cqc:auto_generated|_~36             ; out0             ;
; |top|test02:comb_5|lpm_mux:Mux3|mux_cqc:auto_generated|_~37             ; |top|test02:comb_5|lpm_mux:Mux3|mux_cqc:auto_generated|_~37             ; out0             ;
; |top|test02:comb_5|lpm_mux:Mux3|mux_cqc:auto_generated|_~38             ; |top|test02:comb_5|lpm_mux:Mux3|mux_cqc:auto_generated|_~38             ; out0             ;
; |top|test02:comb_5|lpm_mux:Mux3|mux_cqc:auto_generated|_~39             ; |top|test02:comb_5|lpm_mux:Mux3|mux_cqc:auto_generated|_~39             ; out0             ;
; |top|test02:comb_5|lpm_mux:Mux3|mux_cqc:auto_generated|_~41             ; |top|test02:comb_5|lpm_mux:Mux3|mux_cqc:auto_generated|_~41             ; out0             ;
; |top|test02:comb_5|lpm_mux:Mux3|mux_cqc:auto_generated|_~42             ; |top|test02:comb_5|lpm_mux:Mux3|mux_cqc:auto_generated|_~42             ; out0             ;
; |top|test02:comb_5|lpm_mux:Mux3|mux_cqc:auto_generated|result_node[0]~1 ; |top|test02:comb_5|lpm_mux:Mux3|mux_cqc:auto_generated|result_node[0]~1 ; out0             ;
; |top|test02:comb_5|lpm_mux:Mux3|mux_cqc:auto_generated|result_node[0]   ; |top|test02:comb_5|lpm_mux:Mux3|mux_cqc:auto_generated|result_node[0]   ; out0             ;
; |top|test02:comb_5|lpm_mux:Mux2|mux_cqc:auto_generated|_~1              ; |top|test02:comb_5|lpm_mux:Mux2|mux_cqc:auto_generated|_~1              ; out0             ;
; |top|test02:comb_5|lpm_mux:Mux2|mux_cqc:auto_generated|_~2              ; |top|test02:comb_5|lpm_mux:Mux2|mux_cqc:auto_generated|_~2              ; out0             ;
; |top|test02:comb_5|lpm_mux:Mux2|mux_cqc:auto_generated|_~3              ; |top|test02:comb_5|lpm_mux:Mux2|mux_cqc:auto_generated|_~3              ; out0             ;
; |top|test02:comb_5|lpm_mux:Mux2|mux_cqc:auto_generated|_~4              ; |top|test02:comb_5|lpm_mux:Mux2|mux_cqc:auto_generated|_~4              ; out0             ;
; |top|test02:comb_5|lpm_mux:Mux2|mux_cqc:auto_generated|_~5              ; |top|test02:comb_5|lpm_mux:Mux2|mux_cqc:auto_generated|_~5              ; out0             ;
; |top|test02:comb_5|lpm_mux:Mux2|mux_cqc:auto_generated|_~6              ; |top|test02:comb_5|lpm_mux:Mux2|mux_cqc:auto_generated|_~6              ; out0             ;
; |top|test02:comb_5|lpm_mux:Mux2|mux_cqc:auto_generated|_~7              ; |top|test02:comb_5|lpm_mux:Mux2|mux_cqc:auto_generated|_~7              ; out0             ;
; |top|test02:comb_5|lpm_mux:Mux2|mux_cqc:auto_generated|_~8              ; |top|test02:comb_5|lpm_mux:Mux2|mux_cqc:auto_generated|_~8              ; out0             ;
; |top|test02:comb_5|lpm_mux:Mux2|mux_cqc:auto_generated|_~10             ; |top|test02:comb_5|lpm_mux:Mux2|mux_cqc:auto_generated|_~10             ; out0             ;
; |top|test02:comb_5|lpm_mux:Mux2|mux_cqc:auto_generated|_~11             ; |top|test02:comb_5|lpm_mux:Mux2|mux_cqc:auto_generated|_~11             ; out0             ;
; |top|test02:comb_5|lpm_mux:Mux2|mux_cqc:auto_generated|_~12             ; |top|test02:comb_5|lpm_mux:Mux2|mux_cqc:auto_generated|_~12             ; out0             ;
; |top|test02:comb_5|lpm_mux:Mux2|mux_cqc:auto_generated|_~13             ; |top|test02:comb_5|lpm_mux:Mux2|mux_cqc:auto_generated|_~13             ; out0             ;
; |top|test02:comb_5|lpm_mux:Mux2|mux_cqc:auto_generated|_~14             ; |top|test02:comb_5|lpm_mux:Mux2|mux_cqc:auto_generated|_~14             ; out0             ;
; |top|test02:comb_5|lpm_mux:Mux2|mux_cqc:auto_generated|_~15             ; |top|test02:comb_5|lpm_mux:Mux2|mux_cqc:auto_generated|_~15             ; out0             ;
; |top|test02:comb_5|lpm_mux:Mux2|mux_cqc:auto_generated|_~16             ; |top|test02:comb_5|lpm_mux:Mux2|mux_cqc:auto_generated|_~16             ; out0             ;
; |top|test02:comb_5|lpm_mux:Mux2|mux_cqc:auto_generated|_~17             ; |top|test02:comb_5|lpm_mux:Mux2|mux_cqc:auto_generated|_~17             ; out0             ;
; |top|test02:comb_5|lpm_mux:Mux2|mux_cqc:auto_generated|_~19             ; |top|test02:comb_5|lpm_mux:Mux2|mux_cqc:auto_generated|_~19             ; out0             ;
; |top|test02:comb_5|lpm_mux:Mux2|mux_cqc:auto_generated|_~20             ; |top|test02:comb_5|lpm_mux:Mux2|mux_cqc:auto_generated|_~20             ; out0             ;
; |top|test02:comb_5|lpm_mux:Mux2|mux_cqc:auto_generated|result_node[0]~0 ; |top|test02:comb_5|lpm_mux:Mux2|mux_cqc:auto_generated|result_node[0]~0 ; out0             ;
; |top|test02:comb_5|lpm_mux:Mux2|mux_cqc:auto_generated|_~21             ; |top|test02:comb_5|lpm_mux:Mux2|mux_cqc:auto_generated|_~21             ; out0             ;
; |top|test02:comb_5|lpm_mux:Mux2|mux_cqc:auto_generated|_~23             ; |top|test02:comb_5|lpm_mux:Mux2|mux_cqc:auto_generated|_~23             ; out0             ;
; |top|test02:comb_5|lpm_mux:Mux2|mux_cqc:auto_generated|_~25             ; |top|test02:comb_5|lpm_mux:Mux2|mux_cqc:auto_generated|_~25             ; out0             ;
; |top|test02:comb_5|lpm_mux:Mux2|mux_cqc:auto_generated|_~27             ; |top|test02:comb_5|lpm_mux:Mux2|mux_cqc:auto_generated|_~27             ; out0             ;
; |top|test02:comb_5|lpm_mux:Mux2|mux_cqc:auto_generated|_~28             ; |top|test02:comb_5|lpm_mux:Mux2|mux_cqc:auto_generated|_~28             ; out0             ;
; |top|test02:comb_5|lpm_mux:Mux2|mux_cqc:auto_generated|_~29             ; |top|test02:comb_5|lpm_mux:Mux2|mux_cqc:auto_generated|_~29             ; out0             ;
; |top|test02:comb_5|lpm_mux:Mux2|mux_cqc:auto_generated|_~30             ; |top|test02:comb_5|lpm_mux:Mux2|mux_cqc:auto_generated|_~30             ; out0             ;
; |top|test02:comb_5|lpm_mux:Mux2|mux_cqc:auto_generated|_~32             ; |top|test02:comb_5|lpm_mux:Mux2|mux_cqc:auto_generated|_~32             ; out0             ;
; |top|test02:comb_5|lpm_mux:Mux2|mux_cqc:auto_generated|_~34             ; |top|test02:comb_5|lpm_mux:Mux2|mux_cqc:auto_generated|_~34             ; out0             ;
; |top|test02:comb_5|lpm_mux:Mux2|mux_cqc:auto_generated|_~36             ; |top|test02:comb_5|lpm_mux:Mux2|mux_cqc:auto_generated|_~36             ; out0             ;
; |top|test02:comb_5|lpm_mux:Mux2|mux_cqc:auto_generated|_~37             ; |top|test02:comb_5|lpm_mux:Mux2|mux_cqc:auto_generated|_~37             ; out0             ;
; |top|test02:comb_5|lpm_mux:Mux2|mux_cqc:auto_generated|_~38             ; |top|test02:comb_5|lpm_mux:Mux2|mux_cqc:auto_generated|_~38             ; out0             ;
; |top|test02:comb_5|lpm_mux:Mux2|mux_cqc:auto_generated|_~39             ; |top|test02:comb_5|lpm_mux:Mux2|mux_cqc:auto_generated|_~39             ; out0             ;
; |top|test02:comb_5|lpm_mux:Mux2|mux_cqc:auto_generated|_~40             ; |top|test02:comb_5|lpm_mux:Mux2|mux_cqc:auto_generated|_~40             ; out0             ;
; |top|test02:comb_5|lpm_mux:Mux2|mux_cqc:auto_generated|result_node[0]   ; |top|test02:comb_5|lpm_mux:Mux2|mux_cqc:auto_generated|result_node[0]   ; out0             ;
; |top|test02:comb_5|lpm_mux:Mux1|mux_cqc:auto_generated|_~1              ; |top|test02:comb_5|lpm_mux:Mux1|mux_cqc:auto_generated|_~1              ; out0             ;
; |top|test02:comb_5|lpm_mux:Mux1|mux_cqc:auto_generated|_~2              ; |top|test02:comb_5|lpm_mux:Mux1|mux_cqc:auto_generated|_~2              ; out0             ;
; |top|test02:comb_5|lpm_mux:Mux1|mux_cqc:auto_generated|_~3              ; |top|test02:comb_5|lpm_mux:Mux1|mux_cqc:auto_generated|_~3              ; out0             ;
; |top|test02:comb_5|lpm_mux:Mux1|mux_cqc:auto_generated|_~4              ; |top|test02:comb_5|lpm_mux:Mux1|mux_cqc:auto_generated|_~4              ; out0             ;
; |top|test02:comb_5|lpm_mux:Mux1|mux_cqc:auto_generated|_~5              ; |top|test02:comb_5|lpm_mux:Mux1|mux_cqc:auto_generated|_~5              ; out0             ;
; |top|test02:comb_5|lpm_mux:Mux1|mux_cqc:auto_generated|_~6              ; |top|test02:comb_5|lpm_mux:Mux1|mux_cqc:auto_generated|_~6              ; out0             ;
; |top|test02:comb_5|lpm_mux:Mux1|mux_cqc:auto_generated|_~7              ; |top|test02:comb_5|lpm_mux:Mux1|mux_cqc:auto_generated|_~7              ; out0             ;
; |top|test02:comb_5|lpm_mux:Mux1|mux_cqc:auto_generated|_~8              ; |top|test02:comb_5|lpm_mux:Mux1|mux_cqc:auto_generated|_~8              ; out0             ;
; |top|test02:comb_5|lpm_mux:Mux1|mux_cqc:auto_generated|_~10             ; |top|test02:comb_5|lpm_mux:Mux1|mux_cqc:auto_generated|_~10             ; out0             ;
; |top|test02:comb_5|lpm_mux:Mux1|mux_cqc:auto_generated|_~11             ; |top|test02:comb_5|lpm_mux:Mux1|mux_cqc:auto_generated|_~11             ; out0             ;
; |top|test02:comb_5|lpm_mux:Mux1|mux_cqc:auto_generated|_~12             ; |top|test02:comb_5|lpm_mux:Mux1|mux_cqc:auto_generated|_~12             ; out0             ;
; |top|test02:comb_5|lpm_mux:Mux1|mux_cqc:auto_generated|_~13             ; |top|test02:comb_5|lpm_mux:Mux1|mux_cqc:auto_generated|_~13             ; out0             ;
; |top|test02:comb_5|lpm_mux:Mux1|mux_cqc:auto_generated|_~14             ; |top|test02:comb_5|lpm_mux:Mux1|mux_cqc:auto_generated|_~14             ; out0             ;
; |top|test02:comb_5|lpm_mux:Mux1|mux_cqc:auto_generated|_~15             ; |top|test02:comb_5|lpm_mux:Mux1|mux_cqc:auto_generated|_~15             ; out0             ;
; |top|test02:comb_5|lpm_mux:Mux1|mux_cqc:auto_generated|_~16             ; |top|test02:comb_5|lpm_mux:Mux1|mux_cqc:auto_generated|_~16             ; out0             ;
; |top|test02:comb_5|lpm_mux:Mux1|mux_cqc:auto_generated|_~17             ; |top|test02:comb_5|lpm_mux:Mux1|mux_cqc:auto_generated|_~17             ; out0             ;
; |top|test02:comb_5|lpm_mux:Mux1|mux_cqc:auto_generated|_~18             ; |top|test02:comb_5|lpm_mux:Mux1|mux_cqc:auto_generated|_~18             ; out0             ;
; |top|test02:comb_5|lpm_mux:Mux1|mux_cqc:auto_generated|_~19             ; |top|test02:comb_5|lpm_mux:Mux1|mux_cqc:auto_generated|_~19             ; out0             ;
; |top|test02:comb_5|lpm_mux:Mux1|mux_cqc:auto_generated|_~20             ; |top|test02:comb_5|lpm_mux:Mux1|mux_cqc:auto_generated|_~20             ; out0             ;
; |top|test02:comb_5|lpm_mux:Mux1|mux_cqc:auto_generated|result_node[0]~0 ; |top|test02:comb_5|lpm_mux:Mux1|mux_cqc:auto_generated|result_node[0]~0 ; out0             ;
; |top|test02:comb_5|lpm_mux:Mux1|mux_cqc:auto_generated|_~21             ; |top|test02:comb_5|lpm_mux:Mux1|mux_cqc:auto_generated|_~21             ; out0             ;
; |top|test02:comb_5|lpm_mux:Mux1|mux_cqc:auto_generated|_~23             ; |top|test02:comb_5|lpm_mux:Mux1|mux_cqc:auto_generated|_~23             ; out0             ;
; |top|test02:comb_5|lpm_mux:Mux1|mux_cqc:auto_generated|_~25             ; |top|test02:comb_5|lpm_mux:Mux1|mux_cqc:auto_generated|_~25             ; out0             ;
; |top|test02:comb_5|lpm_mux:Mux1|mux_cqc:auto_generated|_~27             ; |top|test02:comb_5|lpm_mux:Mux1|mux_cqc:auto_generated|_~27             ; out0             ;
; |top|test02:comb_5|lpm_mux:Mux1|mux_cqc:auto_generated|_~28             ; |top|test02:comb_5|lpm_mux:Mux1|mux_cqc:auto_generated|_~28             ; out0             ;
; |top|test02:comb_5|lpm_mux:Mux1|mux_cqc:auto_generated|_~29             ; |top|test02:comb_5|lpm_mux:Mux1|mux_cqc:auto_generated|_~29             ; out0             ;
; |top|test02:comb_5|lpm_mux:Mux1|mux_cqc:auto_generated|_~30             ; |top|test02:comb_5|lpm_mux:Mux1|mux_cqc:auto_generated|_~30             ; out0             ;
; |top|test02:comb_5|lpm_mux:Mux1|mux_cqc:auto_generated|_~32             ; |top|test02:comb_5|lpm_mux:Mux1|mux_cqc:auto_generated|_~32             ; out0             ;
; |top|test02:comb_5|lpm_mux:Mux1|mux_cqc:auto_generated|_~34             ; |top|test02:comb_5|lpm_mux:Mux1|mux_cqc:auto_generated|_~34             ; out0             ;
; |top|test02:comb_5|lpm_mux:Mux1|mux_cqc:auto_generated|_~36             ; |top|test02:comb_5|lpm_mux:Mux1|mux_cqc:auto_generated|_~36             ; out0             ;
; |top|test02:comb_5|lpm_mux:Mux1|mux_cqc:auto_generated|_~37             ; |top|test02:comb_5|lpm_mux:Mux1|mux_cqc:auto_generated|_~37             ; out0             ;
; |top|test02:comb_5|lpm_mux:Mux1|mux_cqc:auto_generated|_~38             ; |top|test02:comb_5|lpm_mux:Mux1|mux_cqc:auto_generated|_~38             ; out0             ;
; |top|test02:comb_5|lpm_mux:Mux1|mux_cqc:auto_generated|_~39             ; |top|test02:comb_5|lpm_mux:Mux1|mux_cqc:auto_generated|_~39             ; out0             ;
; |top|test02:comb_5|lpm_mux:Mux1|mux_cqc:auto_generated|_~40             ; |top|test02:comb_5|lpm_mux:Mux1|mux_cqc:auto_generated|_~40             ; out0             ;
; |top|test02:comb_5|lpm_mux:Mux1|mux_cqc:auto_generated|result_node[0]   ; |top|test02:comb_5|lpm_mux:Mux1|mux_cqc:auto_generated|result_node[0]   ; out0             ;
; |top|test02:comb_5|lpm_mux:Mux0|mux_cqc:auto_generated|_~1              ; |top|test02:comb_5|lpm_mux:Mux0|mux_cqc:auto_generated|_~1              ; out0             ;
; |top|test02:comb_5|lpm_mux:Mux0|mux_cqc:auto_generated|_~3              ; |top|test02:comb_5|lpm_mux:Mux0|mux_cqc:auto_generated|_~3              ; out0             ;
; |top|test02:comb_5|lpm_mux:Mux0|mux_cqc:auto_generated|_~5              ; |top|test02:comb_5|lpm_mux:Mux0|mux_cqc:auto_generated|_~5              ; out0             ;
; |top|test02:comb_5|lpm_mux:Mux0|mux_cqc:auto_generated|_~6              ; |top|test02:comb_5|lpm_mux:Mux0|mux_cqc:auto_generated|_~6              ; out0             ;
; |top|test02:comb_5|lpm_mux:Mux0|mux_cqc:auto_generated|_~7              ; |top|test02:comb_5|lpm_mux:Mux0|mux_cqc:auto_generated|_~7              ; out0             ;
; |top|test02:comb_5|lpm_mux:Mux0|mux_cqc:auto_generated|_~8              ; |top|test02:comb_5|lpm_mux:Mux0|mux_cqc:auto_generated|_~8              ; out0             ;
; |top|test02:comb_5|lpm_mux:Mux0|mux_cqc:auto_generated|_~10             ; |top|test02:comb_5|lpm_mux:Mux0|mux_cqc:auto_generated|_~10             ; out0             ;
; |top|test02:comb_5|lpm_mux:Mux0|mux_cqc:auto_generated|_~12             ; |top|test02:comb_5|lpm_mux:Mux0|mux_cqc:auto_generated|_~12             ; out0             ;
; |top|test02:comb_5|lpm_mux:Mux0|mux_cqc:auto_generated|_~14             ; |top|test02:comb_5|lpm_mux:Mux0|mux_cqc:auto_generated|_~14             ; out0             ;
; |top|test02:comb_5|lpm_mux:Mux0|mux_cqc:auto_generated|_~15             ; |top|test02:comb_5|lpm_mux:Mux0|mux_cqc:auto_generated|_~15             ; out0             ;
; |top|test02:comb_5|lpm_mux:Mux0|mux_cqc:auto_generated|_~16             ; |top|test02:comb_5|lpm_mux:Mux0|mux_cqc:auto_generated|_~16             ; out0             ;
; |top|test02:comb_5|lpm_mux:Mux0|mux_cqc:auto_generated|_~17             ; |top|test02:comb_5|lpm_mux:Mux0|mux_cqc:auto_generated|_~17             ; out0             ;
; |top|test02:comb_5|lpm_mux:Mux0|mux_cqc:auto_generated|_~18             ; |top|test02:comb_5|lpm_mux:Mux0|mux_cqc:auto_generated|_~18             ; out0             ;
; |top|test02:comb_5|lpm_mux:Mux0|mux_cqc:auto_generated|_~21             ; |top|test02:comb_5|lpm_mux:Mux0|mux_cqc:auto_generated|_~21             ; out0             ;
; |top|test02:comb_5|lpm_mux:Mux0|mux_cqc:auto_generated|_~23             ; |top|test02:comb_5|lpm_mux:Mux0|mux_cqc:auto_generated|_~23             ; out0             ;
; |top|test02:comb_5|lpm_mux:Mux0|mux_cqc:auto_generated|_~25             ; |top|test02:comb_5|lpm_mux:Mux0|mux_cqc:auto_generated|_~25             ; out0             ;
; |top|test02:comb_5|lpm_mux:Mux0|mux_cqc:auto_generated|_~27             ; |top|test02:comb_5|lpm_mux:Mux0|mux_cqc:auto_generated|_~27             ; out0             ;
; |top|test02:comb_5|lpm_mux:Mux0|mux_cqc:auto_generated|_~28             ; |top|test02:comb_5|lpm_mux:Mux0|mux_cqc:auto_generated|_~28             ; out0             ;
; |top|test02:comb_5|lpm_mux:Mux0|mux_cqc:auto_generated|_~29             ; |top|test02:comb_5|lpm_mux:Mux0|mux_cqc:auto_generated|_~29             ; out0             ;
; |top|test02:comb_5|lpm_mux:Mux0|mux_cqc:auto_generated|_~30             ; |top|test02:comb_5|lpm_mux:Mux0|mux_cqc:auto_generated|_~30             ; out0             ;
; |top|test02:comb_5|lpm_mux:Mux0|mux_cqc:auto_generated|_~32             ; |top|test02:comb_5|lpm_mux:Mux0|mux_cqc:auto_generated|_~32             ; out0             ;
; |top|test02:comb_5|lpm_mux:Mux0|mux_cqc:auto_generated|_~34             ; |top|test02:comb_5|lpm_mux:Mux0|mux_cqc:auto_generated|_~34             ; out0             ;
; |top|test02:comb_5|lpm_mux:Mux0|mux_cqc:auto_generated|_~36             ; |top|test02:comb_5|lpm_mux:Mux0|mux_cqc:auto_generated|_~36             ; out0             ;
; |top|test02:comb_5|lpm_mux:Mux0|mux_cqc:auto_generated|_~37             ; |top|test02:comb_5|lpm_mux:Mux0|mux_cqc:auto_generated|_~37             ; out0             ;
; |top|test02:comb_5|lpm_mux:Mux0|mux_cqc:auto_generated|_~38             ; |top|test02:comb_5|lpm_mux:Mux0|mux_cqc:auto_generated|_~38             ; out0             ;
; |top|test02:comb_5|lpm_mux:Mux0|mux_cqc:auto_generated|_~39             ; |top|test02:comb_5|lpm_mux:Mux0|mux_cqc:auto_generated|_~39             ; out0             ;
; |top|test02:comb_5|lpm_mux:Mux0|mux_cqc:auto_generated|_~40             ; |top|test02:comb_5|lpm_mux:Mux0|mux_cqc:auto_generated|_~40             ; out0             ;
+-------------------------------------------------------------------------+-------------------------------------------------------------------------+------------------+


The following table displays output ports that do not toggle to 1 during simulation.
+----------------------------------------------------------------------------------------------------------------------------------------------------------------------+
; Missing 1-Value Coverage                                                                                                                                             ;
+-------------------------------------------------------------------------+-------------------------------------------------------------------------+------------------+
; Node Name                                                               ; Output Port Name                                                        ; Output Port Type ;
+-------------------------------------------------------------------------+-------------------------------------------------------------------------+------------------+
; |top|n_en                                                               ; |top|n_en                                                               ; out              ;
; |top|in1[0]                                                             ; |top|in1[0]                                                             ; out              ;
; |top|in1[1]                                                             ; |top|in1[1]                                                             ; out              ;
; |top|in1[2]                                                             ; |top|in1[2]                                                             ; out              ;
; |top|in1[3]                                                             ; |top|in1[3]                                                             ; out              ;
; |top|in2[0]                                                             ; |top|in2[0]                                                             ; out              ;
; |top|in2[1]                                                             ; |top|in2[1]                                                             ; out              ;
; |top|in2[2]                                                             ; |top|in2[2]                                                             ; out              ;
; |top|in2[3]                                                             ; |top|in2[3]                                                             ; out              ;
; |top|led[5]                                                             ; |top|led[5]                                                             ; pin_out          ;
; |top|LED:comb_6|WideOr1                                                 ; |top|LED:comb_6|WideOr1                                                 ; out0             ;
; |top|LED:comb_6|out[5]                                                  ; |top|LED:comb_6|out[5]                                                  ; out              ;
; |top|test02:comb_5|out[3]                                               ; |top|test02:comb_5|out[3]                                               ; out              ;
; |top|LED:comb_6|Decoder0~4                                              ; |top|LED:comb_6|Decoder0~4                                              ; out              ;
; |top|LED:comb_6|Decoder0~5                                              ; |top|LED:comb_6|Decoder0~5                                              ; out              ;
; |top|LED:comb_6|Decoder0~6                                              ; |top|LED:comb_6|Decoder0~6                                              ; out              ;
; |top|LED:comb_6|Decoder0~7                                              ; |top|LED:comb_6|Decoder0~7                                              ; out              ;
; |top|LED:comb_6|Decoder0~8                                              ; |top|LED:comb_6|Decoder0~8                                              ; out              ;
; |top|LED:comb_6|Decoder0~9                                              ; |top|LED:comb_6|Decoder0~9                                              ; out              ;
; |top|LED:comb_6|Decoder0~10                                             ; |top|LED:comb_6|Decoder0~10                                             ; out              ;
; |top|LED:comb_6|Decoder0~11                                             ; |top|LED:comb_6|Decoder0~11                                             ; out              ;
; |top|LED:comb_6|Decoder0~12                                             ; |top|LED:comb_6|Decoder0~12                                             ; out              ;
; |top|LED:comb_6|Decoder0~13                                             ; |top|LED:comb_6|Decoder0~13                                             ; out              ;
; |top|LED:comb_6|Decoder0~14                                             ; |top|LED:comb_6|Decoder0~14                                             ; out              ;
; |top|test02:comb_5|lpm_mux:Mux3|mux_cqc:auto_generated|_~0              ; |top|test02:comb_5|lpm_mux:Mux3|mux_cqc:auto_generated|_~0              ; out0             ;
; |top|test02:comb_5|lpm_mux:Mux3|mux_cqc:auto_generated|_~5              ; |top|test02:comb_5|lpm_mux:Mux3|mux_cqc:auto_generated|_~5              ; out0             ;
; |top|test02:comb_5|lpm_mux:Mux3|mux_cqc:auto_generated|_~9              ; |top|test02:comb_5|lpm_mux:Mux3|mux_cqc:auto_generated|_~9              ; out0             ;
; |top|test02:comb_5|lpm_mux:Mux3|mux_cqc:auto_generated|_~14             ; |top|test02:comb_5|lpm_mux:Mux3|mux_cqc:auto_generated|_~14             ; out0             ;
; |top|test02:comb_5|lpm_mux:Mux3|mux_cqc:auto_generated|_~22             ; |top|test02:comb_5|lpm_mux:Mux3|mux_cqc:auto_generated|_~22             ; out0             ;
; |top|test02:comb_5|lpm_mux:Mux3|mux_cqc:auto_generated|_~24             ; |top|test02:comb_5|lpm_mux:Mux3|mux_cqc:auto_generated|_~24             ; out0             ;
; |top|test02:comb_5|lpm_mux:Mux3|mux_cqc:auto_generated|_~26             ; |top|test02:comb_5|lpm_mux:Mux3|mux_cqc:auto_generated|_~26             ; out0             ;
; |top|test02:comb_5|lpm_mux:Mux3|mux_cqc:auto_generated|_~31             ; |top|test02:comb_5|lpm_mux:Mux3|mux_cqc:auto_generated|_~31             ; out0             ;
; |top|test02:comb_5|lpm_mux:Mux3|mux_cqc:auto_generated|_~33             ; |top|test02:comb_5|lpm_mux:Mux3|mux_cqc:auto_generated|_~33             ; out0             ;
; |top|test02:comb_5|lpm_mux:Mux3|mux_cqc:auto_generated|_~35             ; |top|test02:comb_5|lpm_mux:Mux3|mux_cqc:auto_generated|_~35             ; out0             ;
; |top|test02:comb_5|lpm_mux:Mux3|mux_cqc:auto_generated|_~40             ; |top|test02:comb_5|lpm_mux:Mux3|mux_cqc:auto_generated|_~40             ; out0             ;
; |top|test02:comb_5|lpm_mux:Mux2|mux_cqc:auto_generated|_~0              ; |top|test02:comb_5|lpm_mux:Mux2|mux_cqc:auto_generated|_~0              ; out0             ;
; |top|test02:comb_5|lpm_mux:Mux2|mux_cqc:auto_generated|_~9              ; |top|test02:comb_5|lpm_mux:Mux2|mux_cqc:auto_generated|_~9              ; out0             ;
; |top|test02:comb_5|lpm_mux:Mux2|mux_cqc:auto_generated|_~18             ; |top|test02:comb_5|lpm_mux:Mux2|mux_cqc:auto_generated|_~18             ; out0             ;
; |top|test02:comb_5|lpm_mux:Mux2|mux_cqc:auto_generated|_~22             ; |top|test02:comb_5|lpm_mux:Mux2|mux_cqc:auto_generated|_~22             ; out0             ;
; |top|test02:comb_5|lpm_mux:Mux2|mux_cqc:auto_generated|_~24             ; |top|test02:comb_5|lpm_mux:Mux2|mux_cqc:auto_generated|_~24             ; out0             ;
; |top|test02:comb_5|lpm_mux:Mux2|mux_cqc:auto_generated|_~26             ; |top|test02:comb_5|lpm_mux:Mux2|mux_cqc:auto_generated|_~26             ; out0             ;
; |top|test02:comb_5|lpm_mux:Mux2|mux_cqc:auto_generated|_~31             ; |top|test02:comb_5|lpm_mux:Mux2|mux_cqc:auto_generated|_~31             ; out0             ;
; |top|test02:comb_5|lpm_mux:Mux2|mux_cqc:auto_generated|_~33             ; |top|test02:comb_5|lpm_mux:Mux2|mux_cqc:auto_generated|_~33             ; out0             ;
; |top|test02:comb_5|lpm_mux:Mux2|mux_cqc:auto_generated|_~35             ; |top|test02:comb_5|lpm_mux:Mux2|mux_cqc:auto_generated|_~35             ; out0             ;
; |top|test02:comb_5|lpm_mux:Mux2|mux_cqc:auto_generated|_~41             ; |top|test02:comb_5|lpm_mux:Mux2|mux_cqc:auto_generated|_~41             ; out0             ;
; |top|test02:comb_5|lpm_mux:Mux2|mux_cqc:auto_generated|_~42             ; |top|test02:comb_5|lpm_mux:Mux2|mux_cqc:auto_generated|_~42             ; out0             ;
; |top|test02:comb_5|lpm_mux:Mux2|mux_cqc:auto_generated|result_node[0]~1 ; |top|test02:comb_5|lpm_mux:Mux2|mux_cqc:auto_generated|result_node[0]~1 ; out0             ;
; |top|test02:comb_5|lpm_mux:Mux1|mux_cqc:auto_generated|_~0              ; |top|test02:comb_5|lpm_mux:Mux1|mux_cqc:auto_generated|_~0              ; out0             ;
; |top|test02:comb_5|lpm_mux:Mux1|mux_cqc:auto_generated|_~9              ; |top|test02:comb_5|lpm_mux:Mux1|mux_cqc:auto_generated|_~9              ; out0             ;
; |top|test02:comb_5|lpm_mux:Mux1|mux_cqc:auto_generated|_~22             ; |top|test02:comb_5|lpm_mux:Mux1|mux_cqc:auto_generated|_~22             ; out0             ;
; |top|test02:comb_5|lpm_mux:Mux1|mux_cqc:auto_generated|_~24             ; |top|test02:comb_5|lpm_mux:Mux1|mux_cqc:auto_generated|_~24             ; out0             ;
; |top|test02:comb_5|lpm_mux:Mux1|mux_cqc:auto_generated|_~26             ; |top|test02:comb_5|lpm_mux:Mux1|mux_cqc:auto_generated|_~26             ; out0             ;
; |top|test02:comb_5|lpm_mux:Mux1|mux_cqc:auto_generated|_~31             ; |top|test02:comb_5|lpm_mux:Mux1|mux_cqc:auto_generated|_~31             ; out0             ;
; |top|test02:comb_5|lpm_mux:Mux1|mux_cqc:auto_generated|_~33             ; |top|test02:comb_5|lpm_mux:Mux1|mux_cqc:auto_generated|_~33             ; out0             ;
; |top|test02:comb_5|lpm_mux:Mux1|mux_cqc:auto_generated|_~35             ; |top|test02:comb_5|lpm_mux:Mux1|mux_cqc:auto_generated|_~35             ; out0             ;
; |top|test02:comb_5|lpm_mux:Mux1|mux_cqc:auto_generated|_~41             ; |top|test02:comb_5|lpm_mux:Mux1|mux_cqc:auto_generated|_~41             ; out0             ;
; |top|test02:comb_5|lpm_mux:Mux1|mux_cqc:auto_generated|_~42             ; |top|test02:comb_5|lpm_mux:Mux1|mux_cqc:auto_generated|_~42             ; out0             ;
; |top|test02:comb_5|lpm_mux:Mux1|mux_cqc:auto_generated|result_node[0]~1 ; |top|test02:comb_5|lpm_mux:Mux1|mux_cqc:auto_generated|result_node[0]~1 ; out0             ;
; |top|test02:comb_5|lpm_mux:Mux0|mux_cqc:auto_generated|_~0              ; |top|test02:comb_5|lpm_mux:Mux0|mux_cqc:auto_generated|_~0              ; out0             ;
; |top|test02:comb_5|lpm_mux:Mux0|mux_cqc:auto_generated|_~2              ; |top|test02:comb_5|lpm_mux:Mux0|mux_cqc:auto_generated|_~2              ; out0             ;
; |top|test02:comb_5|lpm_mux:Mux0|mux_cqc:auto_generated|_~4              ; |top|test02:comb_5|lpm_mux:Mux0|mux_cqc:auto_generated|_~4              ; out0             ;
; |top|test02:comb_5|lpm_mux:Mux0|mux_cqc:auto_generated|_~9              ; |top|test02:comb_5|lpm_mux:Mux0|mux_cqc:auto_generated|_~9              ; out0             ;
; |top|test02:comb_5|lpm_mux:Mux0|mux_cqc:auto_generated|_~11             ; |top|test02:comb_5|lpm_mux:Mux0|mux_cqc:auto_generated|_~11             ; out0             ;
; |top|test02:comb_5|lpm_mux:Mux0|mux_cqc:auto_generated|_~13             ; |top|test02:comb_5|lpm_mux:Mux0|mux_cqc:auto_generated|_~13             ; out0             ;
; |top|test02:comb_5|lpm_mux:Mux0|mux_cqc:auto_generated|_~19             ; |top|test02:comb_5|lpm_mux:Mux0|mux_cqc:auto_generated|_~19             ; out0             ;
; |top|test02:comb_5|lpm_mux:Mux0|mux_cqc:auto_generated|_~20             ; |top|test02:comb_5|lpm_mux:Mux0|mux_cqc:auto_generated|_~20             ; out0             ;
; |top|test02:comb_5|lpm_mux:Mux0|mux_cqc:auto_generated|result_node[0]~0 ; |top|test02:comb_5|lpm_mux:Mux0|mux_cqc:auto_generated|result_node[0]~0 ; out0             ;
; |top|test02:comb_5|lpm_mux:Mux0|mux_cqc:auto_generated|_~22             ; |top|test02:comb_5|lpm_mux:Mux0|mux_cqc:auto_generated|_~22             ; out0             ;
; |top|test02:comb_5|lpm_mux:Mux0|mux_cqc:auto_generated|_~24             ; |top|test02:comb_5|lpm_mux:Mux0|mux_cqc:auto_generated|_~24             ; out0             ;
; |top|test02:comb_5|lpm_mux:Mux0|mux_cqc:auto_generated|_~26             ; |top|test02:comb_5|lpm_mux:Mux0|mux_cqc:auto_generated|_~26             ; out0             ;
; |top|test02:comb_5|lpm_mux:Mux0|mux_cqc:auto_generated|_~31             ; |top|test02:comb_5|lpm_mux:Mux0|mux_cqc:auto_generated|_~31             ; out0             ;
; |top|test02:comb_5|lpm_mux:Mux0|mux_cqc:auto_generated|_~33             ; |top|test02:comb_5|lpm_mux:Mux0|mux_cqc:auto_generated|_~33             ; out0             ;
; |top|test02:comb_5|lpm_mux:Mux0|mux_cqc:auto_generated|_~35             ; |top|test02:comb_5|lpm_mux:Mux0|mux_cqc:auto_generated|_~35             ; out0             ;
; |top|test02:comb_5|lpm_mux:Mux0|mux_cqc:auto_generated|_~41             ; |top|test02:comb_5|lpm_mux:Mux0|mux_cqc:auto_generated|_~41             ; out0             ;
; |top|test02:comb_5|lpm_mux:Mux0|mux_cqc:auto_generated|_~42             ; |top|test02:comb_5|lpm_mux:Mux0|mux_cqc:auto_generated|_~42             ; out0             ;
; |top|test02:comb_5|lpm_mux:Mux0|mux_cqc:auto_generated|result_node[0]~1 ; |top|test02:comb_5|lpm_mux:Mux0|mux_cqc:auto_generated|result_node[0]~1 ; out0             ;
; |top|test02:comb_5|lpm_mux:Mux0|mux_cqc:auto_generated|result_node[0]   ; |top|test02:comb_5|lpm_mux:Mux0|mux_cqc:auto_generated|result_node[0]   ; out0             ;
+-------------------------------------------------------------------------+-------------------------------------------------------------------------+------------------+


The following table displays output ports that do not toggle to 0 during simulation.
+----------------------------------------------------------------------------------------------------------------------------------------------------------------------+
; Missing 0-Value Coverage                                                                                                                                             ;
+-------------------------------------------------------------------------+-------------------------------------------------------------------------+------------------+
; Node Name                                                               ; Output Port Name                                                        ; Output Port Type ;
+-------------------------------------------------------------------------+-------------------------------------------------------------------------+------------------+
; |top|n_en                                                               ; |top|n_en                                                               ; out              ;
; |top|in1[0]                                                             ; |top|in1[0]                                                             ; out              ;
; |top|in1[1]                                                             ; |top|in1[1]                                                             ; out              ;
; |top|in1[2]                                                             ; |top|in1[2]                                                             ; out              ;
; |top|in1[3]                                                             ; |top|in1[3]                                                             ; out              ;
; |top|in2[0]                                                             ; |top|in2[0]                                                             ; out              ;
; |top|in2[1]                                                             ; |top|in2[1]                                                             ; out              ;
; |top|in2[2]                                                             ; |top|in2[2]                                                             ; out              ;
; |top|in2[3]                                                             ; |top|in2[3]                                                             ; out              ;
; |top|led[5]                                                             ; |top|led[5]                                                             ; pin_out          ;
; |top|LED:comb_6|WideOr1                                                 ; |top|LED:comb_6|WideOr1                                                 ; out0             ;
; |top|LED:comb_6|out[5]                                                  ; |top|LED:comb_6|out[5]                                                  ; out              ;
; |top|test02:comb_5|out[3]                                               ; |top|test02:comb_5|out[3]                                               ; out              ;
; |top|LED:comb_6|Decoder0~4                                              ; |top|LED:comb_6|Decoder0~4                                              ; out              ;
; |top|LED:comb_6|Decoder0~5                                              ; |top|LED:comb_6|Decoder0~5                                              ; out              ;
; |top|LED:comb_6|Decoder0~6                                              ; |top|LED:comb_6|Decoder0~6                                              ; out              ;
; |top|LED:comb_6|Decoder0~7                                              ; |top|LED:comb_6|Decoder0~7                                              ; out              ;
; |top|LED:comb_6|Decoder0~8                                              ; |top|LED:comb_6|Decoder0~8                                              ; out              ;
; |top|LED:comb_6|Decoder0~9                                              ; |top|LED:comb_6|Decoder0~9                                              ; out              ;
; |top|LED:comb_6|Decoder0~10                                             ; |top|LED:comb_6|Decoder0~10                                             ; out              ;
; |top|LED:comb_6|Decoder0~11                                             ; |top|LED:comb_6|Decoder0~11                                             ; out              ;
; |top|LED:comb_6|Decoder0~12                                             ; |top|LED:comb_6|Decoder0~12                                             ; out              ;
; |top|LED:comb_6|Decoder0~13                                             ; |top|LED:comb_6|Decoder0~13                                             ; out              ;
; |top|LED:comb_6|Decoder0~14                                             ; |top|LED:comb_6|Decoder0~14                                             ; out              ;
; |top|test02:comb_5|lpm_mux:Mux3|mux_cqc:auto_generated|_~0              ; |top|test02:comb_5|lpm_mux:Mux3|mux_cqc:auto_generated|_~0              ; out0             ;
; |top|test02:comb_5|lpm_mux:Mux3|mux_cqc:auto_generated|_~5              ; |top|test02:comb_5|lpm_mux:Mux3|mux_cqc:auto_generated|_~5              ; out0             ;
; |top|test02:comb_5|lpm_mux:Mux3|mux_cqc:auto_generated|_~9              ; |top|test02:comb_5|lpm_mux:Mux3|mux_cqc:auto_generated|_~9              ; out0             ;
; |top|test02:comb_5|lpm_mux:Mux3|mux_cqc:auto_generated|_~14             ; |top|test02:comb_5|lpm_mux:Mux3|mux_cqc:auto_generated|_~14             ; out0             ;
; |top|test02:comb_5|lpm_mux:Mux3|mux_cqc:auto_generated|_~22             ; |top|test02:comb_5|lpm_mux:Mux3|mux_cqc:auto_generated|_~22             ; out0             ;
; |top|test02:comb_5|lpm_mux:Mux3|mux_cqc:auto_generated|_~24             ; |top|test02:comb_5|lpm_mux:Mux3|mux_cqc:auto_generated|_~24             ; out0             ;
; |top|test02:comb_5|lpm_mux:Mux3|mux_cqc:auto_generated|_~26             ; |top|test02:comb_5|lpm_mux:Mux3|mux_cqc:auto_generated|_~26             ; out0             ;
; |top|test02:comb_5|lpm_mux:Mux3|mux_cqc:auto_generated|_~31             ; |top|test02:comb_5|lpm_mux:Mux3|mux_cqc:auto_generated|_~31             ; out0             ;
; |top|test02:comb_5|lpm_mux:Mux3|mux_cqc:auto_generated|_~33             ; |top|test02:comb_5|lpm_mux:Mux3|mux_cqc:auto_generated|_~33             ; out0             ;
; |top|test02:comb_5|lpm_mux:Mux3|mux_cqc:auto_generated|_~35             ; |top|test02:comb_5|lpm_mux:Mux3|mux_cqc:auto_generated|_~35             ; out0             ;
; |top|test02:comb_5|lpm_mux:Mux3|mux_cqc:auto_generated|_~40             ; |top|test02:comb_5|lpm_mux:Mux3|mux_cqc:auto_generated|_~40             ; out0             ;
; |top|test02:comb_5|lpm_mux:Mux2|mux_cqc:auto_generated|_~0              ; |top|test02:comb_5|lpm_mux:Mux2|mux_cqc:auto_generated|_~0              ; out0             ;
; |top|test02:comb_5|lpm_mux:Mux2|mux_cqc:auto_generated|_~9              ; |top|test02:comb_5|lpm_mux:Mux2|mux_cqc:auto_generated|_~9              ; out0             ;
; |top|test02:comb_5|lpm_mux:Mux2|mux_cqc:auto_generated|_~18             ; |top|test02:comb_5|lpm_mux:Mux2|mux_cqc:auto_generated|_~18             ; out0             ;
; |top|test02:comb_5|lpm_mux:Mux2|mux_cqc:auto_generated|_~22             ; |top|test02:comb_5|lpm_mux:Mux2|mux_cqc:auto_generated|_~22             ; out0             ;
; |top|test02:comb_5|lpm_mux:Mux2|mux_cqc:auto_generated|_~24             ; |top|test02:comb_5|lpm_mux:Mux2|mux_cqc:auto_generated|_~24             ; out0             ;
; |top|test02:comb_5|lpm_mux:Mux2|mux_cqc:auto_generated|_~26             ; |top|test02:comb_5|lpm_mux:Mux2|mux_cqc:auto_generated|_~26             ; out0             ;
; |top|test02:comb_5|lpm_mux:Mux2|mux_cqc:auto_generated|_~31             ; |top|test02:comb_5|lpm_mux:Mux2|mux_cqc:auto_generated|_~31             ; out0             ;
; |top|test02:comb_5|lpm_mux:Mux2|mux_cqc:auto_generated|_~33             ; |top|test02:comb_5|lpm_mux:Mux2|mux_cqc:auto_generated|_~33             ; out0             ;
; |top|test02:comb_5|lpm_mux:Mux2|mux_cqc:auto_generated|_~35             ; |top|test02:comb_5|lpm_mux:Mux2|mux_cqc:auto_generated|_~35             ; out0             ;
; |top|test02:comb_5|lpm_mux:Mux2|mux_cqc:auto_generated|_~41             ; |top|test02:comb_5|lpm_mux:Mux2|mux_cqc:auto_generated|_~41             ; out0             ;
; |top|test02:comb_5|lpm_mux:Mux2|mux_cqc:auto_generated|_~42             ; |top|test02:comb_5|lpm_mux:Mux2|mux_cqc:auto_generated|_~42             ; out0             ;
; |top|test02:comb_5|lpm_mux:Mux2|mux_cqc:auto_generated|result_node[0]~1 ; |top|test02:comb_5|lpm_mux:Mux2|mux_cqc:auto_generated|result_node[0]~1 ; out0             ;
; |top|test02:comb_5|lpm_mux:Mux1|mux_cqc:auto_generated|_~0              ; |top|test02:comb_5|lpm_mux:Mux1|mux_cqc:auto_generated|_~0              ; out0             ;
; |top|test02:comb_5|lpm_mux:Mux1|mux_cqc:auto_generated|_~9              ; |top|test02:comb_5|lpm_mux:Mux1|mux_cqc:auto_generated|_~9              ; out0             ;
; |top|test02:comb_5|lpm_mux:Mux1|mux_cqc:auto_generated|_~22             ; |top|test02:comb_5|lpm_mux:Mux1|mux_cqc:auto_generated|_~22             ; out0             ;
; |top|test02:comb_5|lpm_mux:Mux1|mux_cqc:auto_generated|_~24             ; |top|test02:comb_5|lpm_mux:Mux1|mux_cqc:auto_generated|_~24             ; out0             ;
; |top|test02:comb_5|lpm_mux:Mux1|mux_cqc:auto_generated|_~26             ; |top|test02:comb_5|lpm_mux:Mux1|mux_cqc:auto_generated|_~26             ; out0             ;
; |top|test02:comb_5|lpm_mux:Mux1|mux_cqc:auto_generated|_~31             ; |top|test02:comb_5|lpm_mux:Mux1|mux_cqc:auto_generated|_~31             ; out0             ;
; |top|test02:comb_5|lpm_mux:Mux1|mux_cqc:auto_generated|_~33             ; |top|test02:comb_5|lpm_mux:Mux1|mux_cqc:auto_generated|_~33             ; out0             ;
; |top|test02:comb_5|lpm_mux:Mux1|mux_cqc:auto_generated|_~35             ; |top|test02:comb_5|lpm_mux:Mux1|mux_cqc:auto_generated|_~35             ; out0             ;
; |top|test02:comb_5|lpm_mux:Mux1|mux_cqc:auto_generated|_~41             ; |top|test02:comb_5|lpm_mux:Mux1|mux_cqc:auto_generated|_~41             ; out0             ;
; |top|test02:comb_5|lpm_mux:Mux1|mux_cqc:auto_generated|_~42             ; |top|test02:comb_5|lpm_mux:Mux1|mux_cqc:auto_generated|_~42             ; out0             ;
; |top|test02:comb_5|lpm_mux:Mux1|mux_cqc:auto_generated|result_node[0]~1 ; |top|test02:comb_5|lpm_mux:Mux1|mux_cqc:auto_generated|result_node[0]~1 ; out0             ;
; |top|test02:comb_5|lpm_mux:Mux0|mux_cqc:auto_generated|_~0              ; |top|test02:comb_5|lpm_mux:Mux0|mux_cqc:auto_generated|_~0              ; out0             ;
; |top|test02:comb_5|lpm_mux:Mux0|mux_cqc:auto_generated|_~2              ; |top|test02:comb_5|lpm_mux:Mux0|mux_cqc:auto_generated|_~2              ; out0             ;
; |top|test02:comb_5|lpm_mux:Mux0|mux_cqc:auto_generated|_~4              ; |top|test02:comb_5|lpm_mux:Mux0|mux_cqc:auto_generated|_~4              ; out0             ;
; |top|test02:comb_5|lpm_mux:Mux0|mux_cqc:auto_generated|_~9              ; |top|test02:comb_5|lpm_mux:Mux0|mux_cqc:auto_generated|_~9              ; out0             ;
; |top|test02:comb_5|lpm_mux:Mux0|mux_cqc:auto_generated|_~11             ; |top|test02:comb_5|lpm_mux:Mux0|mux_cqc:auto_generated|_~11             ; out0             ;
; |top|test02:comb_5|lpm_mux:Mux0|mux_cqc:auto_generated|_~13             ; |top|test02:comb_5|lpm_mux:Mux0|mux_cqc:auto_generated|_~13             ; out0             ;
; |top|test02:comb_5|lpm_mux:Mux0|mux_cqc:auto_generated|_~19             ; |top|test02:comb_5|lpm_mux:Mux0|mux_cqc:auto_generated|_~19             ; out0             ;
; |top|test02:comb_5|lpm_mux:Mux0|mux_cqc:auto_generated|_~20             ; |top|test02:comb_5|lpm_mux:Mux0|mux_cqc:auto_generated|_~20             ; out0             ;
; |top|test02:comb_5|lpm_mux:Mux0|mux_cqc:auto_generated|result_node[0]~0 ; |top|test02:comb_5|lpm_mux:Mux0|mux_cqc:auto_generated|result_node[0]~0 ; out0             ;
; |top|test02:comb_5|lpm_mux:Mux0|mux_cqc:auto_generated|_~22             ; |top|test02:comb_5|lpm_mux:Mux0|mux_cqc:auto_generated|_~22             ; out0             ;
; |top|test02:comb_5|lpm_mux:Mux0|mux_cqc:auto_generated|_~24             ; |top|test02:comb_5|lpm_mux:Mux0|mux_cqc:auto_generated|_~24             ; out0             ;
; |top|test02:comb_5|lpm_mux:Mux0|mux_cqc:auto_generated|_~26             ; |top|test02:comb_5|lpm_mux:Mux0|mux_cqc:auto_generated|_~26             ; out0             ;
; |top|test02:comb_5|lpm_mux:Mux0|mux_cqc:auto_generated|_~31             ; |top|test02:comb_5|lpm_mux:Mux0|mux_cqc:auto_generated|_~31             ; out0             ;
; |top|test02:comb_5|lpm_mux:Mux0|mux_cqc:auto_generated|_~33             ; |top|test02:comb_5|lpm_mux:Mux0|mux_cqc:auto_generated|_~33             ; out0             ;
; |top|test02:comb_5|lpm_mux:Mux0|mux_cqc:auto_generated|_~35             ; |top|test02:comb_5|lpm_mux:Mux0|mux_cqc:auto_generated|_~35             ; out0             ;
; |top|test02:comb_5|lpm_mux:Mux0|mux_cqc:auto_generated|_~41             ; |top|test02:comb_5|lpm_mux:Mux0|mux_cqc:auto_generated|_~41             ; out0             ;
; |top|test02:comb_5|lpm_mux:Mux0|mux_cqc:auto_generated|_~42             ; |top|test02:comb_5|lpm_mux:Mux0|mux_cqc:auto_generated|_~42             ; out0             ;
; |top|test02:comb_5|lpm_mux:Mux0|mux_cqc:auto_generated|result_node[0]~1 ; |top|test02:comb_5|lpm_mux:Mux0|mux_cqc:auto_generated|result_node[0]~1 ; out0             ;
; |top|test02:comb_5|lpm_mux:Mux0|mux_cqc:auto_generated|result_node[0]   ; |top|test02:comb_5|lpm_mux:Mux0|mux_cqc:auto_generated|result_node[0]   ; out0             ;
+-------------------------------------------------------------------------+-------------------------------------------------------------------------+------------------+


+---------------------+
; Simulator INI Usage ;
+--------+------------+
; Option ; Usage      ;
+--------+------------+


+--------------------+
; Simulator Messages ;
+--------------------+
Info: *******************************************************************
Info: Running Quartus II 64-Bit Simulator
    Info: Version 13.0.1 Build 232 06/12/2013 Service Pack 1 SJ Web Edition
    Info: Processing started: Thu Dec 29 19:56:53 2022
Info: Command: quartus_sim --simulation_results_format=VWF top -c top
Info (324025): Using vector source file "C:/altera/Experiment5/exp5_project1/top/top.vwf"
Info (310003): Option to preserve fewer signal transitions to reduce memory requirements is enabled
    Info (310004): Simulation has been partitioned into sub-simulations according to the maximum transition count determined by the engine. Transitions from memory will be flushed out to disk at the end of each sub-simulation to reduce memory requirements.
Info (310002): Simulation partitioned into 1 sub-simulations
Info (328053): Simulation coverage is      70.50 %
Info (328052): Number of transitions in simulation is 4038
Info (324045): Vector file top.sim.vwf is saved in VWF text format. You can compress it into CVWF format in order to reduce file size. For more details please refer to the Quartus II Help.
Info: Quartus II 64-Bit Simulator was successful. 0 errors, 0 warnings
    Info: Peak virtual memory: 4444 megabytes
    Info: Processing ended: Thu Dec 29 19:56:54 2022
    Info: Elapsed time: 00:00:01
    Info: Total CPU time (on all processors): 00:00:01


