Flow report for frequency_divider
Sun Nov 06 21:14:42 2022
Quartus II 64-Bit Version 13.0.1 Build 232 06/12/2013 Service Pack 1 SJ Web Edition


---------------------
; Table of Contents ;
---------------------
  1. Legal Notice
  2. Flow Summary
  3. Flow Settings
  4. Flow Non-Default Global Settings
  5. Flow Elapsed Time
  6. Flow OS Summary
  7. Flow Log
  8. Flow Messages
  9. Flow Suppressed Messages



----------------
; Legal Notice ;
----------------
Copyright (C) 1991-2013 Altera Corporation
Your use of Altera Corporation's design tools, logic functions 
and other software and tools, and its AMPP partner logic 
functions, and any output files from any of the foregoing 
(including device programming or simulation files), and any 
associated documentation or information are expressly subject 
to the terms and conditions of the Altera Program License 
Subscription Agreement, Altera MegaCore Function License 
Agreement, or other applicable license agreement, including, 
without limitation, that your use is for the sole purpose of 
programming logic devices manufactured by Altera and sold by 
Altera or its authorized distributors.  Please refer to the 
applicable agreement for further details.



+--------------------------------------------------------------------------------------+
; Flow Summary                                                                         ;
+------------------------------------+-------------------------------------------------+
; Flow Status                        ; Successful - Sun Nov 06 21:14:42 2022           ;
; Quartus II 64-Bit Version          ; 13.0.1 Build 232 06/12/2013 SP 1 SJ Web Edition ;
; Revision Name                      ; frequency_divider                               ;
; Top-level Entity Name              ; frequency_divider                               ;
; Family                             ; Cyclone III                                     ;
; Device                             ; EP3C55F484C8                                    ;
; Timing Models                      ; Final                                           ;
; Total logic elements               ; 97 / 55,856 ( < 1 % )                           ;
;     Total combinational functions  ; 89 / 55,856 ( < 1 % )                           ;
;     Dedicated logic registers      ; 66 / 55,856 ( < 1 % )                           ;
; Total registers                    ; 66                                              ;
; Total pins                         ; 6 / 328 ( 2 % )                                 ;
; Total virtual pins                 ; 0                                               ;
; Total memory bits                  ; 0 / 2,396,160 ( 0 % )                           ;
; Embedded Multiplier 9-bit elements ; 0 / 312 ( 0 % )                                 ;
; Total PLLs                         ; 0 / 4 ( 0 % )                                   ;
+------------------------------------+-------------------------------------------------+


+-----------------------------------------+
; Flow Settings                           ;
+-------------------+---------------------+
; Option            ; Setting             ;
+-------------------+---------------------+
; Start date & time ; 11/06/2022 21:14:24 ;
; Main task         ; Compilation         ;
; Revision Name     ; frequency_divider   ;
+-------------------+---------------------+


+----------------------------------------------------------------------------------------------------------------------+
; Flow Non-Default Global Settings                                                                                     ;
+-------------------------------------+---------------------------------+---------------+-------------+----------------+
; Assignment Name                     ; Value                           ; Default Value ; Entity Name ; Section Id     ;
+-------------------------------------+---------------------------------+---------------+-------------+----------------+
; COMPILER_SIGNATURE_ID               ; 136411544849124.166774046411944 ; --            ; --          ; --             ;
; EDA_OUTPUT_DATA_FORMAT              ; Verilog Hdl                     ; --            ; --          ; eda_simulation ;
; EDA_SIMULATION_TOOL                 ; ModelSim-Altera (Verilog)       ; <None>        ; --          ; --             ;
; EDA_TIME_SCALE                      ; 1 ps                            ; --            ; --          ; eda_simulation ;
; MAX_CORE_JUNCTION_TEMP              ; 85                              ; --            ; --          ; --             ;
; MIN_CORE_JUNCTION_TEMP              ; 0                               ; --            ; --          ; --             ;
; NOMINAL_CORE_SUPPLY_VOLTAGE         ; 1.2V                            ; --            ; --          ; --             ;
; PARTITION_COLOR                     ; 16764057                        ; --            ; --          ; Top            ;
; PARTITION_FITTER_PRESERVATION_LEVEL ; PLACEMENT_AND_ROUTING           ; --            ; --          ; Top            ;
; PARTITION_NETLIST_TYPE              ; SOURCE                          ; --            ; --          ; Top            ;
; PROJECT_OUTPUT_DIRECTORY            ; output_files                    ; --            ; --          ; --             ;
+-------------------------------------+---------------------------------+---------------+-------------+----------------+


+-------------------------------------------------------------------------------------------------------------------------------+
; Flow Elapsed Time                                                                                                             ;
+---------------------------+--------------+-------------------------+---------------------+------------------------------------+
; Module Name               ; Elapsed Time ; Average Processors Used ; Peak Virtual Memory ; Total CPU Time (on all processors) ;
+---------------------------+--------------+-------------------------+---------------------+------------------------------------+
; Analysis & Synthesis      ; 00:00:02     ; 1.0                     ; 4575 MB             ; 00:00:02                           ;
; Fitter                    ; 00:00:08     ; 1.0                     ; 4959 MB             ; 00:00:08                           ;
; Assembler                 ; 00:00:03     ; 1.0                     ; 4549 MB             ; 00:00:02                           ;
; TimeQuest Timing Analyzer ; 00:00:03     ; 1.0                     ; 4614 MB             ; 00:00:02                           ;
; EDA Netlist Writer        ; 00:00:00     ; 1.0                     ; 4517 MB             ; 00:00:01                           ;
; Total                     ; 00:00:16     ; --                      ; --                  ; 00:00:15                           ;
+---------------------------+--------------+-------------------------+---------------------+------------------------------------+


+----------------------------------------------------------------------------------------+
; Flow OS Summary                                                                        ;
+---------------------------+------------------+-----------+------------+----------------+
; Module Name               ; Machine Hostname ; OS Name   ; OS Version ; Processor type ;
+---------------------------+------------------+-----------+------------+----------------+
; Analysis & Synthesis      ; LAPTOP-5EFP5NV3  ; Windows 7 ; 6.2        ; x86_64         ;
; Fitter                    ; LAPTOP-5EFP5NV3  ; Windows 7 ; 6.2        ; x86_64         ;
; Assembler                 ; LAPTOP-5EFP5NV3  ; Windows 7 ; 6.2        ; x86_64         ;
; TimeQuest Timing Analyzer ; LAPTOP-5EFP5NV3  ; Windows 7 ; 6.2        ; x86_64         ;
; EDA Netlist Writer        ; LAPTOP-5EFP5NV3  ; Windows 7 ; 6.2        ; x86_64         ;
+---------------------------+------------------+-----------+------------+----------------+


------------
; Flow Log ;
------------
quartus_map --read_settings_files=on --write_settings_files=off frequency_divider -c frequency_divider
quartus_fit --read_settings_files=off --write_settings_files=off frequency_divider -c frequency_divider
quartus_asm --read_settings_files=off --write_settings_files=off frequency_divider -c frequency_divider
quartus_sta frequency_divider -c frequency_divider
quartus_eda --read_settings_files=off --write_settings_files=off frequency_divider -c frequency_divider



