Simulator report for top
Tue Feb 28 22:10:11 2023
Quartus II 64-Bit Version 13.0.1 Build 232 06/12/2013 Service Pack 1 SJ Web Edition


---------------------
; Table of Contents ;
---------------------
  1. Legal Notice
  2. Simulator Summary
  3. Simulator Settings
  4. Simulation Waveforms
  5. Coverage Summary
  6. Complete 1/0-Value Coverage
  7. Missing 1-Value Coverage
  8. Missing 0-Value Coverage
  9. Simulator INI Usage
 10. Simulator Messages



----------------
; Legal Notice ;
----------------
Copyright (C) 1991-2013 Altera Corporation
Your use of Altera Corporation's design tools, logic functions 
and other software and tools, and its AMPP partner logic 
functions, and any output files from any of the foregoing 
(including device programming or simulation files), and any 
associated documentation or information are expressly subject 
to the terms and conditions of the Altera Program License 
Subscription Agreement, Altera MegaCore Function License 
Agreement, or other applicable license agreement, including, 
without limitation, that your use is for the sole purpose of 
programming logic devices manufactured by Altera and sold by 
Altera or its authorized distributors.  Please refer to the 
applicable agreement for further details.



+-------------------+
; Simulator Summary ;
+------+------------+
; Type ; Value      ;
+------+------------+


+--------------------------------------------------------------------------------------------------------------------------------------------------------------------------------------+
; Simulator Settings                                                                                                                                                                   ;
+--------------------------------------------------------------------------------------------+-------------------------------------------------------------------------+---------------+
; Option                                                                                     ; Setting                                                                 ; Default Value ;
+--------------------------------------------------------------------------------------------+-------------------------------------------------------------------------+---------------+
; Simulation mode                                                                            ; Functional                                                              ; Timing        ;
; Start time                                                                                 ; 0 ns                                                                    ; 0 ns          ;
; Simulation results format                                                                  ; VWF                                                                     ;               ;
; Vector input source                                                                        ; C:/altera/8/Experiment7(new)/Experiment77/Experiment7/top/Waveform7.vwf ;               ;
; Add pins automatically to simulation output waveforms                                      ; On                                                                      ; On            ;
; Check outputs                                                                              ; Off                                                                     ; Off           ;
; Report simulation coverage                                                                 ; On                                                                      ; On            ;
; Display complete 1/0 value coverage report                                                 ; On                                                                      ; On            ;
; Display missing 1-value coverage report                                                    ; On                                                                      ; On            ;
; Display missing 0-value coverage report                                                    ; On                                                                      ; On            ;
; Detect setup and hold time violations                                                      ; Off                                                                     ; Off           ;
; Detect glitches                                                                            ; Off                                                                     ; Off           ;
; Disable timing delays in Timing Simulation                                                 ; Off                                                                     ; Off           ;
; Generate Signal Activity File                                                              ; Off                                                                     ; Off           ;
; Generate VCD File for PowerPlay Power Analyzer                                             ; Off                                                                     ; Off           ;
; Group bus channels in simulation results                                                   ; Off                                                                     ; Off           ;
; Preserve fewer signal transitions to reduce memory requirements                            ; On                                                                      ; On            ;
; Trigger vector comparison with the specified mode                                          ; INPUT_EDGE                                                              ; INPUT_EDGE    ;
; Disable setup and hold time violations detection in input registers of bi-directional pins ; Off                                                                     ; Off           ;
; Overwrite Waveform Inputs With Simulation Outputs                                          ; Off                                                                     ;               ;
; Perform Glitch Filtering in Timing Simulation                                              ; Auto                                                                    ; Auto          ;
; Interconnect Delay Model Type                                                              ; Transport                                                               ; Transport     ;
; Cell Delay Model Type                                                                      ; Transport                                                               ; Transport     ;
+--------------------------------------------------------------------------------------------+-------------------------------------------------------------------------+---------------+


+----------------------+
; Simulation Waveforms ;
+----------------------+
Waveform report data cannot be output to ASCII.
Please use Quartus II 64-Bit to view the waveform report data.


+------------------+
; Coverage Summary ;
+------+-----------+
; Type ; Value     ;
+------+-----------+


The following table displays output ports that toggle between 1 and 0 during simulation.
+-------------------------------------------------+
; Complete 1/0-Value Coverage                     ;
+-----------+------------------+------------------+
; Node Name ; Output Port Name ; Output Port Type ;
+-----------+------------------+------------------+


The following table displays output ports that do not toggle to 1 during simulation.
+-------------------------------------------------+
; Missing 1-Value Coverage                        ;
+-----------+------------------+------------------+
; Node Name ; Output Port Name ; Output Port Type ;
+-----------+------------------+------------------+


The following table displays output ports that do not toggle to 0 during simulation.
+-------------------------------------------------+
; Missing 0-Value Coverage                        ;
+-----------+------------------+------------------+
; Node Name ; Output Port Name ; Output Port Type ;
+-----------+------------------+------------------+


+---------------------+
; Simulator INI Usage ;
+--------+------------+
; Option ; Usage      ;
+--------+------------+


+--------------------+
; Simulator Messages ;
+--------------------+
Info: *******************************************************************
Info: Running Quartus II 64-Bit Simulator
    Info: Version 13.0.1 Build 232 06/12/2013 Service Pack 1 SJ Web Edition
    Info: Processing started: Tue Feb 28 22:10:11 2023
Info: Command: quartus_sim --simulation_results_format=VWF top -c top
Info (324025): Using vector source file "C:/altera/8/Experiment7(new)/Experiment77/Experiment7/top/Waveform7.vwf"
Warning (328016): Wrong node type and/or width for node "|top|condition" in vector source file. Node in design is of type Bus and of width 32, but node in vector source file is of type 9-Level and of width 1.
Error (328001): Can't simulate mismatched node types
Error: Quartus II 64-Bit Simulator was unsuccessful. 1 error, 1 warning
    Error: Peak virtual memory: 4451 megabytes
    Error: Processing ended: Tue Feb 28 22:10:11 2023
    Error: Elapsed time: 00:00:00
    Error: Total CPU time (on all processors): 00:00:01


